#
# A fatal error has been detected by the Java Runtime Environment:
#
#  SIGBUS (0xa) at pc=0x000000010e8054f0, pid=3800, tid=30223
#
# JRE version: OpenJDK Runtime Environment (17.0.1+12) (build 17.0.1+12-39)
# Java VM: OpenJDK 64-Bit Server VM (17.0.1+12-39, mixed mode, sharing, tiered, compressed oops, compressed class ptrs, g1 gc, bsd-aarch64)
# Problematic frame:
# v  ~StubRoutines::SafeFetchN
#
# No core dump will be written. Core dumps have been disabled. To enable core dumping, try "ulimit -c unlimited" before starting Java again
#
# If you would like to submit a bug report, please visit:
#   https://bugreport.java.com/bugreport/crash.jsp
# The crash happened outside the Java Virtual Machine in native code.
# See problematic frame for where to report the bug.
#

---------------  S U M M A R Y ------------

Command Line: -javaagent:/Applications/IntelliJ IDEA CE.app/Contents/lib/idea_rt.jar=51468:/Applications/IntelliJ IDEA CE.app/Contents/bin -Dfile.encoding=UTF-8 --module-path=/Users/bartoszklimek/.m2/repository/org/openjfx/javafx-base/17.0.1/javafx-base-17.0.1-mac-aarch64.jar:/Users/bartoszklimek/Desktop/Portfolio/Dictionary/target/classes:/Users/bartoszklimek/.m2/repository/org/openjfx/javafx-fxml/17.0.1/javafx-fxml-17.0.1-mac-aarch64.jar:/Users/bartoszklimek/.m2/repository/org/openjfx/javafx-controls/17.0.1/javafx-controls-17.0.1-mac-aarch64.jar:/Users/bartoszklimek/.m2/repository/org/openjfx/javafx-graphics/17.0.1/javafx-graphics-17.0.1-mac-aarch64.jar -Djdk.module.main=com.example.dictionary com.example.dictionary/com.example.dictionary.HelloApplication

Host: "MacBookPro17,1" arm64 1 MHz, 8 cores, 8G, Darwin 21.2.0, macOS 12.1 (21C52)
Time: Mon Jan 24 15:39:53 2022 CET elapsed time: 23.369556 seconds (0d 0h 0m 23s)

---------------  T H R E A D  ---------------

Current thread (0x000000013e104e00):  JavaThread "InvokeLaterDispatcher" daemon [_thread_in_native, id=30223, stack(0x000000016da48000,0x000000016dc4b000)]

Stack: [0x000000016da48000,0x000000016dc4b000],  sp=0x000000016dc4a7a0,  free space=2057k
Native frames: (J=compiled Java code, j=interpreted, Vv=VM code, C=native code)
v  ~StubRoutines::SafeFetchN
V  [libjvm.dylib+0x7a068c]  _ZN10OopStorage7releaseEPKP7oopDesc+0x20
V  [libjvm.dylib+0x4b98c4]  jni_DeleteGlobalRef+0xd8
C  [libglass.dylib+0xab08]  -[GlassRunnable dealloc]+0x34
C  [Foundation+0x84c7c]  -[_NSThreadPerformInfo dealloc]+0x30
C  [Foundation+0x51578]  -[NSObject(NSThreadPerformAdditions) performSelectorOnMainThread:withObject:waitUntilDone:]+0x88
C  0x016d0001163851cc
J 2459 c1 com.sun.glass.ui.mac.MacApplication.submitForLaterInvocation(Ljava/lang/Runnable;)V javafx.graphics (6 bytes) @ 0x000000010f248ed8 [0x000000010f248e40+0x0000000000000098]
C  0x0000000787500ac8

Java frames: (J=compiled Java code, j=interpreted, Vv=VM code)
J 2468  com.sun.glass.ui.mac.MacApplication._submitForLaterInvocation(Ljava/lang/Runnable;)V javafx.graphics (0 bytes) @ 0x00000001163851cc [0x0000000116385140+0x000000000000008c]
J 2459 c1 com.sun.glass.ui.mac.MacApplication.submitForLaterInvocation(Ljava/lang/Runnable;)V javafx.graphics (6 bytes) @ 0x000000010f248ed8 [0x000000010f248e40+0x0000000000000098]
j  com.sun.glass.ui.InvokeLaterDispatcher.run()V+82 javafx.graphics
v  ~StubRoutines::call_stub

siginfo: si_signo: 10 (SIGBUS), si_code: 1 (BUS_ADRALN), si_addr: 0x000000010e8054f0

Register to memory mapping:

 x0=0x000000013e90cc88 is a global jni handle
 x1=0x0 is NULL
 x2=0x0000000786789d88 is an oop: com.sun.glass.ui.InvokeLaterDispatcher$Future 
{0x0000000786789d88} - klass: 'com/sun/glass/ui/InvokeLaterDispatcher$Future'
 - ---- fields (total size 3 words):
 - private 'done' 'Z' @12  true
 - private final 'runnable' 'Ljava/lang/Runnable;' @16  a 'com/sun/javafx/application/PlatformImpl$$Lambda$92+0x0000000800c85d50'{0x0000000786260070} (f0c4c00e)
 - final synthetic 'this$0' 'Lcom/sun/glass/ui/InvokeLaterDispatcher;' @20  a 'com/sun/glass/ui/InvokeLaterDispatcher'{0x0000000787500ac8} (f0ea0159)
 x3=0x0 is NULL
 x4=0x00000000000130a8 is an unknown value
 x5=0x0 is NULL
 x6=0x0 is NULL
 x7=0x0 is NULL
 x8=0x000000010e8054ec is at begin+0 in a stub
StubRoutines::SafeFetchN [0x000000010e8054ec, 0x000000010e8054f8] (12 bytes)
 x9=0x0 is NULL
x10=0x2010000030300000 is an unknown value
x11=0x0000000000000007 is an unknown value
x12=0x0 is NULL
x13=0x0000600002cafb70 points into unknown readable memory: 0x0000000000000000 | 00 00 00 00 00 00 00 00
x14=0x0000000000000001 is an unknown value
x15=0x0000000123da9f98: OBJC_CLASS_$_GlassRunnable+0 in /Users/bartoszklimek/.openjfx/cache/17.0.1/libglass.dylib at 0x0000000123d64000
x16=0x00000001b99e0094: pthread_getspecific+0 in /usr/lib/system/libsystem_pthread.dylib at 0x00000001b99de000
x17=0x0000600002690600 points into unknown readable memory: 0xfffffffffffffffe | fe ff ff ff ff ff ff ff
x18=0x0 is NULL
x19=0x00006000029842a0 points into unknown readable memory: 0x0000600000098150 | 50 81 09 00 00 60 00 00
x20=0x000000013e90ca80 points into unknown readable memory: 0x00000002137505e8 | e8 05 75 13 02 00 00 00
x21=0x000000013e90cc88 is a global jni handle
x22=0x000000013e104e00 is a thread
x23=0x0000000000000001 is an unknown value
x24=0x000000013e90cc40 is a global jni handle
x25=0x0000000106d215d8: _ZN12StubRoutines17_safefetchN_entryE+0 in /Users/bartoszklimek/Library/Java/JavaVirtualMachines/openjdk-17.0.1/Contents/Home/lib/server/libjvm.dylib at 0x0000000106178000
x26=0x0000000124d1a948 is pointing into metadata
x27=0x0 is NULL
x28=0x000000013e104e00 is a thread


Registers:
 x0=0x000000013e90cc88  x1=0x0000000000000000  x2=0x0000000786789d88  x3=0x0000000000000000
 x4=0x00000000000130a8  x5=0x0000000000000000  x6=0x0000000000000000  x7=0x0000000000000000
 x8=0x000000010e8054ec  x9=0x0000000000000000 x10=0x2010000030300000 x11=0x0000000000000007
x12=0x0000000000000000 x13=0x0000600002cafb70 x14=0x0000000000000001 x15=0x0000000123da9f98
x16=0x00000001b99e0094 x17=0x0000600002690600 x18=0x0000000000000000 x19=0x00006000029842a0
x20=0x000000013e90ca80 x21=0x000000013e90cc88 x22=0x000000013e104e00 x23=0x0000000000000001
x24=0x000000013e90cc40 x25=0x0000000106d215d8 x26=0x0000000124d1a948 x27=0x0000000000000000
x28=0x000000013e104e00  fp=0x000000016dc4a7e0  lr=0x000000010691745c  sp=0x000000016dc4a7a0
pc=0x000000010e8054f0 cpsr=0x0000000060001000
Top of Stack: (sp=0x000000016dc4a7a0)
0x000000016dc4a7a0:   0000000124d1a948 0000000000000001
0x000000016dc4a7b0:   0000000800c2b0a0 0000000000000000
0x000000016dc4a7c0:   000000013e1044a8 000000013e90cc78
0x000000016dc4a7d0:   000000013e90cc78 00006000029842a0
0x000000016dc4a7e0:   000000016dc4a820 000000010691868c
0x000000016dc4a7f0:   0000000000000001 000000013e90cc78
0x000000016dc4a800:   000000013e1044a8 000000013e90cc78
0x000000016dc4a810:   0000000000000001 000000013e104200
0x000000016dc4a820:   000000016dc4a860 00000001066318c4
0x000000016dc4a830:   0000000800c2b0a0 0000600000094ac0
0x000000016dc4a840:   0000600000094a80 0000000203f10474
0x000000016dc4a850:   0000000000000000 0000600000094a80
0x000000016dc4a860:   000000016dc4a890 0000000123d6eb08
0x000000016dc4a870:   18095dcc29ff00a9 0000000000000000
0x000000016dc4a880:   0000000000000000 00006000017564c0
0x000000016dc4a890:   000000016dc4a8d0 00000001ba9a4c7c
0x000000016dc4a8a0:   0000000800c2b0a0 0000600000094ac0
0x000000016dc4a8b0:   0000600000094a80 18095dcc29ff00a9
0x000000016dc4a8c0:   0000000000000000 0000000000000000
0x000000016dc4a8d0:   000000016dc4a910 5c360001ba971578
0x000000016dc4a8e0:   0000000800c2b0a0 000000010e80c7c0
0x000000016dc4a8f0:   0000000124d1a382 0000000106d28f90
0x000000016dc4a900:   000000016dc4a9f0 00000000000000b9
0x000000016dc4a910:   000000016dc4a970 016d0001163851cc
0x000000016dc4a920:   000000078753fe18 0000000786789d88
0x000000016dc4a930:   000000016dc4aa98 00000001b99ec530
0x000000016dc4a940:   000000013e104e00 0000000106d05db0
0x000000016dc4a950:   000000016dc4aa00 0000000000000001
0x000000016dc4a960:   000000016dc4a9a0 00000007874bf7d0
0x000000016dc4a970:   000000016dc4aa60 000000010f248ed8
0x000000016dc4a980:   0000000786789d88 0000000786260070
0x000000016dc4a990:   000000016dc4a9f8 00000000000000b6 

Instructions: (pc=0x000000010e8054f0)
0x000000010e8053f0:   f2a0d9c9 f2c00029 6d425935 1e640886
0x000000010e805400:   0c402d31 1e6408c7 1f5654d0 1e6c1017
0x000000010e805410:   1f5050d0 1f504cd0 1f5048d0 1e650af6
0x000000010e805420:   1f50d8f6 1f5694d6 1f5158f6 1e762880
0x000000010e805430:   36000501 1e614000 14000026 2e251ca5
0x000000010e805440:   d29c3009 f2a0d9c9 f2c00029 6d425d36
0x000000010e805450:   1e600806 0c402d32 1f5758c7 1e6c101a
0x000000010e805460:   1f4754c7 1e650805 1f4750c7 d2866668
0x000000010e805470:   f2a7fa68 1f474cc7 1e6608c0 1f4748c7
0x000000010e805480:   1e6e1019 eb08007f 540000ac 1f479400
0x000000010e805490:   1f460340 1e603b20 1400000e d2a7fd29
0x000000010e8054a0:   eb09007f 540000ac 51480069 d3607d29
0x000000010e8054b0:   9e670121 14000002 1e6a5001 1f679417
0x000000010e8054c0:   1f668742 1e613b23 1e773857 1e773860
0x000000010e8054d0:   a8c17ff3 910003bf a8c17bfd d65f03c0
0x000000010e8054e0:   b9400001 aa0103e0 d65f03c0 f9400001
0x000000010e8054f0:   aa0103e0 d65f03c0 00000000 00000000
0x000000010e805500:   00000000 00000000 00000000 00000000
0x000000010e805510:   00000000 00000000 00000000 00000000
0x000000010e805520:   00000000 00000000 00000000 00000000
0x000000010e805530:   00000000 00000000 00000000 00000000
0x000000010e805540:   00000000 00000000 00000000 00000000
0x000000010e805550:   00000000 00000000 00000000 00000000
0x000000010e805560:   00000000 00000000 00000000 00000000
0x000000010e805570:   00000000 00000000 00000000 00000000
0x000000010e805580:   00000000 00000000 00000000 00000000
0x000000010e805590:   00000000 00000000 00000000 00000000
0x000000010e8055a0:   00000000 00000000 00000000 00000000
0x000000010e8055b0:   00000000 00000000 00000000 00000000
0x000000010e8055c0:   00000000 00000000 00000000 00000000
0x000000010e8055d0:   00000000 00000000 00000000 00000000
0x000000010e8055e0:   00000000 00000000 00000000 00000000 


Stack slot to memory mapping:
stack at sp + 0 slots: 0x0000000124d1a948 is pointing into metadata
stack at sp + 1 slots: 0x0000000000000001 is an unknown value
stack at sp + 2 slots: 0x0000000800c2b0a0 is a pointer to class: 
com.sun.glass.ui.mac.MacApplication {0x0000000800c2b0a0}
 - instance size:     5
 - klass size:        136
 - access:            final synchronized 
 - state:             fully_initialized
 - name:              'com/sun/glass/ui/mac/MacApplication'
 - super:             'com/sun/glass/ui/Application'
 - sub:               
 - arrays:            NULL
 - methods:           Array<T>(0x0000000124cef578)
 - method ordering:   Array<T>(0x000000080091a000)
 - default_methods:   Array<T>(0x0000000000000000)
 - local interfaces:  Array<T>(0x0000000124cf5168)
 - trans. interfaces: Array<T>(0x0000000124cf5168)
 - constants:         constant pool [548]/operands[69] {0x0000000124cf4000} for 'com/sun/glass/ui/mac/MacApplication' cache=0x0000000124d182e0
 - class loader data:  loader data: 0x0000600003380460 for instance a 'jdk/internal/loader/ClassLoaders$AppClassLoader'{0x0000000787500eb8}
 - source file:       'MacApplication.java'
 - class annotations:       Array<T>(0x0000000000000000)
 - class type annotations:  Array<T>(0x0000000000000000)
 - field annotations:       Array<T>(0x0000000000000000)
 - field type annotations:  Array<T>(0x0000000000000000)
 - inner classes:     Array<T>(0x0000000124cf7fa0)
 - nest members:     Array<T>(0x0000000124cf2090)
 - permitted subclasses:     Array<T>(0x00000008005c33d8)
 - java mirror:       a 'java/lang/Class'{0x000000078753fda0} = 'com/sun/glass/ui/mac/MacApplication'
 - vtable length      72  (start addr: 0x0000000800c2b270)
 - itable length      5 (start addr: 0x0000000800c2b4b0)
 - ---- static fields (1 words):
 - static final 'BROWSER_PARENT_ID' 'J' @112 
 - ---- non-static fields (7 words):
 - private 'initialActiveEventReceived' 'Z' @12 
 - private 'terminateWhenLastWindowClosed' 'Z' @13 
 - protected 'name' 'Ljava/lang/String;' @16 
 - private 'eventHandler' 'Lcom/sun/glass/ui/Application$EventHandler;' @20 
 - private 'initialOpenedFiles' '[Ljava/lang/String;' @24 
 - private 'isTaskbarApplication' 'Z' @14 
 - private 'firstDidResignActive' 'Z' @15 
 - private final 'invokeLaterDispatcher' 'Lcom/sun/glass/ui/InvokeLaterDispatcher;' @28 
 - private 'appleMenu' 'Lcom/sun/glass/ui/Menu;' @32 
 - private final 'reactivationLatch' 'Ljava/util/concurrent/CountDownLatch;' @36 
 - non-static oop maps: 16-36 
stack at sp + 3 slots: 0x0 is NULL
stack at sp + 4 slots: 0x000000013e1044a8 points into unknown readable memory: 0x0000000106cde728 | 28 e7 cd 06 01 00 00 00
stack at sp + 5 slots: 0x000000013e90cc78 is a global jni handle
stack at sp + 6 slots: 0x000000013e90cc78 is a global jni handle
stack at sp + 7 slots: 0x00006000029842a0 points into unknown readable memory: 0x0000600000098150 | 50 81 09 00 00 60 00 00

StubRoutines::SafeFetchN [0x000000010e8054ec, 0x000000010e8054f8] (12 bytes)
[MachCode]
  0x000000010e8054ec: 0100 40f9 | e003 01aa | c003 5fd6 
[/MachCode]

---------------  P R O C E S S  ---------------

Threads class SMR info:
_java_thread_list=0x000060000025dba0, length=20, elements={
0x000000013e008800, 0x0000000124084a00, 0x0000000124087200, 0x0000000124086000,
0x000000012408b200, 0x0000000124086600, 0x0000000124086c00, 0x000000012408b800,
0x0000000124093e00, 0x000000012407de00, 0x000000013d820600, 0x000000013d81fe00,
0x000000013d815600, 0x000000013e104e00, 0x000000013e104200, 0x0000000124311600,
0x000000013e123800, 0x0000000124317000, 0x000000013e1a4000, 0x000000013d979800
}

Java Threads: ( => current thread )
  0x000000013e008800 JavaThread "main" [_thread_blocked, id=10243, stack(0x000000016b040000,0x000000016b243000)]
  0x0000000124084a00 JavaThread "Reference Handler" daemon [_thread_blocked, id=16131, stack(0x000000016be94000,0x000000016c097000)]
  0x0000000124087200 JavaThread "Finalizer" daemon [_thread_blocked, id=16643, stack(0x000000016c0a0000,0x000000016c2a3000)]
  0x0000000124086000 JavaThread "Signal Dispatcher" daemon [_thread_blocked, id=22787, stack(0x000000016c3c4000,0x000000016c5c7000)]
  0x000000012408b200 JavaThread "Service Thread" daemon [_thread_blocked, id=23043, stack(0x000000016c5d0000,0x000000016c7d3000)]
  0x0000000124086600 JavaThread "Monitor Deflation Thread" daemon [_thread_blocked, id=23555, stack(0x000000016c7dc000,0x000000016c9df000)]
  0x0000000124086c00 JavaThread "C2 CompilerThread0" daemon [_thread_blocked, id=23811, stack(0x000000016c9e8000,0x000000016cbeb000)]
  0x000000012408b800 JavaThread "C1 CompilerThread0" daemon [_thread_blocked, id=41475, stack(0x000000016cbf4000,0x000000016cdf7000)]
  0x0000000124093e00 JavaThread "Sweeper thread" daemon [_thread_blocked, id=40963, stack(0x000000016ce00000,0x000000016d003000)]
  0x000000012407de00 JavaThread "Common-Cleaner" daemon [_thread_blocked, id=24067, stack(0x000000016d00c000,0x000000016d20f000)]
  0x000000013d820600 JavaThread "Monitor Ctrl-Break" daemon [_thread_in_native, id=24579, stack(0x000000016d218000,0x000000016d41b000)]
  0x000000013d81fe00 JavaThread "Notification Thread" daemon [_thread_blocked, id=24835, stack(0x000000016d424000,0x000000016d627000)]
  0x000000013d815600 JavaThread "QuantumRenderer-0" daemon [_thread_blocked, id=25347, stack(0x000000016d83c000,0x000000016da3f000)]
=>0x000000013e104e00 JavaThread "InvokeLaterDispatcher" daemon [_thread_in_native, id=30223, stack(0x000000016da48000,0x000000016dc4b000)]
  0x000000013e104200 JavaThread "JavaFX Application Thread" [_thread_in_native, id=259, stack(0x000000016a7b8000,0x000000016afb4000)]
  0x0000000124311600 JavaThread "PulseTimer-CVDisplayLink thread" daemon [_thread_in_native, id=51211, stack(0x000000016dc54000,0x000000016dcd7000)]
  0x000000013e123800 JavaThread "JavaFX-Launcher" [_thread_blocked, id=53271, stack(0x000000016deec000,0x000000016e0ef000)]
  0x0000000124317000 JavaThread "Prism Font Disposer" daemon [_thread_blocked, id=69143, stack(0x000000016eb34000,0x000000016ed37000)]
  0x000000013e1a4000 JavaThread "Cleaner-0" daemon [_thread_blocked, id=64551, stack(0x000000016edcc000,0x000000016efcf000)]
  0x000000013d979800 JavaThread "Attach Listener" daemon [_thread_blocked, id=88375, stack(0x000000016efd8000,0x000000016f1db000)]

Other Threads:
  0x000000013e909cb0 VMThread "VM Thread" [stack: 0x000000016bc88000,0x000000016be8b000] [id=15619]
  0x000000013d607ea0 WatcherThread [stack: 0x000000016d630000,0x000000016d833000] [id=39939]
  0x000000013d7072f0 GCTaskThread "GC Thread#0" [stack: 0x000000016b24c000,0x000000016b44f000] [id=19715]
  0x000000013e81cda0 GCTaskThread "GC Thread#1" [stack: 0x000000016e0f8000,0x000000016e2fb000] [id=53771]
  0x000000013e81d050 GCTaskThread "GC Thread#2" [stack: 0x000000016e304000,0x000000016e507000] [id=70915]
  0x000000013e81d4d0 GCTaskThread "GC Thread#3" [stack: 0x000000016e510000,0x000000016e713000] [id=70403]
  0x000000013d624d00 GCTaskThread "GC Thread#4" [stack: 0x000000016e71c000,0x000000016e91f000] [id=69891]
  0x000000013e81d950 GCTaskThread "GC Thread#5" [stack: 0x000000016e928000,0x000000016eb2b000] [id=56579]
  0x000000013d7079a0 ConcurrentGCThread "G1 Main Marker" [stack: 0x000000016b458000,0x000000016b65b000] [id=12547]
  0x000000013d708220 ConcurrentGCThread "G1 Conc#0" [stack: 0x000000016b664000,0x000000016b867000] [id=13571]
  0x000000013e9058d0 ConcurrentGCThread "G1 Refine#0" [stack: 0x000000016b870000,0x000000016ba73000] [id=14083]
  0x000000013e906170 ConcurrentGCThread "G1 Service" [stack: 0x000000016ba7c000,0x000000016bc7f000] [id=14595]

Threads with active compile tasks:

VM state: not at safepoint (normal execution)

VM Mutex/Monitor currently owned by a thread: None

Heap address: 0x0000000780000000, size: 2048 MB, Compressed Oops mode: Zero based, Oop shift amount: 3

CDS archive(s) mapped at: [0x0000000800000000-0x0000000800bd4000-0x0000000800bd4000), size 12402688, SharedBaseAddress: 0x0000000800000000, ArchiveRelocationMode: 0.
Compressed class space mapped at: 0x0000000800c00000-0x0000000840c00000, reserved size: 1073741824
Narrow klass base: 0x0000000800000000, Narrow klass shift: 0, Narrow klass range: 0x100000000

GC Precious Log:
 CPUs: 8 total, 8 available
 Memory: 8192M
 Large Page Support: Disabled
 NUMA Support: Disabled
 Compressed Oops: Enabled (Zero based)
 Heap Region Size: 1M
 Heap Min Capacity: 8M
 Heap Initial Capacity: 128M
 Heap Max Capacity: 2G
 Pre-touch: Disabled
 Parallel Workers: 8
 Concurrent Workers: 2
 Concurrent Refinement Workers: 8
 Periodic GC: Disabled

Heap:
 garbage-first heap   total 133120K, used 83028K [0x0000000780000000, 0x0000000800000000)
  region size 1024K, 30 young (30720K), 6 survivors (6144K)
 Metaspace       used 15416K, committed 15680K, reserved 1064960K
  class space    used 2180K, committed 2304K, reserved 1048576K

Heap Regions: E=young(eden), S=young(survivor), O=old, HS=humongous(starts), HC=humongous(continues), CS=collection set, F=free, OA=open archive, CA=closed archive, TAMS=top-at-mark-start (previous, next)
|   0|0x0000000780000000, 0x000000078000d600, 0x0000000780100000|  5%| O|  |TAMS 0x0000000780000000, 0x000000078000d600| Untracked 
|   1|0x0000000780100000, 0x0000000780200000, 0x0000000780200000|100%|HS|  |TAMS 0x0000000780100000, 0x0000000780100000| Complete 
|   2|0x0000000780200000, 0x0000000780300000, 0x0000000780300000|100%|HC|  |TAMS 0x0000000780200000, 0x0000000780200000| Complete 
|   3|0x0000000780300000, 0x0000000780400000, 0x0000000780400000|100%|HC|  |TAMS 0x0000000780300000, 0x0000000780300000| Complete 
|   4|0x0000000780400000, 0x0000000780500000, 0x0000000780500000|100%|HS|  |TAMS 0x0000000780400000, 0x0000000780400000| Complete 
|   5|0x0000000780500000, 0x0000000780600000, 0x0000000780600000|100%|HS|  |TAMS 0x0000000780500000, 0x0000000780600000| Complete 
|   6|0x0000000780600000, 0x0000000780700000, 0x0000000780700000|100%|HC|  |TAMS 0x0000000780600000, 0x0000000780700000| Complete 
|   7|0x0000000780700000, 0x0000000780800000, 0x0000000780800000|100%|HC|  |TAMS 0x0000000780700000, 0x0000000780800000| Complete 
|   8|0x0000000780800000, 0x0000000780900000, 0x0000000780900000|100%|HC|  |TAMS 0x0000000780800000, 0x0000000780900000| Complete 
|   9|0x0000000780900000, 0x0000000780a00000, 0x0000000780a00000|100%|HC|  |TAMS 0x0000000780900000, 0x0000000780a00000| Complete 
|  10|0x0000000780a00000, 0x0000000780b00000, 0x0000000780b00000|100%|HC|  |TAMS 0x0000000780a00000, 0x0000000780b00000| Complete 
|  11|0x0000000780b00000, 0x0000000780c00000, 0x0000000780c00000|100%|HC|  |TAMS 0x0000000780b00000, 0x0000000780c00000| Complete 
|  12|0x0000000780c00000, 0x0000000780d00000, 0x0000000780d00000|100%|HC|  |TAMS 0x0000000780c00000, 0x0000000780d00000| Complete 
|  13|0x0000000780d00000, 0x0000000780e00000, 0x0000000780e00000|100%|HC|  |TAMS 0x0000000780d00000, 0x0000000780e00000| Complete 
|  14|0x0000000780e00000, 0x0000000780f00000, 0x0000000780f00000|100%|HC|  |TAMS 0x0000000780e00000, 0x0000000780f00000| Complete 
|  15|0x0000000780f00000, 0x0000000781000000, 0x0000000781000000|100%|HC|  |TAMS 0x0000000780f00000, 0x0000000781000000| Complete 
|  16|0x0000000781000000, 0x0000000781100000, 0x0000000781100000|100%|HC|  |TAMS 0x0000000781000000, 0x0000000781100000| Complete 
|  17|0x0000000781100000, 0x0000000781100000, 0x0000000781200000|  0%| F|  |TAMS 0x0000000781100000, 0x0000000781100000| Untracked 
|  18|0x0000000781200000, 0x0000000781300000, 0x0000000781300000|100%|HS|  |TAMS 0x0000000781200000, 0x0000000781300000| Complete 
|  19|0x0000000781300000, 0x0000000781400000, 0x0000000781400000|100%|HC|  |TAMS 0x0000000781300000, 0x0000000781400000| Complete 
|  20|0x0000000781400000, 0x0000000781500000, 0x0000000781500000|100%|HC|  |TAMS 0x0000000781400000, 0x0000000781500000| Complete 
|  21|0x0000000781500000, 0x0000000781500000, 0x0000000781600000|  0%| F|  |TAMS 0x0000000781500000, 0x0000000781500000| Untracked 
|  22|0x0000000781600000, 0x0000000781700000, 0x0000000781700000|100%|HS|  |TAMS 0x0000000781600000, 0x0000000781700000| Complete 
|  23|0x0000000781700000, 0x0000000781800000, 0x0000000781800000|100%|HC|  |TAMS 0x0000000781700000, 0x0000000781800000| Complete 
|  24|0x0000000781800000, 0x0000000781900000, 0x0000000781900000|100%|HC|  |TAMS 0x0000000781800000, 0x0000000781900000| Complete 
|  25|0x0000000781900000, 0x0000000781a00000, 0x0000000781a00000|100%|HS|  |TAMS 0x0000000781900000, 0x0000000781a00000| Complete 
|  26|0x0000000781a00000, 0x0000000781b00000, 0x0000000781b00000|100%|HC|  |TAMS 0x0000000781a00000, 0x0000000781b00000| Complete 
|  27|0x0000000781b00000, 0x0000000781c00000, 0x0000000781c00000|100%|HC|  |TAMS 0x0000000781b00000, 0x0000000781c00000| Complete 
|  28|0x0000000781c00000, 0x0000000781d00000, 0x0000000781d00000|100%|HC|  |TAMS 0x0000000781c00000, 0x0000000781d00000| Complete 
|  29|0x0000000781d00000, 0x0000000781e00000, 0x0000000781e00000|100%|HS|  |TAMS 0x0000000781d00000, 0x0000000781e00000| Complete 
|  30|0x0000000781e00000, 0x0000000781f00000, 0x0000000781f00000|100%|HC|  |TAMS 0x0000000781e00000, 0x0000000781f00000| Complete 
|  31|0x0000000781f00000, 0x0000000782000000, 0x0000000782000000|100%|HC|  |TAMS 0x0000000781f00000, 0x0000000782000000| Complete 
|  32|0x0000000782000000, 0x0000000782100000, 0x0000000782100000|100%|HC|  |TAMS 0x0000000782000000, 0x0000000782100000| Complete 
|  33|0x0000000782100000, 0x0000000782200000, 0x0000000782200000|100%|HS|  |TAMS 0x0000000782100000, 0x0000000782200000| Complete 
|  34|0x0000000782200000, 0x0000000782300000, 0x0000000782300000|100%|HC|  |TAMS 0x0000000782200000, 0x0000000782300000| Complete 
|  35|0x0000000782300000, 0x0000000782400000, 0x0000000782400000|100%|HC|  |TAMS 0x0000000782300000, 0x0000000782400000| Complete 
|  36|0x0000000782400000, 0x0000000782500000, 0x0000000782500000|100%|HC|  |TAMS 0x0000000782400000, 0x0000000782500000| Complete 
|  37|0x0000000782500000, 0x0000000782600000, 0x0000000782600000|100%|HS|  |TAMS 0x0000000782500000, 0x0000000782500000| Complete 
|  38|0x0000000782600000, 0x0000000782700000, 0x0000000782700000|100%|HC|  |TAMS 0x0000000782600000, 0x0000000782600000| Complete 
|  39|0x0000000782700000, 0x0000000782700000, 0x0000000782800000|  0%| F|  |TAMS 0x0000000782700000, 0x0000000782700000| Untracked 
|  40|0x0000000782800000, 0x0000000782800000, 0x0000000782900000|  0%| F|  |TAMS 0x0000000782800000, 0x0000000782800000| Untracked 
|  41|0x0000000782900000, 0x0000000782a00000, 0x0000000782a00000|100%|HS|  |TAMS 0x0000000782900000, 0x0000000782a00000| Complete 
|  42|0x0000000782a00000, 0x0000000782b00000, 0x0000000782b00000|100%|HC|  |TAMS 0x0000000782a00000, 0x0000000782b00000| Complete 
|  43|0x0000000782b00000, 0x0000000782c00000, 0x0000000782c00000|100%|HC|  |TAMS 0x0000000782b00000, 0x0000000782c00000| Complete 
|  44|0x0000000782c00000, 0x0000000782d00000, 0x0000000782d00000|100%|HC|  |TAMS 0x0000000782c00000, 0x0000000782d00000| Complete 
|  45|0x0000000782d00000, 0x0000000782e00000, 0x0000000782e00000|100%|HC|  |TAMS 0x0000000782d00000, 0x0000000782e00000| Complete 
|  46|0x0000000782e00000, 0x0000000782f00000, 0x0000000782f00000|100%|HC|  |TAMS 0x0000000782e00000, 0x0000000782f00000| Complete 
|  47|0x0000000782f00000, 0x0000000783000000, 0x0000000783000000|100%|HC|  |TAMS 0x0000000782f00000, 0x0000000783000000| Complete 
|  48|0x0000000783000000, 0x0000000783100000, 0x0000000783100000|100%|HC|  |TAMS 0x0000000783000000, 0x0000000783100000| Complete 
|  49|0x0000000783100000, 0x0000000783200000, 0x0000000783200000|100%|HC|  |TAMS 0x0000000783100000, 0x0000000783200000| Complete 
|  50|0x0000000783200000, 0x0000000783300000, 0x0000000783300000|100%|HC|  |TAMS 0x0000000783200000, 0x0000000783300000| Complete 
|  51|0x0000000783300000, 0x0000000783400000, 0x0000000783400000|100%|HC|  |TAMS 0x0000000783300000, 0x0000000783400000| Complete 
|  52|0x0000000783400000, 0x0000000783500000, 0x0000000783500000|100%|HC|  |TAMS 0x0000000783400000, 0x0000000783500000| Complete 
|  53|0x0000000783500000, 0x0000000783600000, 0x0000000783600000|100%|HS|  |TAMS 0x0000000783500000, 0x0000000783600000| Complete 
|  54|0x0000000783600000, 0x0000000783700000, 0x0000000783700000|100%|HS|  |TAMS 0x0000000783600000, 0x0000000783600000| Complete 
|  55|0x0000000783700000, 0x0000000783800000, 0x0000000783800000|100%|HC|  |TAMS 0x0000000783700000, 0x0000000783700000| Complete 
|  56|0x0000000783800000, 0x0000000783900000, 0x0000000783900000|100%|HC|  |TAMS 0x0000000783800000, 0x0000000783800000| Complete 
|  57|0x0000000783900000, 0x0000000783900000, 0x0000000783a00000|  0%| F|  |TAMS 0x0000000783900000, 0x0000000783900000| Untracked 
|  58|0x0000000783a00000, 0x0000000783a00000, 0x0000000783b00000|  0%| F|  |TAMS 0x0000000783a00000, 0x0000000783a00000| Untracked 
|  59|0x0000000783b00000, 0x0000000783b00000, 0x0000000783c00000|  0%| F|  |TAMS 0x0000000783b00000, 0x0000000783b00000| Untracked 
|  60|0x0000000783c00000, 0x0000000783c00000, 0x0000000783d00000|  0%| F|  |TAMS 0x0000000783c00000, 0x0000000783c00000| Untracked 
|  61|0x0000000783d00000, 0x0000000783d00000, 0x0000000783e00000|  0%| F|  |TAMS 0x0000000783d00000, 0x0000000783d00000| Untracked 
|  62|0x0000000783e00000, 0x0000000783e00000, 0x0000000783f00000|  0%| F|  |TAMS 0x0000000783e00000, 0x0000000783e00000| Untracked 
|  63|0x0000000783f00000, 0x0000000783f00000, 0x0000000784000000|  0%| F|  |TAMS 0x0000000783f00000, 0x0000000783f00000| Untracked 
|  64|0x0000000784000000, 0x0000000784000000, 0x0000000784100000|  0%| F|  |TAMS 0x0000000784000000, 0x0000000784000000| Untracked 
|  65|0x0000000784100000, 0x0000000784100000, 0x0000000784200000|  0%| F|  |TAMS 0x0000000784100000, 0x0000000784100000| Untracked 
|  66|0x0000000784200000, 0x0000000784200000, 0x0000000784300000|  0%| F|  |TAMS 0x0000000784200000, 0x0000000784200000| Untracked 
|  67|0x0000000784300000, 0x0000000784300000, 0x0000000784400000|  0%| F|  |TAMS 0x0000000784300000, 0x0000000784300000| Untracked 
|  68|0x0000000784400000, 0x0000000784400000, 0x0000000784500000|  0%| F|  |TAMS 0x0000000784400000, 0x0000000784400000| Untracked 
|  69|0x0000000784500000, 0x0000000784500000, 0x0000000784600000|  0%| F|  |TAMS 0x0000000784500000, 0x0000000784500000| Untracked 
|  70|0x0000000784600000, 0x0000000784600000, 0x0000000784700000|  0%| F|  |TAMS 0x0000000784600000, 0x0000000784600000| Untracked 
|  71|0x0000000784700000, 0x0000000784700000, 0x0000000784800000|  0%| F|  |TAMS 0x0000000784700000, 0x0000000784700000| Untracked 
|  72|0x0000000784800000, 0x0000000784800000, 0x0000000784900000|  0%| F|  |TAMS 0x0000000784800000, 0x0000000784800000| Untracked 
|  73|0x0000000784900000, 0x0000000784900000, 0x0000000784a00000|  0%| F|  |TAMS 0x0000000784900000, 0x0000000784900000| Untracked 
|  74|0x0000000784a00000, 0x0000000784a00000, 0x0000000784b00000|  0%| F|  |TAMS 0x0000000784a00000, 0x0000000784a00000| Untracked 
|  75|0x0000000784b00000, 0x0000000784b00000, 0x0000000784c00000|  0%| F|  |TAMS 0x0000000784b00000, 0x0000000784b00000| Untracked 
|  76|0x0000000784c00000, 0x0000000784c00000, 0x0000000784d00000|  0%| F|  |TAMS 0x0000000784c00000, 0x0000000784c00000| Untracked 
|  77|0x0000000784d00000, 0x0000000784d00000, 0x0000000784e00000|  0%| F|  |TAMS 0x0000000784d00000, 0x0000000784d00000| Untracked 
|  78|0x0000000784e00000, 0x0000000784e00000, 0x0000000784f00000|  0%| F|  |TAMS 0x0000000784e00000, 0x0000000784e00000| Untracked 
|  79|0x0000000784f00000, 0x0000000784f00000, 0x0000000785000000|  0%| F|  |TAMS 0x0000000784f00000, 0x0000000784f00000| Untracked 
|  80|0x0000000785000000, 0x0000000785000000, 0x0000000785100000|  0%| F|  |TAMS 0x0000000785000000, 0x0000000785000000| Untracked 
|  81|0x0000000785100000, 0x0000000785100000, 0x0000000785200000|  0%| F|  |TAMS 0x0000000785100000, 0x0000000785100000| Untracked 
|  82|0x0000000785200000, 0x0000000785200000, 0x0000000785300000|  0%| F|  |TAMS 0x0000000785200000, 0x0000000785200000| Untracked 
|  83|0x0000000785300000, 0x0000000785300000, 0x0000000785400000|  0%| F|  |TAMS 0x0000000785300000, 0x0000000785300000| Untracked 
|  84|0x0000000785400000, 0x0000000785400000, 0x0000000785500000|  0%| F|  |TAMS 0x0000000785400000, 0x0000000785400000| Untracked 
|  85|0x0000000785500000, 0x0000000785500000, 0x0000000785600000|  0%| F|  |TAMS 0x0000000785500000, 0x0000000785500000| Untracked 
|  86|0x0000000785600000, 0x0000000785600000, 0x0000000785700000|  0%| F|  |TAMS 0x0000000785600000, 0x0000000785600000| Untracked 
|  87|0x0000000785700000, 0x0000000785700000, 0x0000000785800000|  0%| F|  |TAMS 0x0000000785700000, 0x0000000785700000| Untracked 
|  88|0x0000000785800000, 0x0000000785800000, 0x0000000785900000|  0%| F|  |TAMS 0x0000000785800000, 0x0000000785800000| Untracked 
|  89|0x0000000785900000, 0x0000000785900000, 0x0000000785a00000|  0%| F|  |TAMS 0x0000000785900000, 0x0000000785900000| Untracked 
|  90|0x0000000785a00000, 0x0000000785a00000, 0x0000000785b00000|  0%| F|  |TAMS 0x0000000785a00000, 0x0000000785a00000| Untracked 
|  91|0x0000000785b00000, 0x0000000785b00000, 0x0000000785c00000|  0%| F|  |TAMS 0x0000000785b00000, 0x0000000785b00000| Untracked 
|  92|0x0000000785c00000, 0x0000000785c00000, 0x0000000785d00000|  0%| F|  |TAMS 0x0000000785c00000, 0x0000000785c00000| Untracked 
|  93|0x0000000785d00000, 0x0000000785d00000, 0x0000000785e00000|  0%| F|  |TAMS 0x0000000785d00000, 0x0000000785d00000| Untracked 
|  94|0x0000000785e00000, 0x0000000785e00000, 0x0000000785f00000|  0%| F|  |TAMS 0x0000000785e00000, 0x0000000785e00000| Untracked 
|  95|0x0000000785f00000, 0x0000000785f00000, 0x0000000786000000|  0%| F|  |TAMS 0x0000000785f00000, 0x0000000785f00000| Untracked 
|  96|0x0000000786000000, 0x0000000786000000, 0x0000000786100000|  0%| F|  |TAMS 0x0000000786000000, 0x0000000786000000| Untracked 
|  97|0x0000000786100000, 0x0000000786100000, 0x0000000786200000|  0%| F|  |TAMS 0x0000000786100000, 0x0000000786100000| Untracked 
|  98|0x0000000786200000, 0x0000000786280800, 0x0000000786300000| 50%| E|  |TAMS 0x0000000786200000, 0x0000000786200000| Complete 
|  99|0x0000000786300000, 0x0000000786400000, 0x0000000786400000|100%| E|CS|TAMS 0x0000000786300000, 0x0000000786300000| Complete 
| 100|0x0000000786400000, 0x0000000786500000, 0x0000000786500000|100%| E|CS|TAMS 0x0000000786400000, 0x0000000786400000| Complete 
| 101|0x0000000786500000, 0x0000000786600000, 0x0000000786600000|100%| E|CS|TAMS 0x0000000786500000, 0x0000000786500000| Complete 
| 102|0x0000000786600000, 0x0000000786700000, 0x0000000786700000|100%| E|CS|TAMS 0x0000000786600000, 0x0000000786600000| Complete 
| 103|0x0000000786700000, 0x0000000786800000, 0x0000000786800000|100%| E|CS|TAMS 0x0000000786700000, 0x0000000786700000| Complete 
| 104|0x0000000786800000, 0x0000000786900000, 0x0000000786900000|100%| E|CS|TAMS 0x0000000786800000, 0x0000000786800000| Complete 
| 105|0x0000000786900000, 0x0000000786a00000, 0x0000000786a00000|100%| E|CS|TAMS 0x0000000786900000, 0x0000000786900000| Complete 
| 106|0x0000000786a00000, 0x0000000786b00000, 0x0000000786b00000|100%| E|CS|TAMS 0x0000000786a00000, 0x0000000786a00000| Complete 
| 107|0x0000000786b00000, 0x0000000786c00000, 0x0000000786c00000|100%| E|CS|TAMS 0x0000000786b00000, 0x0000000786b00000| Complete 
| 108|0x0000000786c00000, 0x0000000786d00000, 0x0000000786d00000|100%| E|CS|TAMS 0x0000000786c00000, 0x0000000786c00000| Complete 
| 109|0x0000000786d00000, 0x0000000786e00000, 0x0000000786e00000|100%| E|CS|TAMS 0x0000000786d00000, 0x0000000786d00000| Complete 
| 110|0x0000000786e00000, 0x0000000786f00000, 0x0000000786f00000|100%| E|CS|TAMS 0x0000000786e00000, 0x0000000786e00000| Complete 
| 111|0x0000000786f00000, 0x0000000787000000, 0x0000000787000000|100%| E|CS|TAMS 0x0000000786f00000, 0x0000000786f00000| Complete 
| 112|0x0000000787000000, 0x000000078700fb98, 0x0000000787100000|  6%| S|CS|TAMS 0x0000000787000000, 0x0000000787000000| Complete 
| 113|0x0000000787100000, 0x0000000787200000, 0x0000000787200000|100%| S|CS|TAMS 0x0000000787100000, 0x0000000787100000| Complete 
| 114|0x0000000787200000, 0x0000000787300000, 0x0000000787300000|100%| S|CS|TAMS 0x0000000787200000, 0x0000000787200000| Complete 
| 115|0x0000000787300000, 0x0000000787400000, 0x0000000787400000|100%| S|CS|TAMS 0x0000000787300000, 0x0000000787300000| Complete 
| 116|0x0000000787400000, 0x0000000787500000, 0x0000000787500000|100%| S|CS|TAMS 0x0000000787400000, 0x0000000787400000| Complete 
| 117|0x0000000787500000, 0x0000000787600000, 0x0000000787600000|100%| S|CS|TAMS 0x0000000787500000, 0x0000000787500000| Complete 
| 118|0x0000000787600000, 0x0000000787700000, 0x0000000787700000|100%| E|CS|TAMS 0x0000000787600000, 0x0000000787600000| Complete 
| 119|0x0000000787700000, 0x0000000787800000, 0x0000000787800000|100%| E|CS|TAMS 0x0000000787700000, 0x0000000787700000| Complete 
| 120|0x0000000787800000, 0x0000000787900000, 0x0000000787900000|100%| E|CS|TAMS 0x0000000787800000, 0x0000000787800000| Complete 
| 121|0x0000000787900000, 0x0000000787a00000, 0x0000000787a00000|100%| E|CS|TAMS 0x0000000787900000, 0x0000000787900000| Complete 
| 122|0x0000000787a00000, 0x0000000787b00000, 0x0000000787b00000|100%| E|CS|TAMS 0x0000000787a00000, 0x0000000787a00000| Complete 
| 123|0x0000000787b00000, 0x0000000787c00000, 0x0000000787c00000|100%| E|CS|TAMS 0x0000000787b00000, 0x0000000787b00000| Complete 
| 124|0x0000000787c00000, 0x0000000787d00000, 0x0000000787d00000|100%| E|CS|TAMS 0x0000000787c00000, 0x0000000787c00000| Complete 
| 125|0x0000000787d00000, 0x0000000787e00000, 0x0000000787e00000|100%| E|CS|TAMS 0x0000000787d00000, 0x0000000787d00000| Complete 
| 126|0x0000000787e00000, 0x0000000787f00000, 0x0000000787f00000|100%| E|CS|TAMS 0x0000000787e00000, 0x0000000787e00000| Complete 
| 127|0x0000000787f00000, 0x0000000788000000, 0x0000000788000000|100%| E|CS|TAMS 0x0000000787f00000, 0x0000000787f00000| Complete 
|2046|0x00000007ffe00000, 0x00000007ffe78000, 0x00000007fff00000| 46%|OA|  |TAMS 0x00000007ffe00000, 0x00000007ffe78000| Untracked 
|2047|0x00000007fff00000, 0x00000007fff80000, 0x0000000800000000| 50%|CA|  |TAMS 0x00000007fff00000, 0x00000007fff80000| Untracked 

Card table byte_map: [0x0000000105760000,0x0000000105b60000] _byte_map_base: 0x0000000101b60000

Marking Bits (Prev, Next): (CMBitMap*) 0x000000013e02f210, (CMBitMap*) 0x000000013e02f250
 Prev Bits: [0x000000011d804000, 0x000000011f804000)
 Next Bits: [0x000000011f804000, 0x0000000121804000)

Polling page: 0x0000000104fd0000

Metaspace:

Usage:
  Non-class:     12.93 MB used.
      Class:      2.13 MB used.
       Both:     15.06 MB used.

Virtual space:
  Non-class space:       16.00 MB reserved,      13.06 MB ( 82%) committed,  2 nodes.
      Class space:        1.00 GB reserved,       2.25 MB ( <1%) committed,  1 nodes.
             Both:        1.02 GB reserved,      15.31 MB (  1%) committed. 

Chunk freelists:
   Non-Class:  2.05 MB
       Class:  1.72 MB
        Both:  3.77 MB

MaxMetaspaceSize: unlimited
CompressedClassSpaceSize: 1.00 GB
Initial GC threshold: 21.00 MB
Current GC threshold: 21.00 MB
CDS: on
MetaspaceReclaimPolicy: balanced
 - commit_granule_bytes: 65536.
 - commit_granule_words: 8192.
 - virtual_space_node_default_size: 1048576.
 - enlarge_chunks_in_place: 1.
 - new_chunks_are_fully_committed: 0.
 - uncommit_free_chunks: 1.
 - use_allocation_guard: 0.
 - handle_deallocations: 1.


Internal statistics:

num_allocs_failed_limit: 0.
num_arena_births: 194.
num_arena_deaths: 0.
num_vsnodes_births: 3.
num_vsnodes_deaths: 0.
num_space_committed: 245.
num_space_uncommitted: 0.
num_chunks_returned_to_freelist: 0.
num_chunks_taken_from_freelist: 681.
num_chunk_merges: 0.
num_chunk_splits: 473.
num_chunks_enlarged: 377.
num_purges: 0.
num_inconsistent_stats: 0.

CodeHeap 'non-profiled nmethods': size=120032Kb used=1259Kb max_used=1259Kb free=118772Kb
 bounds [0x00000001162cc000, 0x000000011653c000, 0x000000011d804000]
CodeHeap 'profiled nmethods': size=120016Kb used=6028Kb max_used=6028Kb free=113987Kb
 bounds [0x000000010ed98000, 0x000000010f388000, 0x00000001162cc000]
CodeHeap 'non-nmethods': size=5712Kb used=1375Kb max_used=1423Kb free=4336Kb
 bounds [0x000000010e804000, 0x000000010ea74000, 0x000000010ed98000]
 total_blobs=3658 nmethods=2892 adapters=681
 compilation: enabled
              stopped_count=0, restarted_count=0
 full_count=0

Compilation events (20 events):
Event: 22.566 Thread 0x0000000124086c00 2952       4       com.sun.javafx.geom.transform.AffineBase::isTranslateOrIdentity (22 bytes)
Event: 22.571 Thread 0x0000000124086c00 nmethod 2952 0x00000001163fca10 code [0x00000001163fcc80, 0x00000001163fd1a0]
Event: 22.650 Thread 0x0000000124086c00 2953   !   4       javafx.scene.Node::pickNode (130 bytes)
Event: 22.651 Thread 0x000000012408b800 2954       3       com.sun.prism.PixelFormat::getBytesPerPixelUnit (13 bytes)
Event: 22.652 Thread 0x000000012408b800 nmethod 2954 0x000000010f37a790 code [0x000000010f37a940, 0x000000010f37aaa8]
Event: 22.652 Thread 0x000000012408b800 2955       3       com.sun.javafx.geom.RectBounds::<init> (26 bytes)
Event: 22.652 Thread 0x000000012408b800 nmethod 2955 0x000000010f37ab90 code [0x000000010f37ad40, 0x000000010f37af68]
Event: 22.707 Thread 0x0000000124086c00 nmethod 2953 0x00000001163fd490 code [0x00000001163fdbc0, 0x0000000116400f30]
Event: 22.707 Thread 0x0000000124086c00 2956       4       java.util.WeakHashMap$HashIterator::nextEntry (81 bytes)
Event: 22.709 Thread 0x0000000124086c00 nmethod 2956 0x0000000116403510 code [0x00000001164036c0, 0x0000000116403b20]
Event: 23.083 Thread 0x0000000124086c00 2957       4       java.util.WeakHashMap$EntryIterator::next (5 bytes)
Event: 23.089 Thread 0x0000000124086c00 nmethod 2957 0x0000000116403c10 code [0x0000000116403dc0, 0x0000000116404220]
Event: 23.249 Thread 0x0000000124086c00 2958   !   4       com.sun.javafx.sg.prism.NGGroup::renderContent (422 bytes)
Event: 23.261 Thread 0x0000000124086c00 nmethod 2958 0x0000000116404310 code [0x0000000116404600, 0x0000000116404f40]
Event: 23.299 Thread 0x0000000124086c00 2959       4       java.util.ArrayList$Itr::hasNext (20 bytes)
Event: 23.300 Thread 0x0000000124086c00 nmethod 2959 0x0000000116405910 code [0x0000000116405a80, 0x0000000116405b30]
Event: 23.351 Thread 0x000000012408b800 2960       1       com.sun.javafx.stage.WindowEventDispatcher::getFirstDispatcher (5 bytes)
Event: 23.351 Thread 0x000000012408b800 nmethod 2960 0x0000000116405c10 code [0x0000000116405d80, 0x0000000116405e68]
Event: 23.351 Thread 0x000000012408b800 2961       1       com.sun.javafx.stage.WindowEventDispatcher::getLastDispatcher (5 bytes)
Event: 23.351 Thread 0x000000012408b800 nmethod 2961 0x0000000116405f10 code [0x0000000116406080, 0x0000000116406168]

GC Heap History (4 events):
Event: 0.321 GC heap before
{Heap before GC invocations=0 (full 0):
 garbage-first heap   total 133120K, used 23520K [0x0000000780000000, 0x0000000800000000)
  region size 1024K, 23 young (23552K), 0 survivors (0K)
 Metaspace       used 7829K, committed 8000K, reserved 1056768K
  class space    used 985K, committed 1088K, reserved 1048576K
}
Event: 0.323 GC heap after
{Heap after GC invocations=1 (full 0):
 garbage-first heap   total 133120K, used 4117K [0x0000000780000000, 0x0000000800000000)
  region size 1024K, 3 young (3072K), 3 survivors (3072K)
 Metaspace       used 7829K, committed 8000K, reserved 1056768K
  class space    used 985K, committed 1088K, reserved 1048576K
}
Event: 0.455 GC heap before
{Heap before GC invocations=1 (full 0):
 garbage-first heap   total 133120K, used 67605K [0x0000000780000000, 0x0000000800000000)
  region size 1024K, 13 young (13312K), 3 survivors (3072K)
 Metaspace       used 9581K, committed 9856K, reserved 1064960K
  class space    used 1289K, committed 1408K, reserved 1048576K
}
Event: 0.457 GC heap after
{Heap after GC invocations=2 (full 0):
 garbage-first heap   total 133120K, used 50260K [0x0000000780000000, 0x0000000800000000)
  region size 1024K, 6 young (6144K), 6 survivors (6144K)
 Metaspace       used 9581K, committed 9856K, reserved 1064960K
  class space    used 1289K, committed 1408K, reserved 1048576K
}

Deoptimization events (20 events):
Event: 17.596 Thread 0x000000013d815600 Uncommon trap: trap_request=0xffffffbe fr.pc=0x00000001163db1f0 relative=0x00000000000006b0
Event: 17.596 Thread 0x000000013d815600 Uncommon trap: reason=profile_predicate action=maybe_recompile pc=0x00000001163db1f0 method=com.sun.javafx.sg.prism.NGNode.markCullRegions(Lcom/sun/javafx/geom/DirtyRegionContainer;ILcom/sun/javafx/geom/transform/BaseTransform;Lcom/sun/javafx/geom/transfo
Event: 17.596 Thread 0x000000013d815600 DEOPT PACKING pc=0x00000001163db1f0 sp=0x000000016da3d950
Event: 17.596 Thread 0x000000013d815600 DEOPT UNPACKING pc=0x000000010e842d1c sp=0x000000016da3d8b0 mode 2
Event: 17.599 Thread 0x000000013d815600 Uncommon trap: trap_request=0xffffff45 fr.pc=0x000000011639b56c relative=0x00000000000006ec
Event: 17.599 Thread 0x000000013d815600 Uncommon trap: reason=unstable_if action=reinterpret pc=0x000000011639b56c method=com.sun.prism.es2.ES2Texture.updateWrapState()V @ 24 c2
Event: 17.599 Thread 0x000000013d815600 DEOPT PACKING pc=0x000000011639b56c sp=0x000000016da3d370
Event: 17.599 Thread 0x000000013d815600 DEOPT UNPACKING pc=0x000000010e842d1c sp=0x000000016da3d230 mode 2
Event: 17.649 Thread 0x000000013d815600 Uncommon trap: trap_request=0xffffffbe fr.pc=0x00000001163db1f0 relative=0x00000000000006b0
Event: 17.649 Thread 0x000000013d815600 Uncommon trap: reason=profile_predicate action=maybe_recompile pc=0x00000001163db1f0 method=com.sun.javafx.sg.prism.NGNode.markCullRegions(Lcom/sun/javafx/geom/DirtyRegionContainer;ILcom/sun/javafx/geom/transform/BaseTransform;Lcom/sun/javafx/geom/transfo
Event: 17.649 Thread 0x000000013d815600 DEOPT PACKING pc=0x00000001163db1f0 sp=0x000000016da3d950
Event: 17.649 Thread 0x000000013d815600 DEOPT UNPACKING pc=0x000000010e842d1c sp=0x000000016da3d8b0 mode 2
Event: 18.652 Thread 0x000000013d815600 Uncommon trap: trap_request=0xffffff45 fr.pc=0x00000001163d619c relative=0x000000000000099c
Event: 18.652 Thread 0x000000013d815600 Uncommon trap: reason=unstable_if action=reinterpret pc=0x00000001163d619c method=com.sun.marlin.Renderer._endRendering(IILcom/sun/marlin/MarlinAlphaConsumer;)V @ 894 c2
Event: 18.652 Thread 0x000000013d815600 DEOPT PACKING pc=0x00000001163d619c sp=0x000000016da3bf70
Event: 18.652 Thread 0x000000013d815600 DEOPT UNPACKING pc=0x000000010e842d1c sp=0x000000016da3bd90 mode 2
Event: 20.151 Thread 0x000000013d815600 DEOPT PACKING pc=0x000000010f365980 sp=0x000000016da3ca50
Event: 20.151 Thread 0x000000013d815600 DEOPT UNPACKING pc=0x000000010e842b7c sp=0x000000016da3c650 mode 0
Event: 21.150 Thread 0x000000013d815600 DEOPT PACKING pc=0x000000010f366014 sp=0x000000016da3ca50
Event: 21.150 Thread 0x000000013d815600 DEOPT UNPACKING pc=0x000000010e842b7c sp=0x000000016da3c650 mode 0

Classes unloaded (0 events):
No events

Classes redefined (0 events):
No events

Internal exceptions (20 events):
Event: 0.438 Thread 0x000000013e104200 Exception <a 'java/io/FileNotFoundException'{0x0000000787672510}> (0x0000000787672510) 
thrown [open/src/hotspot/share/prims/jni.cpp, line 516]
Event: 0.444 Thread 0x000000013e104200 Exception <a 'java/io/FileNotFoundException'{0x0000000787677430}> (0x0000000787677430) 
thrown [open/src/hotspot/share/prims/jni.cpp, line 516]
Event: 0.454 Thread 0x000000013e104200 Exception <a 'java/io/FileNotFoundException'{0x000000078767ef98}> (0x000000078767ef98) 
thrown [open/src/hotspot/share/prims/jni.cpp, line 516]
Event: 0.466 Thread 0x000000013e104200 Exception <a 'sun/nio/fs/UnixException'{0x0000000787d00368}> (0x0000000787d00368) 
thrown [open/src/hotspot/share/prims/jni.cpp, line 516]
Event: 0.468 Thread 0x000000013e104200 Implicit null exception at 0x000000011630b378 to 0x000000011630b408
Event: 0.470 Thread 0x000000013e104200 Implicit null exception at 0x0000000116316fd4 to 0x000000011631732c
Event: 0.472 Thread 0x000000013e104200 Implicit null exception at 0x00000001163142d4 to 0x0000000116314628
Event: 0.519 Thread 0x000000013e104200 Exception <a 'java/lang/ClassNotFoundException'{0x00000007879e9630}: com/sun/javafx/scene/control/skin/resources/controls> (0x00000007879e9630) 
thrown [open/src/hotspot/share/prims/jni.cpp, line 535]
Event: 0.519 Thread 0x000000013e104200 Exception <a 'java/lang/ClassNotFoundException'{0x00000007879f75d0}: com/sun/javafx/scene/control/skin/resources/controls_en> (0x00000007879f75d0) 
thrown [open/src/hotspot/share/prims/jni.cpp, line 535]
Event: 0.519 Thread 0x000000013e104200 Exception <a 'java/lang/ClassNotFoundException'{0x00000007879f8568}: com/sun/javafx/scene/control/skin/resources/controls_en_GB> (0x00000007879f8568) 
thrown [open/src/hotspot/share/prims/jni.cpp, line 535]
Event: 0.531 Thread 0x000000013e104200 Exception <a 'java/lang/NoSuchMethodError'{0x00000007877b42b0}: 'void java.lang.invoke.DirectMethodHandle$Holder.invokeSpecial(java.lang.Object, java.lang.Object, java.lang.Object, java.lang.Object, java.lang.Object, java.lang.Object)'> (0x00000007877b42b0) 
thrown [open/src/hotspot/share/interpreter/linkResolver.cpp, line 766]
Event: 0.601 Thread 0x000000013e104200 Exception <a 'java/lang/NoSuchMethodError'{0x0000000786d571e8}: 'java.lang.Object java.lang.invoke.DirectMethodHandle$Holder.invokeInterface(java.lang.Object, java.lang.Object, java.lang.Object)'> (0x0000000786d571e8) 
thrown [open/src/hotspot/share/interpreter/linkResolver.cpp, line 766]
Event: 0.602 Thread 0x000000013e104200 Exception <a 'java/lang/IncompatibleClassChangeError'{0x0000000786d5ab70}: Found class java.lang.Object, but interface was expected> (0x0000000786d5ab70) 
thrown [open/src/hotspot/share/interpreter/linkResolver.cpp, line 833]
Event: 0.619 Thread 0x000000013e104200 Exception <a 'java/lang/NoSuchMethodError'{0x0000000786cadf98}: 'java.lang.Object java.lang.invoke.DirectMethodHandle$Holder.newInvokeSpecial(java.lang.Object, java.lang.Object, int)'> (0x0000000786cadf98) 
thrown [open/src/hotspot/share/interpreter/linkResolver.cpp, line 766]
Event: 0.647 Thread 0x000000013e104200 Exception <a 'java/lang/NoSuchMethodError'{0x0000000786ccaad8}: 'long java.lang.invoke.DirectMethodHandle$Holder.invokeStatic(java.lang.Object, java.lang.Object, java.lang.Object)'> (0x0000000786ccaad8) 
thrown [open/src/hotspot/share/interpreter/linkResolver.cpp, line 766]
Event: 0.647 Thread 0x000000013e104200 Exception <a 'java/lang/NoSuchMethodError'{0x0000000786cce280}: 'long java.lang.invoke.DirectMethodHandle$Holder.invokeStaticInit(java.lang.Object, java.lang.Object, java.lang.Object)'> (0x0000000786cce280) 
thrown [open/src/hotspot/share/interpreter/linkResolver.cpp, line 766]
Event: 0.647 Thread 0x000000013e104200 Exception <a 'java/lang/NoSuchMethodError'{0x0000000786ce5e88}: 'java.lang.Object java.lang.invoke.DirectMethodHandle$Holder.newInvokeSpecial(java.lang.Object, java.lang.Object, long)'> (0x0000000786ce5e88) 
thrown [open/src/hotspot/share/interpreter/linkResolver.cpp, line 766]
Event: 0.648 Thread 0x000000013e104200 Exception <a 'java/lang/NoSuchMethodError'{0x0000000786ce9750}: 'java.lang.Object java.lang.invoke.Invokers$Holder.linkToTargetMethod(java.lang.Object, long, java.lang.Object)'> (0x0000000786ce9750) 
thrown [open/src/hotspot/share/interpreter/linkResolver.cpp, line 766]
Event: 0.655 Thread 0x000000013d815600 Exception <a 'java/lang/NoSuchMethodError'{0x0000000786be78a0}: 'int java.lang.invoke.DirectMethodHandle$Holder.invokeStaticInit(java.lang.Object, java.lang.Object)'> (0x0000000786be78a0) 
thrown [open/src/hotspot/share/interpreter/linkResolver.cpp, line 766]
Event: 17.581 Thread 0x000000013e104200 Exception <a 'java/io/FileNotFoundException'{0x00000007864f3910}> (0x00000007864f3910) 
thrown [open/src/hotspot/share/prims/jni.cpp, line 516]

VM Operations (20 events):
Event: 14.058 Executing VM operation: Cleanup
Event: 14.058 Executing VM operation: Cleanup done
Event: 15.063 Executing VM operation: Cleanup
Event: 15.064 Executing VM operation: Cleanup done
Event: 16.064 Executing VM operation: Cleanup
Event: 16.064 Executing VM operation: Cleanup done
Event: 17.066 Executing VM operation: Cleanup
Event: 17.066 Executing VM operation: Cleanup done
Event: 18.071 Executing VM operation: Cleanup
Event: 18.071 Executing VM operation: Cleanup done
Event: 19.073 Executing VM operation: Cleanup
Event: 19.073 Executing VM operation: Cleanup done
Event: 20.075 Executing VM operation: Cleanup
Event: 20.075 Executing VM operation: Cleanup done
Event: 21.080 Executing VM operation: Cleanup
Event: 21.080 Executing VM operation: Cleanup done
Event: 22.081 Executing VM operation: Cleanup
Event: 22.082 Executing VM operation: Cleanup done
Event: 23.087 Executing VM operation: Cleanup
Event: 23.087 Executing VM operation: Cleanup done

Events (20 events):
Event: 1.160 loading class sun/util/resources/cldr/TimeZoneNames
Event: 1.160 loading class sun/util/resources/TimeZoneNamesBundle
Event: 1.160 loading class sun/util/resources/OpenListResourceBundle
Event: 1.160 loading class sun/util/resources/OpenListResourceBundle done
Event: 1.160 loading class sun/util/resources/TimeZoneNamesBundle done
Event: 1.160 loading class sun/util/resources/cldr/TimeZoneNames done
Event: 1.161 loading class sun/util/resources/cldr/TimeZoneNames_en
Event: 1.163 loading class sun/util/resources/cldr/TimeZoneNames_en done
Event: 1.163 loading class sun/util/resources/cldr/TimeZoneNames_en_US
Event: 1.163 loading class sun/util/resources/cldr/TimeZoneNames_en_US done
Event: 1.164 loading class sun/util/resources/TimeZoneNames
Event: 1.165 loading class sun/util/resources/TimeZoneNames done
Event: 1.165 loading class sun/util/resources/TimeZoneNames_en
Event: 1.165 loading class sun/util/resources/TimeZoneNames_en done
Event: 12.140 loading class java/util/EnumMap$Values
Event: 12.140 loading class java/util/EnumMap$Values done
Event: 12.140 loading class java/util/EnumMap$ValueIterator
Event: 12.140 loading class java/util/EnumMap$EnumMapIterator
Event: 12.140 loading class java/util/EnumMap$EnumMapIterator done
Event: 12.140 loading class java/util/EnumMap$ValueIterator done


Dynamic libraries:
0x0000000104f80000 	/Users/bartoszklimek/Library/Java/JavaVirtualMachines/openjdk-17.0.1/Contents/Home/lib/libjli.dylib
0x00000001c438b000 	/usr/lib/libz.1.dylib
0x00000001c443b000 	/usr/lib/libSystem.B.dylib
0x00000001c4435000 	/usr/lib/system/libcache.dylib
0x00000001c43f3000 	/usr/lib/system/libcommonCrypto.dylib
0x00000001c441c000 	/usr/lib/system/libcompiler_rt.dylib
0x00000001c4413000 	/usr/lib/system/libcopyfile.dylib
0x00000001b977e000 	/usr/lib/system/libcorecrypto.dylib
0x00000001b9823000 	/usr/lib/system/libdispatch.dylib
0x00000001b99eb000 	/usr/lib/system/libdyld.dylib
0x00000001c442b000 	/usr/lib/system/libkeymgr.dylib
0x00000001c43d5000 	/usr/lib/system/libmacho.dylib
0x00000001c3ad9000 	/usr/lib/system/libquarantine.dylib
0x00000001c4428000 	/usr/lib/system/libremovefile.dylib
0x00000001beb7a000 	/usr/lib/system/libsystem_asl.dylib
0x00000001b9728000 	/usr/lib/system/libsystem_blocks.dylib
0x00000001b98a9000 	/usr/lib/system/libsystem_c.dylib
0x00000001c4420000 	/usr/lib/system/libsystem_collections.dylib
0x00000001c2f98000 	/usr/lib/system/libsystem_configuration.dylib
0x00000001c221c000 	/usr/lib/system/libsystem_containermanager.dylib
0x00000001c413c000 	/usr/lib/system/libsystem_coreservices.dylib
0x00000001bc10f000 	/usr/lib/system/libsystem_darwin.dylib
0x00000001c442c000 	/usr/lib/system/libsystem_dnssd.dylib
0x00000001b98a6000 	/usr/lib/system/libsystem_featureflags.dylib
0x00000001b9a00000 	/usr/lib/system/libsystem_info.dylib
0x00000001c439d000 	/usr/lib/system/libsystem_m.dylib
0x00000001b97f8000 	/usr/lib/system/libsystem_malloc.dylib
0x00000001beb0b000 	/usr/lib/system/libsystem_networkextension.dylib
0x00000001bc563000 	/usr/lib/system/libsystem_notify.dylib
0x00000001ca641000 	/usr/lib/system/libsystem_product_info_filter.dylib
0x00000001c2f9d000 	/usr/lib/system/libsystem_sandbox.dylib
0x00000001c4425000 	/usr/lib/system/libsystem_secinit.dylib
0x00000001b99a8000 	/usr/lib/system/libsystem_kernel.dylib
0x00000001b99f8000 	/usr/lib/system/libsystem_platform.dylib
0x00000001b99de000 	/usr/lib/system/libsystem_pthread.dylib
0x00000001c02b4000 	/usr/lib/system/libsystem_symptoms.dylib
0x00000001b9764000 	/usr/lib/system/libsystem_trace.dylib
0x00000001c4400000 	/usr/lib/system/libunwind.dylib
0x00000001b972a000 	/usr/lib/system/libxpc.dylib
0x00000001b998e000 	/usr/lib/libc++abi.dylib
0x00000001b986a000 	/usr/lib/libobjc.A.dylib
0x00000001c440b000 	/usr/lib/liboah.dylib
0x00000001b992a000 	/usr/lib/libc++.1.dylib
0x00000001d003c000 	/System/Library/Frameworks/Cocoa.framework/Versions/A/Cocoa
0x00000001bc5c3000 	/System/Library/Frameworks/AppKit.framework/Versions/C/AppKit
0x00000001bfaf3000 	/System/Library/Frameworks/CoreData.framework/Versions/A/CoreData
0x00000001ba920000 	/System/Library/Frameworks/Foundation.framework/Versions/C/Foundation
0x00000001bd477000 	/System/Library/PrivateFrameworks/UIFoundation.framework/Versions/A/UIFoundation
0x00000001ca33b000 	/System/Library/PrivateFrameworks/RemoteViewServices.framework/Versions/A/RemoteViewServices
0x00000001c2956000 	/System/Library/PrivateFrameworks/XCTTargetBootstrap.framework/Versions/A/XCTTargetBootstrap
0x00000001c613c000 	/System/Library/PrivateFrameworks/InternationalSupport.framework/Versions/A/InternationalSupport
0x00000001c61c5000 	/System/Library/PrivateFrameworks/UserActivity.framework/Versions/A/UserActivity
0x00000001c566a000 	/usr/lib/libspindump.dylib
0x00000001bd6e7000 	/System/Library/Frameworks/UniformTypeIdentifiers.framework/Versions/A/UniformTypeIdentifiers
0x00000001c0ee3000 	/usr/lib/libapp_launch_measurement.dylib
0x00000001c045b000 	/System/Library/PrivateFrameworks/CoreAnalytics.framework/Versions/A/CoreAnalytics
0x00000001c0ee6000 	/System/Library/PrivateFrameworks/CoreAutoLayout.framework/Versions/A/CoreAutoLayout
0x00000001c2259000 	/System/Library/Frameworks/Metal.framework/Versions/A/Metal
0x00000001c2fa8000 	/usr/lib/liblangid.dylib
0x00000001c295a000 	/System/Library/PrivateFrameworks/CoreSVG.framework/Versions/A/CoreSVG
0x00000001bebae000 	/System/Library/PrivateFrameworks/SkyLight.framework/Versions/A/SkyLight
0x00000001bef78000 	/System/Library/Frameworks/CoreGraphics.framework/Versions/A/CoreGraphics
0x00000001ca9b8000 	/System/Library/Frameworks/Accelerate.framework/Versions/A/Accelerate
0x00000001c50de000 	/System/Library/PrivateFrameworks/IconServices.framework/Versions/A/IconServices
0x00000001c223b000 	/System/Library/Frameworks/IOSurface.framework/Versions/A/IOSurface
0x00000001c048b000 	/usr/lib/libDiagnosticMessagesClient.dylib
0x00000001cddff000 	/System/Library/Frameworks/ApplicationServices.framework/Versions/A/ApplicationServices
0x00000001c293e000 	/System/Library/PrivateFrameworks/DFRFoundation.framework/Versions/A/DFRFoundation
0x00000001bbe64000 	/usr/lib/libicucore.A.dylib
0x00000001c6f3d000 	/System/Library/Frameworks/AudioToolbox.framework/Versions/A/AudioToolbox
0x00000001c6148000 	/System/Library/PrivateFrameworks/DataDetectorsCore.framework/Versions/A/DataDetectorsCore
0x00000001dc27a000 	/System/Library/PrivateFrameworks/TextInput.framework/Versions/A/TextInput
0x00000001beb25000 	/usr/lib/libMobileGestalt.dylib
0x00000001c260e000 	/System/Library/Frameworks/Carbon.framework/Versions/A/Frameworks/HIToolbox.framework/Versions/A/HIToolbox
0x00000001c08ec000 	/System/Library/Frameworks/QuartzCore.framework/Versions/A/QuartzCore
0x00000001bbae1000 	/System/Library/Frameworks/Security.framework/Versions/A/Security
0x00000001ca37b000 	/System/Library/Frameworks/Carbon.framework/Versions/A/Frameworks/SpeechRecognition.framework/Versions/A/SpeechRecognition
0x00000001c0c3a000 	/System/Library/PrivateFrameworks/CoreUI.framework/Versions/A/CoreUI
0x00000001bb3b2000 	/System/Library/Frameworks/CoreAudio.framework/Versions/A/CoreAudio
0x00000001c057f000 	/System/Library/Frameworks/DiskArbitration.framework/Versions/A/DiskArbitration
0x00000001c5a4f000 	/System/Library/PrivateFrameworks/MultitouchSupport.framework/Versions/A/MultitouchSupport
0x00000001beb23000 	/usr/lib/libenergytrace.dylib
0x00000001bc48d000 	/System/Library/Frameworks/IOKit.framework/Versions/A/IOKit
0x00000001ca764000 	/System/Library/Frameworks/CoreServices.framework/Versions/A/CoreServices
0x00000001c0e73000 	/System/Library/PrivateFrameworks/PerformanceAnalysis.framework/Versions/A/PerformanceAnalysis
0x000000021aded000 	/System/Library/Frameworks/OpenGL.framework/Versions/A/OpenGL
0x00000001c39f9000 	/System/Library/PrivateFrameworks/MobileKeyBag.framework/Versions/A/MobileKeyBag
0x00000001bf588000 	/System/Library/Frameworks/ColorSync.framework/Versions/A/ColorSync
0x00000001b9a2c000 	/System/Library/Frameworks/CoreFoundation.framework/Versions/A/CoreFoundation
0x00000001c2bdb000 	/System/Library/Frameworks/CoreImage.framework/Versions/A/CoreImage
0x00000001bb1d5000 	/System/Library/Frameworks/CoreText.framework/Versions/A/CoreText
0x00000001c298a000 	/System/Library/Frameworks/ImageIO.framework/Versions/A/ImageIO
0x00000001c4441000 	/System/Library/PrivateFrameworks/SoftLinking.framework/Versions/A/SoftLinking
0x00000001c0f30000 	/usr/lib/libxml2.2.dylib
0x00000001c46da000 	/usr/lib/libcompression.dylib
0x00000001c6095000 	/System/Library/PrivateFrameworks/TextureIO.framework/Versions/A/TextureIO
0x00000001c4df8000 	/usr/lib/libate.dylib
0x00000001c4cc0000 	/usr/lib/liblzma.5.dylib
0x00000001ba614000 	/System/Library/Frameworks/SystemConfiguration.framework/Versions/A/SystemConfiguration
0x00000001c443d000 	/usr/lib/libfakelink.dylib
0x00000001be652000 	/System/Library/Frameworks/CFNetwork.framework/Versions/A/CFNetwork
0x00000001c4584000 	/usr/lib/libarchive.2.dylib
0x00000001c2fa4000 	/System/Library/PrivateFrameworks/AppleSystemInfo.framework/Versions/A/AppleSystemInfo
0x00000001c3b04000 	/usr/lib/libbsm.0.dylib
0x00000001bdb8a000 	/usr/lib/libnetwork.dylib
0x00000001c43db000 	/usr/lib/system/libkxld.dylib
0x00000001c371b000 	/System/Library/PrivateFrameworks/IOMobileFramebuffer.framework/Versions/A/IOMobileFramebuffer
0x0000000236b52000 	/usr/lib/libCoreEntitlements.dylib
0x00000001c411e000 	/System/Library/PrivateFrameworks/AppleFSCompression.framework/Versions/A/AppleFSCompression
0x00000001c3aec000 	/usr/lib/libcoretls.dylib
0x00000001c4cd9000 	/usr/lib/libcoretls_cfhelpers.dylib
0x00000001c46d5000 	/usr/lib/libpam.2.dylib
0x00000001bfedc000 	/usr/lib/libsqlite3.dylib
0x00000001c4d41000 	/usr/lib/libxar.1.dylib
0x00000001c412f000 	/usr/lib/libbz2.1.0.dylib
0x00000001c4442000 	/usr/lib/libpcap.A.dylib
0x00000001c02ab000 	/usr/lib/libdns_services.dylib
0x00000001c46a8000 	/usr/lib/libapple_nghttp2.dylib
0x00000001c447f000 	/usr/lib/libiconv.2.dylib
0x00000001c43d4000 	/usr/lib/libcharset.1.dylib
0x00000001c0eaf000 	/System/Library/Frameworks/CoreServices.framework/Versions/A/Frameworks/FSEvents.framework/Versions/A/FSEvents
0x00000001bc11a000 	/System/Library/Frameworks/CoreServices.framework/Versions/A/Frameworks/CarbonCore.framework/Versions/A/CarbonCore
0x00000001c04e2000 	/System/Library/Frameworks/CoreServices.framework/Versions/A/Frameworks/Metadata.framework/Versions/A/Metadata
0x00000001c4142000 	/System/Library/Frameworks/CoreServices.framework/Versions/A/Frameworks/OSServices.framework/Versions/A/OSServices
0x00000001c460a000 	/System/Library/Frameworks/CoreServices.framework/Versions/A/Frameworks/SearchKit.framework/Versions/A/SearchKit
0x00000001c0239000 	/System/Library/Frameworks/CoreServices.framework/Versions/A/Frameworks/AE.framework/Versions/A/AE
0x00000001b9f70000 	/System/Library/Frameworks/CoreServices.framework/Versions/A/Frameworks/LaunchServices.framework/Versions/A/LaunchServices
0x00000001c4c69000 	/System/Library/Frameworks/CoreServices.framework/Versions/A/Frameworks/DictionaryServices.framework/Versions/A/DictionaryServices
0x00000001c0ebc000 	/System/Library/Frameworks/CoreServices.framework/Versions/A/Frameworks/SharedFileList.framework/Versions/A/SharedFileList
0x00000001c3adc000 	/usr/lib/libCheckFix.dylib
0x00000001beb92000 	/System/Library/PrivateFrameworks/TCC.framework/Versions/A/TCC
0x00000001c2faa000 	/System/Library/PrivateFrameworks/CoreNLP.framework/Versions/A/CoreNLP
0x00000001c048e000 	/System/Library/PrivateFrameworks/MetadataUtilities.framework/Versions/A/MetadataUtilities
0x00000001ba6cd000 	/usr/lib/libmecabra.dylib
0x00000001c3b15000 	/usr/lib/libmecab.dylib
0x00000001ba699000 	/usr/lib/libCRFSuite.dylib
0x00000001c3b73000 	/usr/lib/libgermantok.dylib
0x00000001c4681000 	/usr/lib/libThaiTokenizer.dylib
0x00000001c0587000 	/System/Library/Frameworks/Accelerate.framework/Versions/A/Frameworks/vImage.framework/Versions/A/vImage
0x00000001ca73b000 	/System/Library/Frameworks/Accelerate.framework/Versions/A/Frameworks/vecLib.framework/Versions/A/vecLib
0x00000001c4d85000 	/System/Library/Frameworks/Accelerate.framework/Versions/A/Frameworks/vecLib.framework/Versions/A/libvMisc.dylib
0x00000001c3625000 	/System/Library/Frameworks/Accelerate.framework/Versions/A/Frameworks/vecLib.framework/Versions/A/libvDSP.dylib
0x00000001ba2f3000 	/System/Library/Frameworks/Accelerate.framework/Versions/A/Frameworks/vecLib.framework/Versions/A/libBLAS.dylib
0x00000001c47a9000 	/System/Library/Frameworks/Accelerate.framework/Versions/A/Frameworks/vecLib.framework/Versions/A/libLAPACK.dylib
0x00000001c3b76000 	/System/Library/Frameworks/Accelerate.framework/Versions/A/Frameworks/vecLib.framework/Versions/A/libLinearAlgebra.dylib
0x00000001c46c0000 	/System/Library/Frameworks/Accelerate.framework/Versions/A/Frameworks/vecLib.framework/Versions/A/libSparseBLAS.dylib
0x00000001c47a4000 	/System/Library/Frameworks/Accelerate.framework/Versions/A/Frameworks/vecLib.framework/Versions/A/libQuadrature.dylib
0x00000001c30a1000 	/System/Library/Frameworks/Accelerate.framework/Versions/A/Frameworks/vecLib.framework/Versions/A/libBNNS.dylib
0x00000001ba5b1000 	/System/Library/Frameworks/Accelerate.framework/Versions/A/Frameworks/vecLib.framework/Versions/A/libSparse.dylib
0x00000001c3099000 	/System/Library/PrivateFrameworks/LinguisticData.framework/Versions/A/LinguisticData
0x00000001ba567000 	/System/Library/PrivateFrameworks/Lexicon.framework/Versions/A/Lexicon
0x00000001c4d7d000 	/usr/lib/libChineseTokenizer.dylib
0x00000001bad0e000 	/System/Library/PrivateFrameworks/LanguageModeling.framework/Versions/A/LanguageModeling
0x00000001c4683000 	/System/Library/PrivateFrameworks/AppleSauce.framework/Versions/A/AppleSauce
0x00000001c3708000 	/System/Library/PrivateFrameworks/CoreEmoji.framework/Versions/A/CoreEmoji
0x00000001c4572000 	/usr/lib/libcmph.dylib
0x00000001c0e8f000 	/System/Library/Frameworks/OpenDirectory.framework/Versions/A/Frameworks/CFOpenDirectory.framework/Versions/A/CFOpenDirectory
0x00000001c0e7f000 	/System/Library/Frameworks/OpenDirectory.framework/Versions/A/OpenDirectory
0x00000001c4cdb000 	/System/Library/PrivateFrameworks/APFS.framework/Versions/A/APFS
0x00000001c3a34000 	/System/Library/Frameworks/SecurityFoundation.framework/Versions/A/SecurityFoundation
0x00000001c4d4f000 	/usr/lib/libutil.dylib
0x00000001bc44f000 	/System/Library/PrivateFrameworks/CoreServicesStore.framework/Versions/A/CoreServicesStore
0x00000001c4d53000 	/usr/lib/libxslt.1.dylib
0x00000001c3ac8000 	/System/Library/PrivateFrameworks/BackgroundTaskManagement.framework/Versions/A/BackgroundTaskManagement
0x00000001c5fb6000 	/System/Library/Frameworks/ImageIO.framework/Versions/A/Resources/libRadiance.dylib
0x00000001c5fbf000 	/System/Library/Frameworks/ImageIO.framework/Versions/A/Resources/libJPEG.dylib
0x00000001c5f11000 	/System/Library/Frameworks/ImageIO.framework/Versions/A/Resources/libPng.dylib
0x00000001c5f33000 	/System/Library/Frameworks/ImageIO.framework/Versions/A/Resources/libTIFF.dylib
0x00000001c601a000 	/System/Library/Frameworks/ImageIO.framework/Versions/A/Resources/libGIF.dylib
0x00000001c595f000 	/System/Library/Frameworks/ImageIO.framework/Versions/A/Resources/libJP2.dylib
0x00000001c50a4000 	/usr/lib/libexpat.1.dylib
0x00000001c591a000 	/System/Library/PrivateFrameworks/AppleJPEG.framework/Versions/A/AppleJPEG
0x00000001c24cd000 	/System/Library/PrivateFrameworks/FontServices.framework/libFontParser.dylib
0x00000001c01de000 	/System/Library/PrivateFrameworks/RunningBoardServices.framework/Versions/A/RunningBoardServices
0x00000001d06af000 	/System/Library/PrivateFrameworks/IOSurfaceAccelerator.framework/Versions/A/IOSurfaceAccelerator
0x00000001c5a4b000 	/System/Library/PrivateFrameworks/WatchdogClient.framework/Versions/A/WatchdogClient
0x00000001bae12000 	/System/Library/Frameworks/CoreDisplay.framework/Versions/A/CoreDisplay
0x00000001c23bb000 	/System/Library/Frameworks/CoreMedia.framework/Versions/A/CoreMedia
0x00000001c224f000 	/System/Library/PrivateFrameworks/IOAccelerator.framework/Versions/A/IOAccelerator
0x00000001c101d000 	/System/Library/Frameworks/CoreVideo.framework/Versions/A/CoreVideo
0x00000001c46d3000 	/System/Library/Frameworks/MetalPerformanceShaders.framework/Versions/A/MetalPerformanceShaders
0x00000001c5a88000 	/System/Library/Frameworks/VideoToolbox.framework/Versions/A/VideoToolbox
0x00000001c0122000 	/System/Library/PrivateFrameworks/BaseBoard.framework/Versions/A/BaseBoard
0x00000001bfec1000 	/System/Library/PrivateFrameworks/ProtocolBuffer.framework/Versions/A/ProtocolBuffer
0x00000001c5fb1000 	/System/Library/PrivateFrameworks/GPUWrangler.framework/Versions/A/GPUWrangler
0x00000001c5f90000 	/System/Library/PrivateFrameworks/IOPresentment.framework/Versions/A/IOPresentment
0x00000001c5fb9000 	/System/Library/PrivateFrameworks/DSExternalDisplay.framework/Versions/A/DSExternalDisplay
0x000000021ade0000 	/System/Library/Frameworks/OpenGL.framework/Versions/A/Libraries/libCoreFSCache.dylib
0x00000002245a1000 	/System/Library/PrivateFrameworks/GPUCompiler.framework/Versions/31001/Libraries/libGPUCompilerUtils.dylib
0x00000001c601f000 	/System/Library/PrivateFrameworks/CMCaptureCore.framework/Versions/A/CMCaptureCore
0x00000001c5658000 	/System/Library/PrivateFrameworks/AppServerSupport.framework/Versions/A/AppServerSupport
0x00000001c77f8000 	/System/Library/PrivateFrameworks/perfdata.framework/Versions/A/perfdata
0x00000001baf32000 	/System/Library/PrivateFrameworks/AudioToolboxCore.framework/Versions/A/AudioToolboxCore
0x00000001c2393000 	/System/Library/PrivateFrameworks/caulk.framework/Versions/A/caulk
0x00000001c70ed000 	/usr/lib/libAudioStatistics.dylib
0x00000001d89f3000 	/System/Library/PrivateFrameworks/SystemPolicy.framework/Versions/A/SystemPolicy
0x00000001c734d000 	/usr/lib/libSMC.dylib
0x00000001cff1e000 	/System/Library/Frameworks/CoreMIDI.framework/Versions/A/CoreMIDI
0x00000001c5edf000 	/usr/lib/libAudioToolboxUtility.dylib
0x00000001d4e2c000 	/System/Library/PrivateFrameworks/OSAServicesClient.framework/Versions/A/OSAServicesClient
0x00000001c7805000 	/usr/lib/libperfcheck.dylib
0x00000001d94f6000 	/usr/lib/libmis.dylib
0x000000021ae41000 	/System/Library/Frameworks/OpenGL.framework/Versions/A/Libraries/libGLU.dylib
0x000000021ae00000 	/System/Library/Frameworks/OpenGL.framework/Versions/A/Libraries/libGFXShared.dylib
0x000000021afea000 	/System/Library/Frameworks/OpenGL.framework/Versions/A/Libraries/libGL.dylib
0x000000021ae09000 	/System/Library/Frameworks/OpenGL.framework/Versions/A/Libraries/libGLImage.dylib
0x000000021adfd000 	/System/Library/Frameworks/OpenGL.framework/Versions/A/Libraries/libCVMSPluginSupport.dylib
0x000000021ade7000 	/System/Library/Frameworks/OpenGL.framework/Versions/A/Libraries/libCoreVMClient.dylib
0x00000001c2f25000 	/System/Library/Frameworks/MetalPerformanceShaders.framework/Versions/A/Frameworks/MPSCore.framework/Versions/A/MPSCore
0x00000001c4091000 	/System/Library/Frameworks/MetalPerformanceShaders.framework/Versions/A/Frameworks/MPSImage.framework/Versions/A/MPSImage
0x00000001c3b8b000 	/System/Library/Frameworks/MetalPerformanceShaders.framework/Versions/A/Frameworks/MPSNeuralNetwork.framework/Versions/A/MPSNeuralNetwork
0x00000001c3fc8000 	/System/Library/Frameworks/MetalPerformanceShaders.framework/Versions/A/Frameworks/MPSMatrix.framework/Versions/A/MPSMatrix
0x00000001c3da3000 	/System/Library/Frameworks/MetalPerformanceShaders.framework/Versions/A/Frameworks/MPSRayIntersector.framework/Versions/A/MPSRayIntersector
0x00000001c3ff9000 	/System/Library/Frameworks/MetalPerformanceShaders.framework/Versions/A/Frameworks/MPSNDArray.framework/Versions/A/MPSNDArray
0x000000021cb17000 	/System/Library/Frameworks/MetalPerformanceShaders.framework/Versions/A/Frameworks/MPSFunctions.framework/Versions/A/MPSFunctions
0x00000001ba1d1000 	/System/Library/PrivateFrameworks/MetalTools.framework/Versions/A/MetalTools
0x00000001c2fa2000 	/System/Library/PrivateFrameworks/AggregateDictionary.framework/Versions/A/AggregateDictionary
0x00000001c4e8a000 	/usr/lib/libIOReport.dylib
0x00000001cef05000 	/System/Library/PrivateFrameworks/ASEProcessing.framework/Versions/A/ASEProcessing
0x00000001c51fd000 	/System/Library/PrivateFrameworks/FaceCore.framework/Versions/A/FaceCore
0x00000001c51ef000 	/System/Library/PrivateFrameworks/GraphVisualizer.framework/Versions/A/GraphVisualizer
0x00000002244b8000 	/System/Library/PrivateFrameworks/FontServices.framework/Versions/A/FontServices
0x00000001c5612000 	/System/Library/PrivateFrameworks/OTSVG.framework/Versions/A/OTSVG
0x00000001c0beb000 	/System/Library/Frameworks/ApplicationServices.framework/Versions/A/Frameworks/ATS.framework/Versions/A/Resources/libFontRegistry.dylib
0x00000001c5661000 	/System/Library/PrivateFrameworks/FontServices.framework/libhvf.dylib
0x00000002244b9000 	/System/Library/PrivateFrameworks/FontServices.framework/libXTFontStaticRegistryData.dylib
0x000000021b18c000 	/System/Library/Frameworks/OpenCL.framework/Versions/A/OpenCL
0x00000001c5058000 	/System/Library/PrivateFrameworks/AppleVA.framework/Versions/A/AppleVA
0x00000001c7115000 	/System/Library/Frameworks/ApplicationServices.framework/Versions/A/Frameworks/ATS.framework/Versions/A/ATS
0x00000001bf685000 	/System/Library/Frameworks/ApplicationServices.framework/Versions/A/Frameworks/HIServices.framework/Versions/A/HIServices
0x00000001c6029000 	/System/Library/Frameworks/ApplicationServices.framework/Versions/A/Frameworks/PrintCore.framework/Versions/A/PrintCore
0x00000001c74a0000 	/System/Library/Frameworks/ApplicationServices.framework/Versions/A/Frameworks/QD.framework/Versions/A/QD
0x00000001c7498000 	/System/Library/Frameworks/ApplicationServices.framework/Versions/A/Frameworks/ColorSyncLegacy.framework/Versions/A/ColorSyncLegacy
0x00000001c7101000 	/System/Library/Frameworks/ApplicationServices.framework/Versions/A/Frameworks/SpeechSynthesis.framework/Versions/A/SpeechSynthesis
0x00000001c5fea000 	/System/Library/Frameworks/ApplicationServices.framework/Versions/A/Frameworks/ATSUI.framework/Versions/A/ATSUI
0x00000001c742d000 	/usr/lib/libcups.2.dylib
0x00000001c7813000 	/System/Library/Frameworks/Kerberos.framework/Versions/A/Kerberos
0x00000001c7824000 	/System/Library/Frameworks/GSS.framework/Versions/A/GSS
0x00000001c7184000 	/usr/lib/libresolv.9.dylib
0x00000001c566f000 	/System/Library/PrivateFrameworks/Heimdal.framework/Versions/A/Heimdal
0x00000001ce175000 	/System/Library/Frameworks/Kerberos.framework/Versions/A/Libraries/libHeimdalProxy.dylib
0x00000001c02bd000 	/System/Library/Frameworks/Network.framework/Versions/A/Network
0x00000001c50bf000 	/usr/lib/libheimdal-asn1.dylib
0x00000001c786a000 	/System/Library/PrivateFrameworks/CommonAuth.framework/Versions/A/CommonAuth
0x00000001c707b000 	/System/Library/PrivateFrameworks/AudioSession.framework/Versions/A/AudioSession
0x00000001c5150000 	/System/Library/PrivateFrameworks/MediaExperience.framework/Versions/A/MediaExperience
0x00000001c6f03000 	/System/Library/PrivateFrameworks/AudioSession.framework/libSessionUtility.dylib
0x00000001c74ac000 	/System/Library/PrivateFrameworks/AudioResourceArbitration.framework/Versions/A/AudioResourceArbitration
0x00000001cb5b7000 	/System/Library/PrivateFrameworks/PowerLog.framework/Versions/A/PowerLog
0x00000001c50c8000 	/System/Library/PrivateFrameworks/IconFoundation.framework/Versions/A/IconFoundation
0x00000001ca367000 	/System/Library/PrivateFrameworks/SpeechRecognitionCore.framework/Versions/A/SpeechRecognitionCore
0x0000000106178000 	/Users/bartoszklimek/Library/Java/JavaVirtualMachines/openjdk-17.0.1/Contents/Home/lib/server/libjvm.dylib
0x0000000104fe4000 	/Users/bartoszklimek/Library/Java/JavaVirtualMachines/openjdk-17.0.1/Contents/Home/lib/libjimage.dylib
0x0000000105010000 	/Users/bartoszklimek/Library/Java/JavaVirtualMachines/openjdk-17.0.1/Contents/Home/lib/libinstrument.dylib
0x000000010505c000 	/Users/bartoszklimek/Library/Java/JavaVirtualMachines/openjdk-17.0.1/Contents/Home/lib/libjava.dylib
0x0000000105fc8000 	/Users/bartoszklimek/Library/Java/JavaVirtualMachines/openjdk-17.0.1/Contents/Home/lib/libnio.dylib
0x0000000105fe8000 	/Users/bartoszklimek/Library/Java/JavaVirtualMachines/openjdk-17.0.1/Contents/Home/lib/libnet.dylib
0x0000000105044000 	/Users/bartoszklimek/Library/Java/JavaVirtualMachines/openjdk-17.0.1/Contents/Home/lib/libzip.dylib
0x000000010600c000 	/Users/bartoszklimek/.openjfx/cache/17.0.1/libprism_es2.dylib
0x00000001bc412000 	/System/Library/PrivateFrameworks/CoreServicesInternal.framework/Versions/A/CoreServicesInternal
0x000000021aff4000 	/System/Library/Frameworks/OpenGL.framework/Versions/A/Resources/GLEngine.bundle/GLEngine
0x000000021ae7b000 	/System/Library/Frameworks/OpenGL.framework/Versions/A/Libraries/libGLProgrammability.dylib
0x00000001060d4000 	/System/Library/Extensions/AppleMetalOpenGLRenderer.bundle/Contents/MacOS/AppleMetalOpenGLRenderer
0x000000021b163000 	/System/Library/Frameworks/OpenGL.framework/Versions/A/Resources/GLRendererFloat.bundle/GLRendererFloat
0x000000021b204000 	/System/Library/Extensions/AGXMetal13_3.bundle/Contents/MacOS/AGXMetal13_3
0x00000001d9512000 	/System/Library/PrivateFrameworks/GPURawCounter.framework/Versions/A/GPURawCounter
0x00000001d3fb3000 	/System/Library/PrivateFrameworks/IOGPU.framework/Versions/A/IOGPU
0x0000000123d64000 	/Users/bartoszklimek/.openjfx/cache/17.0.1/libglass.dylib
0x00000001cb80b000 	/System/Library/Frameworks/FileProvider.framework/Versions/A/FileProvider
0x00000001c008a000 	/System/Library/Frameworks/Accounts.framework/Versions/A/Accounts
0x00000001cb98b000 	/System/Library/PrivateFrameworks/GenerationalStorage.framework/Versions/A/GenerationalStorage
0x00000001cc541000 	/System/Library/PrivateFrameworks/CoreSymbolication.framework/Versions/A/CoreSymbolication
0x00000001cb5ab000 	/System/Library/PrivateFrameworks/SymptomDiagnosticReporter.framework/Versions/A/SymptomDiagnosticReporter
0x00000001bd6fb000 	/System/Library/PrivateFrameworks/DesktopServicesPriv.framework/Versions/A/DesktopServicesPriv
0x00000001bc572000 	/usr/lib/libsandbox.1.dylib
0x00000001c10aa000 	/System/Library/PrivateFrameworks/UserManagement.framework/Versions/A/UserManagement
0x00000001cc502000 	/System/Library/PrivateFrameworks/DebugSymbols.framework/Versions/A/DebugSymbols
0x00000001c748b000 	/System/Library/PrivateFrameworks/NetAuth.framework/Versions/A/NetAuth
0x00000001c8390000 	/System/Library/PrivateFrameworks/Sharing.framework/Versions/A/Sharing
0x00000001c107a000 	/System/Library/PrivateFrameworks/login.framework/Versions/A/Frameworks/loginsupport.framework/Versions/A/loginsupport
0x00000001cd6b9000 	/System/Library/PrivateFrameworks/Apple80211.framework/Versions/A/Apple80211
0x00000001c4175000 	/System/Library/PrivateFrameworks/AuthKit.framework/Versions/A/AuthKit
0x00000001c3807000 	/System/Library/PrivateFrameworks/CoreUtils.framework/Versions/A/CoreUtils
0x00000001c3727000 	/System/Library/Frameworks/CoreWLAN.framework/Versions/A/CoreWLAN
0x00000001c84fa000 	/System/Library/Frameworks/IOBluetooth.framework/Versions/A/IOBluetooth
0x00000001cd719000 	/System/Library/PrivateFrameworks/CoreWiFi.framework/Versions/A/CoreWiFi
0x00000001cc0e9000 	/System/Library/PrivateFrameworks/FrontBoardServices.framework/Versions/A/FrontBoardServices
0x00000001cc181000 	/System/Library/PrivateFrameworks/BoardServices.framework/Versions/A/BoardServices
0x00000001c3a22000 	/System/Library/PrivateFrameworks/AssertionServices.framework/Versions/A/AssertionServices
0x00000001cd887000 	/System/Library/PrivateFrameworks/BackBoardServices.framework/Versions/A/BackBoardServices
0x00000001c78fd000 	/System/Library/PrivateFrameworks/CorePhoneNumbers.framework/Versions/A/CorePhoneNumbers
0x00000001cb6db000 	/System/Library/PrivateFrameworks/DiskManagement.framework/Versions/A/DiskManagement
0x00000001cb5de000 	/System/Library/PrivateFrameworks/AppleIDAuthSupport.framework/Versions/A/AppleIDAuthSupport
0x000000021ede0000 	/System/Library/PrivateFrameworks/AAAFoundation.framework/Versions/A/AAAFoundation
0x00000001c78dc000 	/System/Library/PrivateFrameworks/KeychainCircle.framework/Versions/A/KeychainCircle
0x00000001cb6a7000 	/System/Library/PrivateFrameworks/MediaKit.framework/Versions/A/MediaKit
0x00000001cb5eb000 	/System/Library/Frameworks/DiscRecording.framework/Versions/A/DiscRecording
0x00000001c4fd4000 	/usr/lib/libCoreStorage.dylib
0x00000001cdb83000 	/usr/lib/libcsfde.dylib
0x00000001c85cf000 	/System/Library/PrivateFrameworks/ProtectedCloudStorage.framework/Versions/A/ProtectedCloudStorage
0x00000001cdb7b000 	/System/Library/PrivateFrameworks/EFILogin.framework/Versions/A/EFILogin
0x00000001cb9b2000 	/System/Library/PrivateFrameworks/OctagonTrust.framework/Versions/A/OctagonTrust
0x0000000223704000 	/System/Library/PrivateFrameworks/CoreUtilsExtras.framework/Versions/A/CoreUtilsExtras
0x00000001cb521000 	/System/Library/Frameworks/CoreBluetooth.framework/Versions/A/CoreBluetooth
0x00000001ce1fa000 	/System/Library/Frameworks/AudioUnit.framework/Versions/A/AudioUnit
0x00000001c4fcc000 	/usr/lib/libMatch.1.dylib
0x00000001dd7f5000 	/System/Library/Frameworks/Accelerate.framework/Versions/A/Frameworks/vImage.framework/Versions/A/Libraries/libCGInterfaces.dylib
0x0000000123fec000 	/usr/lib/libobjc-trampolines.dylib
0x00000001c0d77000 	/System/Library/PrivateFrameworks/ViewBridge.framework/Versions/A/ViewBridge
0x000000021f47f000 	/System/Library/PrivateFrameworks/AccessibilityBundles.framework/Versions/A/AccessibilityBundles
0x00000001c571d000 	/System/Library/PrivateFrameworks/login.framework/Versions/A/login
0x00000001c4e93000 	/System/Library/PrivateFrameworks/CrashReporterSupport.framework/Versions/A/CrashReporterSupport
0x00000001e51b5000 	/System/Library/PrivateFrameworks/OSAnalytics.framework/Versions/A/OSAnalytics
0x00000001f01f9000 	/System/Library/PrivateFrameworks/Symbolication.framework/Versions/A/Symbolication
0x00000001d94d3000 	/System/Library/PrivateFrameworks/MallocStackLogging.framework/Versions/A/MallocStackLogging
0x000000013c5c8000 	/Users/bartoszklimek/.openjfx/cache/17.0.1/libjavafx_font.dylib
0x000000013d150000 	/Users/bartoszklimek/.openjfx/cache/17.0.1/libjavafx_iio.dylib
0x0000000236ccc000 	/usr/lib/libRosetta.dylib


VM Arguments:
jvm_args: -javaagent:/Applications/IntelliJ IDEA CE.app/Contents/lib/idea_rt.jar=51468:/Applications/IntelliJ IDEA CE.app/Contents/bin -Dfile.encoding=UTF-8 --module-path=/Users/bartoszklimek/.m2/repository/org/openjfx/javafx-base/17.0.1/javafx-base-17.0.1-mac-aarch64.jar:/Users/bartoszklimek/Desktop/Portfolio/Dictionary/target/classes:/Users/bartoszklimek/.m2/repository/org/openjfx/javafx-fxml/17.0.1/javafx-fxml-17.0.1-mac-aarch64.jar:/Users/bartoszklimek/.m2/repository/org/openjfx/javafx-controls/17.0.1/javafx-controls-17.0.1-mac-aarch64.jar:/Users/bartoszklimek/.m2/repository/org/openjfx/javafx-graphics/17.0.1/javafx-graphics-17.0.1-mac-aarch64.jar -Djdk.module.main=com.example.dictionary 
java_command: com.example.dictionary/com.example.dictionary.HelloApplication
java_class_path (initial): /Users/bartoszklimek/.m2/repository/org/openjfx/javafx-controls/17.0.1/javafx-controls-17.0.1.jar:/Users/bartoszklimek/.m2/repository/org/openjfx/javafx-graphics/17.0.1/javafx-graphics-17.0.1.jar:/Users/bartoszklimek/.m2/repository/org/openjfx/javafx-base/17.0.1/javafx-base-17.0.1.jar:/Users/bartoszklimek/.m2/repository/org/openjfx/javafx-fxml/17.0.1/javafx-fxml-17.0.1.jar
Launcher Type: SUN_STANDARD

[Global flags]
     intx CICompilerCount                          = 4                                         {product} {ergonomic}
     uint ConcGCThreads                            = 2                                         {product} {ergonomic}
     uint G1ConcRefinementThreads                  = 8                                         {product} {ergonomic}
   size_t G1HeapRegionSize                         = 1048576                                   {product} {ergonomic}
    uintx GCDrainStackTargetSize                   = 64                                        {product} {ergonomic}
   size_t InitialHeapSize                          = 134217728                                 {product} {ergonomic}
   size_t MarkStackSize                            = 4194304                                   {product} {ergonomic}
   size_t MaxHeapSize                              = 2147483648                                {product} {ergonomic}
   size_t MaxNewSize                               = 1287651328                                {product} {ergonomic}
   size_t MinHeapDeltaBytes                        = 1048576                                   {product} {ergonomic}
   size_t MinHeapSize                              = 8388608                                   {product} {ergonomic}
    uintx NonNMethodCodeHeapSize                   = 5839564                                {pd product} {ergonomic}
    uintx NonProfiledCodeHeapSize                  = 122909338                              {pd product} {ergonomic}
    uintx ProfiledCodeHeapSize                     = 122909338                              {pd product} {ergonomic}
    uintx ReservedCodeCacheSize                    = 251658240                              {pd product} {ergonomic}
     bool SegmentedCodeCache                       = true                                      {product} {ergonomic}
   size_t SoftMaxHeapSize                          = 2147483648                             {manageable} {ergonomic}
     bool UseCompressedClassPointers               = true                           {product lp64_product} {ergonomic}
     bool UseCompressedOops                        = true                           {product lp64_product} {ergonomic}
     bool UseG1GC                                  = true                                      {product} {ergonomic}
     bool UseNUMA                                  = false                                     {product} {ergonomic}
     bool UseNUMAInterleaving                      = false                                     {product} {ergonomic}

Logging:
Log output configuration:
 #0: stdout all=warning uptime,level,tags
 #1: stderr all=off uptime,level,tags

Environment Variables:
PATH=/opt/homebrew/bin:/opt/homebrew/sbin:/usr/local/bin:/usr/bin:/bin:/usr/sbin:/sbin:/Library/Apple/usr/bin
SHELL=/bin/zsh
LC_CTYPE=en_GB.UTF-8

Signal Handlers:
   SIGSEGV: _ZL13crash_handleriP9__siginfoPv in libjvm.dylib, mask=11100110000111110111111111111111, flags=SA_RESTART|SA_SIGINFO
    SIGBUS: _ZL13crash_handleriP9__siginfoPv in libjvm.dylib, mask=11100110000111110111111111111111, flags=SA_RESTART|SA_SIGINFO
    SIGFPE: _ZL13crash_handleriP9__siginfoPv in libjvm.dylib, mask=11100110000111110111111111111111, flags=SA_RESTART|SA_SIGINFO
   SIGPIPE: _ZL17javaSignalHandleriP9__siginfoPv in libjvm.dylib, mask=11100110000111110111111111111111, flags=SA_RESTART|SA_SIGINFO
   SIGXFSZ: _ZL17javaSignalHandleriP9__siginfoPv in libjvm.dylib, mask=11100110000111110111111111111111, flags=SA_RESTART|SA_SIGINFO
    SIGILL: _ZL13crash_handleriP9__siginfoPv in libjvm.dylib, mask=11100110000111110111111111111111, flags=SA_RESTART|SA_SIGINFO
   SIGUSR2: _ZL10SR_handleriP9__siginfoP17__darwin_ucontext in libjvm.dylib, mask=00100000000000000000000000000000, flags=SA_RESTART|SA_SIGINFO
    SIGHUP: _ZL11UserHandleriPvS_ in libjvm.dylib, mask=11100110000111110111111111111111, flags=SA_RESTART|SA_SIGINFO
    SIGINT: _ZL11UserHandleriPvS_ in libjvm.dylib, mask=11100110000111110111111111111111, flags=SA_RESTART|SA_SIGINFO
   SIGTERM: _ZL11UserHandleriPvS_ in libjvm.dylib, mask=11100110000111110111111111111111, flags=SA_RESTART|SA_SIGINFO
   SIGQUIT: _ZL11UserHandleriPvS_ in libjvm.dylib, mask=11100110000111110111111111111111, flags=SA_RESTART|SA_SIGINFO
   SIGTRAP: _ZL13crash_handleriP9__siginfoPv in libjvm.dylib, mask=11100110000111110111111111111111, flags=SA_RESTART|SA_SIGINFO


---------------  S Y S T E M  ---------------

OS:
uname: Darwin 21.2.0 Darwin Kernel Version 21.2.0: Sun Nov 28 20:29:10 PST 2021; root:xnu-8019.61.5~1/RELEASE_ARM64_T8101 arm64
OS uptime: 0 days 14:19 hours
rlimit (soft/hard): STACK 8176k/65520k , CORE 0k/infinity , NPROC 1333/2000 , NOFILE 10240/infinity , AS infinity/infinity , CPU infinity/infinity , DATA infinity/infinity , FSIZE infinity/infinity , MEMLOCK infinity/infinity , RSS infinity/infinity
load average: 1.95 1.72 1.72

CPU: total 8 (initial active 8) 0x61:0x0:0x1b588bb3:0, fp, simd, crc, lse

Memory: 16k page, physical 8388608k(105808k free), swap 1048576k(1038336k free)

vm_info: OpenJDK 64-Bit Server VM (17.0.1+12-39) for bsd-aarch64 JRE (17.0.1+12-39), built on Sep 27 2021 17:36:05 by "mach5one" with clang Apple LLVM 12.0.0 (clang-1200.0.32.29)

END.
