#
# A fatal error has been detected by the Java Runtime Environment:
#
#  SIGBUS (0xa) at pc=0x000000010e7a54f0, pid=3844, tid=35087
#
# JRE version: OpenJDK Runtime Environment (17.0.1+12) (build 17.0.1+12-39)
# Java VM: OpenJDK 64-Bit Server VM (17.0.1+12-39, mixed mode, sharing, tiered, compressed oops, compressed class ptrs, g1 gc, bsd-aarch64)
# Problematic frame:
# v  ~StubRoutines::SafeFetchN
#
# No core dump will be written. Core dumps have been disabled. To enable core dumping, try "ulimit -c unlimited" before starting Java again
#
# If you would like to submit a bug report, please visit:
#   https://bugreport.java.com/bugreport/crash.jsp
# The crash happened outside the Java Virtual Machine in native code.
# See problematic frame for where to report the bug.
#

---------------  S U M M A R Y ------------

Command Line: -javaagent:/Applications/IntelliJ IDEA CE.app/Contents/lib/idea_rt.jar=51484:/Applications/IntelliJ IDEA CE.app/Contents/bin -Dfile.encoding=UTF-8 --module-path=/Users/bartoszklimek/.m2/repository/org/openjfx/javafx-base/17.0.1/javafx-base-17.0.1-mac-aarch64.jar:/Users/bartoszklimek/Desktop/Portfolio/Dictionary/target/classes:/Users/bartoszklimek/.m2/repository/org/openjfx/javafx-fxml/17.0.1/javafx-fxml-17.0.1-mac-aarch64.jar:/Users/bartoszklimek/.m2/repository/org/openjfx/javafx-controls/17.0.1/javafx-controls-17.0.1-mac-aarch64.jar:/Users/bartoszklimek/.m2/repository/org/openjfx/javafx-graphics/17.0.1/javafx-graphics-17.0.1-mac-aarch64.jar -Djdk.module.main=com.example.dictionary com.example.dictionary/com.example.dictionary.HelloApplication

Host: "MacBookPro17,1" arm64 1 MHz, 8 cores, 8G, Darwin 21.2.0, macOS 12.1 (21C52)
Time: Mon Jan 24 15:43:46 2022 CET elapsed time: 2.071823 seconds (0d 0h 0m 2s)

---------------  T H R E A D  ---------------

Current thread (0x000000013c80a800):  JavaThread "InvokeLaterDispatcher" daemon [_thread_in_native, id=35087, stack(0x000000016d9ac000,0x000000016dbaf000)]

Stack: [0x000000016d9ac000,0x000000016dbaf000],  sp=0x000000016dbae780,  free space=2057k
Native frames: (J=compiled Java code, j=interpreted, Vv=VM code, C=native code)
v  ~StubRoutines::SafeFetchN
V  [libjvm.dylib+0x7a068c]  _ZN10OopStorage7releaseEPKP7oopDesc+0x20
V  [libjvm.dylib+0x4b98c4]  jni_DeleteGlobalRef+0xd8
C  [libglass.dylib+0xab08]  -[GlassRunnable dealloc]+0x34
C  [Foundation+0x84c7c]  -[_NSThreadPerformInfo dealloc]+0x30
C  [Foundation+0x51578]  -[NSObject(NSThreadPerformAdditions) performSelectorOnMainThread:withObject:waitUntilDone:]+0x88
C  0xef4180010e7ad8ac
j  com.sun.glass.ui.mac.MacApplication.submitForLaterInvocation(Ljava/lang/Runnable;)V+2 javafx.graphics
j  com.sun.glass.ui.InvokeLaterDispatcher.run()V+82 javafx.graphics
v  ~StubRoutines::call_stub
V  [libjvm.dylib+0x460da8]  _ZN9JavaCalls11call_helperEP9JavaValueRK12methodHandleP17JavaCallArgumentsP10JavaThread+0x38c
V  [libjvm.dylib+0x45fdc4]  _ZN9JavaCalls12call_virtualEP9JavaValueP5KlassP6SymbolS5_P17JavaCallArgumentsP10JavaThread+0x11c
V  [libjvm.dylib+0x45fe90]  _ZN9JavaCalls12call_virtualEP9JavaValue6HandleP5KlassP6SymbolS6_P10JavaThread+0x64
V  [libjvm.dylib+0x514fa4]  _ZL12thread_entryP10JavaThreadS0_+0xc4
V  [libjvm.dylib+0x8ff094]  _ZN10JavaThread17thread_main_innerEv+0x13c
V  [libjvm.dylib+0x8fd7a8]  _ZN6Thread8call_runEv+0x128
V  [libjvm.dylib+0x7a7274]  _ZL19thread_native_entryP6Thread+0x158
C  [libsystem_pthread.dylib+0x7240]  _pthread_start+0x94

Java frames: (J=compiled Java code, j=interpreted, Vv=VM code)
j  com.sun.glass.ui.mac.MacApplication._submitForLaterInvocation(Ljava/lang/Runnable;)V+0 javafx.graphics
j  com.sun.glass.ui.mac.MacApplication.submitForLaterInvocation(Ljava/lang/Runnable;)V+2 javafx.graphics
j  com.sun.glass.ui.InvokeLaterDispatcher.run()V+82 javafx.graphics
v  ~StubRoutines::call_stub

siginfo: si_signo: 10 (SIGBUS), si_code: 1 (BUS_ADRALN), si_addr: 0x000000010e7a54f0

Register to memory mapping:

 x0=0x000000013bf07cc8 is a global jni handle
 x1=0x0 is NULL
 x2=0x00000007868fd6b0 is an oop: com.sun.glass.ui.InvokeLaterDispatcher$Future 
{0x00000007868fd6b0} - klass: 'com/sun/glass/ui/InvokeLaterDispatcher$Future'
 - ---- fields (total size 3 words):
 - private 'done' 'Z' @12  true
 - private final 'runnable' 'Ljava/lang/Runnable;' @16  a 'com/sun/javafx/application/PlatformImpl$$Lambda$92+0x0000000800c81b10'{0x00000007867e3990} (f0cfc732)
 - final synthetic 'this$0' 'Lcom/sun/glass/ui/InvokeLaterDispatcher;' @20  a 'com/sun/glass/ui/InvokeLaterDispatcher'{0x000000078751fc38} (f0ea3f87)
 x3=0x0 is NULL
 x4=0x00000000000130a8 is an unknown value
 x5=0x0 is NULL
 x6=0x0 is NULL
 x7=0x0 is NULL
 x8=0x000000010e7a54ec is at begin+0 in a stub
StubRoutines::SafeFetchN [0x000000010e7a54ec, 0x000000010e7a54f8] (12 bytes)
 x9=0x0 is NULL
x10=0x2010000030300000 is an unknown value
x11=0x0000000000000007 is an unknown value
x12=0x0 is NULL
x13=0x00006000023c01f0 points into unknown readable memory: 0x776f640000000001 | 01 00 00 00 00 64 6f 77
x14=0x0000000000000001 is an unknown value
x15=0x0000000125f4df98: OBJC_CLASS_$_GlassRunnable+0 in /Users/bartoszklimek/.openjfx/cache/17.0.1/libglass.dylib at 0x0000000125f08000
x16=0x00000001b99e0094: pthread_getspecific+0 in /usr/lib/system/libsystem_pthread.dylib at 0x00000001b99de000
x17=0x00006000029cdd40 points into unknown readable memory: 0xfffffffffffffffe | fe ff ff ff ff ff ff ff
x18=0x0 is NULL
x19=0x00006000026d00e0 points into unknown readable memory: 0x0000600000fc8050 | 50 80 fc 00 00 60 00 00
x20=0x000000013bf07ac0 points into unknown readable memory: 0x00000001ba9244cc | cc 44 92 ba 01 00 00 00
x21=0x000000013bf07cc8 is a global jni handle
x22=0x000000013c80a800 is a thread
x23=0x0000000000000001 is an unknown value
x24=0x000000013bf07c80 is a global jni handle
x25=0x0000000106cc15d8: _ZN12StubRoutines17_safefetchN_entryE+0 in /Users/bartoszklimek/Library/Java/JavaVirtualMachines/openjdk-17.0.1/Contents/Home/lib/server/libjvm.dylib at 0x0000000106118000
x26=0x0000000123d18318 is pointing into metadata
x27=0x0 is NULL
x28=0x000000013c80a800 is a thread


Registers:
 x0=0x000000013bf07cc8  x1=0x0000000000000000  x2=0x00000007868fd6b0  x3=0x0000000000000000
 x4=0x00000000000130a8  x5=0x0000000000000000  x6=0x0000000000000000  x7=0x0000000000000000
 x8=0x000000010e7a54ec  x9=0x0000000000000000 x10=0x2010000030300000 x11=0x0000000000000007
x12=0x0000000000000000 x13=0x00006000023c01f0 x14=0x0000000000000001 x15=0x0000000125f4df98
x16=0x00000001b99e0094 x17=0x00006000029cdd40 x18=0x0000000000000000 x19=0x00006000026d00e0
x20=0x000000013bf07ac0 x21=0x000000013bf07cc8 x22=0x000000013c80a800 x23=0x0000000000000001
x24=0x000000013bf07c80 x25=0x0000000106cc15d8 x26=0x0000000123d18318 x27=0x0000000000000000
x28=0x000000013c80a800  fp=0x000000016dbae7c0  lr=0x00000001068b745c  sp=0x000000016dbae780
pc=0x000000010e7a54f0 cpsr=0x0000000060001000
Top of Stack: (sp=0x000000016dbae780)
0x000000016dbae780:   0000000123d18318 0000000000000001
0x000000016dbae790:   000000016dbae988 0000000000000000
0x000000016dbae7a0:   000000013c88b6a8 000000013bf07cb0
0x000000016dbae7b0:   000000013bf07cb0 00006000026d00e0
0x000000016dbae7c0:   000000016dbae800 00000001068b868c
0x000000016dbae7d0:   0000000000000001 000000013bf07cb0
0x000000016dbae7e0:   000000013c88b6a8 000000013bf07cb0
0x000000016dbae7f0:   0000000000000001 000000013c88b400
0x000000016dbae800:   000000016dbae840 00000001065d18c4
0x000000016dbae810:   000000016dbae988 0000600000fc46d0
0x000000016dbae820:   0000600000fc4080 0000000203f10474
0x000000016dbae830:   0000000000000000 0000600000fc4080
0x000000016dbae840:   000000016dbae870 0000000125f12b08
0x000000016dbae850:   816754768179007c 0000000000000000
0x000000016dbae860:   0000000000000000 00006000018f13c0
0x000000016dbae870:   000000016dbae8b0 00000001ba9a4c7c
0x000000016dbae880:   000000016dbae988 0000600000fc46d0
0x000000016dbae890:   0000600000fc4080 816754768179007c
0x000000016dbae8a0:   0000000000000000 0000000000000000
0x000000016dbae8b0:   000000016dbae8f0 ca6f8001ba971578
0x000000016dbae8c0:   000000016dbae988 000000010e7ac7c0
0x000000016dbae8d0:   0000000000000000 0000000106cc8f90
0x000000016dbae8e0:   000000016dbae900 000000010e7ab730
0x000000016dbae8f0:   000000016dbae960 ef4180010e7ad8ac
0x000000016dbae900:   000000016dbae968 00000001239bcbc0
0x000000016dbae910:   000000016dbae910 0000000000000000
0x000000016dbae920:   000000016dbae988 0000000123d18318
0x000000016dbae930:   00000007875a8f00 0000000000000000
0x000000016dbae940:   0000000000000000 0000000123cf7138
0x000000016dbae950:   0000000000000000 000000016dbae960
0x000000016dbae960:   000000016dbae9e0 000000010e7a9fc8
0x000000016dbae970:   0000000000000000 0000000000000000 

Instructions: (pc=0x000000010e7a54f0)
0x000000010e7a53f0:   f2a0d909 f2c00029 6d425935 1e640886
0x000000010e7a5400:   0c402d31 1e6408c7 1f5654d0 1e6c1017
0x000000010e7a5410:   1f5050d0 1f504cd0 1f5048d0 1e650af6
0x000000010e7a5420:   1f50d8f6 1f5694d6 1f5158f6 1e762880
0x000000010e7a5430:   36000501 1e614000 14000026 2e251ca5
0x000000010e7a5440:   d29c3009 f2a0d909 f2c00029 6d425d36
0x000000010e7a5450:   1e600806 0c402d32 1f5758c7 1e6c101a
0x000000010e7a5460:   1f4754c7 1e650805 1f4750c7 d2866668
0x000000010e7a5470:   f2a7fa68 1f474cc7 1e6608c0 1f4748c7
0x000000010e7a5480:   1e6e1019 eb08007f 540000ac 1f479400
0x000000010e7a5490:   1f460340 1e603b20 1400000e d2a7fd29
0x000000010e7a54a0:   eb09007f 540000ac 51480069 d3607d29
0x000000010e7a54b0:   9e670121 14000002 1e6a5001 1f679417
0x000000010e7a54c0:   1f668742 1e613b23 1e773857 1e773860
0x000000010e7a54d0:   a8c17ff3 910003bf a8c17bfd d65f03c0
0x000000010e7a54e0:   b9400001 aa0103e0 d65f03c0 f9400001
0x000000010e7a54f0:   aa0103e0 d65f03c0 00000000 00000000
0x000000010e7a5500:   00000000 00000000 00000000 00000000
0x000000010e7a5510:   00000000 00000000 00000000 00000000
0x000000010e7a5520:   00000000 00000000 00000000 00000000
0x000000010e7a5530:   00000000 00000000 00000000 00000000
0x000000010e7a5540:   00000000 00000000 00000000 00000000
0x000000010e7a5550:   00000000 00000000 00000000 00000000
0x000000010e7a5560:   00000000 00000000 00000000 00000000
0x000000010e7a5570:   00000000 00000000 00000000 00000000
0x000000010e7a5580:   00000000 00000000 00000000 00000000
0x000000010e7a5590:   00000000 00000000 00000000 00000000
0x000000010e7a55a0:   00000000 00000000 00000000 00000000
0x000000010e7a55b0:   00000000 00000000 00000000 00000000
0x000000010e7a55c0:   00000000 00000000 00000000 00000000
0x000000010e7a55d0:   00000000 00000000 00000000 00000000
0x000000010e7a55e0:   00000000 00000000 00000000 00000000 


Stack slot to memory mapping:
stack at sp + 0 slots: 0x0000000123d18318 is pointing into metadata
stack at sp + 1 slots: 0x0000000000000001 is an unknown value
stack at sp + 2 slots: 0x000000016dbae988 is pointing into the stack for thread: 0x000000013c80a800
stack at sp + 3 slots: 0x0 is NULL
stack at sp + 4 slots: 0x000000013c88b6a8 points into unknown readable memory: 0x0000000106c7e728 | 28 e7 c7 06 01 00 00 00
stack at sp + 5 slots: 0x000000013bf07cb0 is a global jni handle
stack at sp + 6 slots: 0x000000013bf07cb0 is a global jni handle
stack at sp + 7 slots: 0x00006000026d00e0 points into unknown readable memory: 0x0000600000fc8050 | 50 80 fc 00 00 60 00 00

StubRoutines::SafeFetchN [0x000000010e7a54ec, 0x000000010e7a54f8] (12 bytes)
[MachCode]
  0x000000010e7a54ec: 0100 40f9 | e003 01aa | c003 5fd6 
[/MachCode]

---------------  P R O C E S S  ---------------

Threads class SMR info:
_java_thread_list=0x0000600000d0bb80, length=20, elements={
0x000000013c013c00, 0x000000013c809c00, 0x000000013c80c400, 0x000000013c80f800,
0x000000013c80fe00, 0x000000013c810400, 0x000000013c810a00, 0x000000013c811000,
0x000000013c811600, 0x000000013c811c00, 0x000000013c012200, 0x000000013c011a00,
0x000000013c813e00, 0x000000013c80a800, 0x000000013c88b400, 0x000000015c12dc00,
0x000000013c982600, 0x000000015c3a8000, 0x000000013c475200, 0x000000015c40b200
}

Java Threads: ( => current thread )
  0x000000013c013c00 JavaThread "main" [_thread_blocked, id=5891, stack(0x000000016af18000,0x000000016b11b000)]
  0x000000013c809c00 JavaThread "Reference Handler" daemon [_thread_blocked, id=16131, stack(0x000000016bd6c000,0x000000016bf6f000)]
  0x000000013c80c400 JavaThread "Finalizer" daemon [_thread_blocked, id=16387, stack(0x000000016bf78000,0x000000016c17b000)]
  0x000000013c80f800 JavaThread "Signal Dispatcher" daemon [_thread_blocked, id=42243, stack(0x000000016c328000,0x000000016c52b000)]
  0x000000013c80fe00 JavaThread "Service Thread" daemon [_thread_blocked, id=41731, stack(0x000000016c534000,0x000000016c737000)]
  0x000000013c810400 JavaThread "Monitor Deflation Thread" daemon [_thread_blocked, id=23043, stack(0x000000016c740000,0x000000016c943000)]
  0x000000013c810a00 JavaThread "C2 CompilerThread0" daemon [_thread_blocked, id=23299, stack(0x000000016c94c000,0x000000016cb4f000)]
  0x000000013c811000 JavaThread "C1 CompilerThread0" daemon [_thread_blocked, id=40963, stack(0x000000016cb58000,0x000000016cd5b000)]
  0x000000013c811600 JavaThread "Sweeper thread" daemon [_thread_blocked, id=40451, stack(0x000000016cd64000,0x000000016cf67000)]
  0x000000013c811c00 JavaThread "Common-Cleaner" daemon [_thread_blocked, id=23555, stack(0x000000016cf70000,0x000000016d173000)]
  0x000000013c012200 JavaThread "Monitor Ctrl-Break" daemon [_thread_in_native, id=24067, stack(0x000000016d17c000,0x000000016d37f000)]
  0x000000013c011a00 JavaThread "Notification Thread" daemon [_thread_blocked, id=24579, stack(0x000000016d388000,0x000000016d58b000)]
  0x000000013c813e00 JavaThread "QuantumRenderer-0" daemon [_thread_blocked, id=25091, stack(0x000000016d7a0000,0x000000016d9a3000)]
=>0x000000013c80a800 JavaThread "InvokeLaterDispatcher" daemon [_thread_in_native, id=35087, stack(0x000000016d9ac000,0x000000016dbaf000)]
  0x000000013c88b400 JavaThread "JavaFX Application Thread" [_thread_in_vm, id=259, stack(0x000000016a690000,0x000000016ae8c000)]
  0x000000015c12dc00 JavaThread "PulseTimer-CVDisplayLink thread" daemon [_thread_in_native, id=51979, stack(0x000000016dbb8000,0x000000016dc3b000)]
  0x000000013c982600 JavaThread "JavaFX-Launcher" [_thread_blocked, id=76823, stack(0x000000016de50000,0x000000016e053000)]
  0x000000015c3a8000 JavaThread "Prism Font Disposer" daemon [_thread_blocked, id=70923, stack(0x000000016ea98000,0x000000016ec9b000)]
  0x000000013c475200 JavaThread "Cleaner-0" daemon [_thread_blocked, id=65063, stack(0x000000016edbc000,0x000000016efbf000)]
  0x000000015c40b200 JavaThread "Attach Listener" daemon [_thread_blocked, id=59187, stack(0x000000016efc8000,0x000000016f1cb000)]

Other Threads:
  0x000000013bf04ff0 VMThread "VM Thread" [stack: 0x000000016bb60000,0x000000016bd63000] [id=18179]
  0x000000015bf06170 WatcherThread [stack: 0x000000016d594000,0x000000016d797000] [id=39683]
  0x000000013be066f0 GCTaskThread "GC Thread#0" [stack: 0x000000016b124000,0x000000016b327000] [id=12803]
  0x000000015be2e610 GCTaskThread "GC Thread#1" [stack: 0x000000016e05c000,0x000000016e25f000] [id=72451]
  0x000000015be2ed30 GCTaskThread "GC Thread#2" [stack: 0x000000016e268000,0x000000016e46b000] [id=57859]
  0x000000015be2f1b0 GCTaskThread "GC Thread#3" [stack: 0x000000016e474000,0x000000016e677000] [id=58371]
  0x000000015be2f630 GCTaskThread "GC Thread#4" [stack: 0x000000016e680000,0x000000016e883000] [id=58627]
  0x000000015be2fab0 GCTaskThread "GC Thread#5" [stack: 0x000000016e88c000,0x000000016ea8f000] [id=71939]
  0x000000013be06da0 ConcurrentGCThread "G1 Main Marker" [stack: 0x000000016b330000,0x000000016b533000] [id=19971]
  0x000000015d805560 ConcurrentGCThread "G1 Conc#0" [stack: 0x000000016b53c000,0x000000016b73f000] [id=13315]
  0x000000015d8070c0 ConcurrentGCThread "G1 Refine#0" [stack: 0x000000016b748000,0x000000016b94b000] [id=13827]
  0x000000013bf04310 ConcurrentGCThread "G1 Service" [stack: 0x000000016b954000,0x000000016bb57000] [id=18691]

Threads with active compile tasks:

VM state: not at safepoint (normal execution)

VM Mutex/Monitor currently owned by a thread: None

Heap address: 0x0000000780000000, size: 2048 MB, Compressed Oops mode: Zero based, Oop shift amount: 3

CDS archive(s) mapped at: [0x0000000800000000-0x0000000800bd4000-0x0000000800bd4000), size 12402688, SharedBaseAddress: 0x0000000800000000, ArchiveRelocationMode: 0.
Compressed class space mapped at: 0x0000000800c00000-0x0000000840c00000, reserved size: 1073741824
Narrow klass base: 0x0000000800000000, Narrow klass shift: 0, Narrow klass range: 0x100000000

GC Precious Log:
 CPUs: 8 total, 8 available
 Memory: 8192M
 Large Page Support: Disabled
 NUMA Support: Disabled
 Compressed Oops: Enabled (Zero based)
 Heap Region Size: 1M
 Heap Min Capacity: 8M
 Heap Initial Capacity: 128M
 Heap Max Capacity: 2G
 Pre-touch: Disabled
 Parallel Workers: 8
 Concurrent Workers: 2
 Concurrent Refinement Workers: 8
 Periodic GC: Disabled

Heap:
 garbage-first heap   total 133120K, used 74620K [0x0000000780000000, 0x0000000800000000)
  region size 1024K, 25 young (25600K), 5 survivors (5120K)
 Metaspace       used 14727K, committed 14976K, reserved 1064960K
  class space    used 2174K, committed 2304K, reserved 1048576K

Heap Regions: E=young(eden), S=young(survivor), O=old, HS=humongous(starts), HC=humongous(continues), CS=collection set, F=free, OA=open archive, CA=closed archive, TAMS=top-at-mark-start (previous, next)
|   0|0x0000000780000000, 0x000000078000d600, 0x0000000780100000|  5%| O|  |TAMS 0x0000000780000000, 0x000000078000d600| Untracked 
|   1|0x0000000780100000, 0x0000000780200000, 0x0000000780200000|100%|HS|  |TAMS 0x0000000780100000, 0x0000000780100000| Complete 
|   2|0x0000000780200000, 0x0000000780300000, 0x0000000780300000|100%|HC|  |TAMS 0x0000000780200000, 0x0000000780200000| Complete 
|   3|0x0000000780300000, 0x0000000780400000, 0x0000000780400000|100%|HC|  |TAMS 0x0000000780300000, 0x0000000780300000| Complete 
|   4|0x0000000780400000, 0x0000000780400000, 0x0000000780500000|  0%| F|  |TAMS 0x0000000780400000, 0x0000000780400000| Untracked 
|   5|0x0000000780500000, 0x0000000780600000, 0x0000000780600000|100%|HS|  |TAMS 0x0000000780500000, 0x0000000780600000| Complete 
|   6|0x0000000780600000, 0x0000000780700000, 0x0000000780700000|100%|HC|  |TAMS 0x0000000780600000, 0x0000000780700000| Complete 
|   7|0x0000000780700000, 0x0000000780800000, 0x0000000780800000|100%|HC|  |TAMS 0x0000000780700000, 0x0000000780800000| Complete 
|   8|0x0000000780800000, 0x0000000780900000, 0x0000000780900000|100%|HC|  |TAMS 0x0000000780800000, 0x0000000780900000| Complete 
|   9|0x0000000780900000, 0x0000000780a00000, 0x0000000780a00000|100%|HC|  |TAMS 0x0000000780900000, 0x0000000780a00000| Complete 
|  10|0x0000000780a00000, 0x0000000780b00000, 0x0000000780b00000|100%|HC|  |TAMS 0x0000000780a00000, 0x0000000780b00000| Complete 
|  11|0x0000000780b00000, 0x0000000780c00000, 0x0000000780c00000|100%|HC|  |TAMS 0x0000000780b00000, 0x0000000780c00000| Complete 
|  12|0x0000000780c00000, 0x0000000780d00000, 0x0000000780d00000|100%|HC|  |TAMS 0x0000000780c00000, 0x0000000780d00000| Complete 
|  13|0x0000000780d00000, 0x0000000780e00000, 0x0000000780e00000|100%|HC|  |TAMS 0x0000000780d00000, 0x0000000780e00000| Complete 
|  14|0x0000000780e00000, 0x0000000780f00000, 0x0000000780f00000|100%|HC|  |TAMS 0x0000000780e00000, 0x0000000780f00000| Complete 
|  15|0x0000000780f00000, 0x0000000781000000, 0x0000000781000000|100%|HC|  |TAMS 0x0000000780f00000, 0x0000000781000000| Complete 
|  16|0x0000000781000000, 0x0000000781100000, 0x0000000781100000|100%|HC|  |TAMS 0x0000000781000000, 0x0000000781100000| Complete 
|  17|0x0000000781100000, 0x0000000781100000, 0x0000000781200000|  0%| F|  |TAMS 0x0000000781100000, 0x0000000781100000| Untracked 
|  18|0x0000000781200000, 0x0000000781300000, 0x0000000781300000|100%|HS|  |TAMS 0x0000000781200000, 0x0000000781300000| Complete 
|  19|0x0000000781300000, 0x0000000781400000, 0x0000000781400000|100%|HC|  |TAMS 0x0000000781300000, 0x0000000781400000| Complete 
|  20|0x0000000781400000, 0x0000000781500000, 0x0000000781500000|100%|HC|  |TAMS 0x0000000781400000, 0x0000000781500000| Complete 
|  21|0x0000000781500000, 0x0000000781500000, 0x0000000781600000|  0%| F|  |TAMS 0x0000000781500000, 0x0000000781500000| Untracked 
|  22|0x0000000781600000, 0x0000000781700000, 0x0000000781700000|100%|HS|  |TAMS 0x0000000781600000, 0x0000000781700000| Complete 
|  23|0x0000000781700000, 0x0000000781800000, 0x0000000781800000|100%|HC|  |TAMS 0x0000000781700000, 0x0000000781800000| Complete 
|  24|0x0000000781800000, 0x0000000781900000, 0x0000000781900000|100%|HC|  |TAMS 0x0000000781800000, 0x0000000781900000| Complete 
|  25|0x0000000781900000, 0x0000000781a00000, 0x0000000781a00000|100%|HS|  |TAMS 0x0000000781900000, 0x0000000781a00000| Complete 
|  26|0x0000000781a00000, 0x0000000781b00000, 0x0000000781b00000|100%|HC|  |TAMS 0x0000000781a00000, 0x0000000781b00000| Complete 
|  27|0x0000000781b00000, 0x0000000781c00000, 0x0000000781c00000|100%|HC|  |TAMS 0x0000000781b00000, 0x0000000781c00000| Complete 
|  28|0x0000000781c00000, 0x0000000781d00000, 0x0000000781d00000|100%|HC|  |TAMS 0x0000000781c00000, 0x0000000781d00000| Complete 
|  29|0x0000000781d00000, 0x0000000781e00000, 0x0000000781e00000|100%|HS|  |TAMS 0x0000000781d00000, 0x0000000781e00000| Complete 
|  30|0x0000000781e00000, 0x0000000781f00000, 0x0000000781f00000|100%|HC|  |TAMS 0x0000000781e00000, 0x0000000781f00000| Complete 
|  31|0x0000000781f00000, 0x0000000782000000, 0x0000000782000000|100%|HC|  |TAMS 0x0000000781f00000, 0x0000000782000000| Complete 
|  32|0x0000000782000000, 0x0000000782100000, 0x0000000782100000|100%|HC|  |TAMS 0x0000000782000000, 0x0000000782100000| Complete 
|  33|0x0000000782100000, 0x0000000782200000, 0x0000000782200000|100%|HS|  |TAMS 0x0000000782100000, 0x0000000782200000| Complete 
|  34|0x0000000782200000, 0x0000000782300000, 0x0000000782300000|100%|HC|  |TAMS 0x0000000782200000, 0x0000000782300000| Complete 
|  35|0x0000000782300000, 0x0000000782400000, 0x0000000782400000|100%|HC|  |TAMS 0x0000000782300000, 0x0000000782400000| Complete 
|  36|0x0000000782400000, 0x0000000782500000, 0x0000000782500000|100%|HC|  |TAMS 0x0000000782400000, 0x0000000782500000| Complete 
|  37|0x0000000782500000, 0x0000000782600000, 0x0000000782600000|100%|HS|  |TAMS 0x0000000782500000, 0x0000000782500000| Complete 
|  38|0x0000000782600000, 0x0000000782700000, 0x0000000782700000|100%|HC|  |TAMS 0x0000000782600000, 0x0000000782600000| Complete 
|  39|0x0000000782700000, 0x0000000782700000, 0x0000000782800000|  0%| F|  |TAMS 0x0000000782700000, 0x0000000782700000| Untracked 
|  40|0x0000000782800000, 0x0000000782800000, 0x0000000782900000|  0%| F|  |TAMS 0x0000000782800000, 0x0000000782800000| Untracked 
|  41|0x0000000782900000, 0x0000000782a00000, 0x0000000782a00000|100%|HS|  |TAMS 0x0000000782900000, 0x0000000782a00000| Complete 
|  42|0x0000000782a00000, 0x0000000782b00000, 0x0000000782b00000|100%|HC|  |TAMS 0x0000000782a00000, 0x0000000782b00000| Complete 
|  43|0x0000000782b00000, 0x0000000782c00000, 0x0000000782c00000|100%|HC|  |TAMS 0x0000000782b00000, 0x0000000782c00000| Complete 
|  44|0x0000000782c00000, 0x0000000782d00000, 0x0000000782d00000|100%|HC|  |TAMS 0x0000000782c00000, 0x0000000782d00000| Complete 
|  45|0x0000000782d00000, 0x0000000782e00000, 0x0000000782e00000|100%|HC|  |TAMS 0x0000000782d00000, 0x0000000782e00000| Complete 
|  46|0x0000000782e00000, 0x0000000782f00000, 0x0000000782f00000|100%|HC|  |TAMS 0x0000000782e00000, 0x0000000782f00000| Complete 
|  47|0x0000000782f00000, 0x0000000783000000, 0x0000000783000000|100%|HC|  |TAMS 0x0000000782f00000, 0x0000000783000000| Complete 
|  48|0x0000000783000000, 0x0000000783100000, 0x0000000783100000|100%|HC|  |TAMS 0x0000000783000000, 0x0000000783100000| Complete 
|  49|0x0000000783100000, 0x0000000783200000, 0x0000000783200000|100%|HC|  |TAMS 0x0000000783100000, 0x0000000783200000| Complete 
|  50|0x0000000783200000, 0x0000000783300000, 0x0000000783300000|100%|HC|  |TAMS 0x0000000783200000, 0x0000000783300000| Complete 
|  51|0x0000000783300000, 0x0000000783400000, 0x0000000783400000|100%|HC|  |TAMS 0x0000000783300000, 0x0000000783400000| Complete 
|  52|0x0000000783400000, 0x0000000783500000, 0x0000000783500000|100%|HC|  |TAMS 0x0000000783400000, 0x0000000783500000| Complete 
|  53|0x0000000783500000, 0x0000000783600000, 0x0000000783600000|100%|HS|  |TAMS 0x0000000783500000, 0x0000000783600000| Complete 
|  54|0x0000000783600000, 0x0000000783600000, 0x0000000783700000|  0%| F|  |TAMS 0x0000000783600000, 0x0000000783600000| Untracked 
|  55|0x0000000783700000, 0x0000000783700000, 0x0000000783800000|  0%| F|  |TAMS 0x0000000783700000, 0x0000000783700000| Untracked 
|  56|0x0000000783800000, 0x0000000783800000, 0x0000000783900000|  0%| F|  |TAMS 0x0000000783800000, 0x0000000783800000| Untracked 
|  57|0x0000000783900000, 0x0000000783900000, 0x0000000783a00000|  0%| F|  |TAMS 0x0000000783900000, 0x0000000783900000| Untracked 
|  58|0x0000000783a00000, 0x0000000783a00000, 0x0000000783b00000|  0%| F|  |TAMS 0x0000000783a00000, 0x0000000783a00000| Untracked 
|  59|0x0000000783b00000, 0x0000000783b00000, 0x0000000783c00000|  0%| F|  |TAMS 0x0000000783b00000, 0x0000000783b00000| Untracked 
|  60|0x0000000783c00000, 0x0000000783c00000, 0x0000000783d00000|  0%| F|  |TAMS 0x0000000783c00000, 0x0000000783c00000| Untracked 
|  61|0x0000000783d00000, 0x0000000783d00000, 0x0000000783e00000|  0%| F|  |TAMS 0x0000000783d00000, 0x0000000783d00000| Untracked 
|  62|0x0000000783e00000, 0x0000000783e00000, 0x0000000783f00000|  0%| F|  |TAMS 0x0000000783e00000, 0x0000000783e00000| Untracked 
|  63|0x0000000783f00000, 0x0000000783f00000, 0x0000000784000000|  0%| F|  |TAMS 0x0000000783f00000, 0x0000000783f00000| Untracked 
|  64|0x0000000784000000, 0x0000000784000000, 0x0000000784100000|  0%| F|  |TAMS 0x0000000784000000, 0x0000000784000000| Untracked 
|  65|0x0000000784100000, 0x0000000784100000, 0x0000000784200000|  0%| F|  |TAMS 0x0000000784100000, 0x0000000784100000| Untracked 
|  66|0x0000000784200000, 0x0000000784200000, 0x0000000784300000|  0%| F|  |TAMS 0x0000000784200000, 0x0000000784200000| Untracked 
|  67|0x0000000784300000, 0x0000000784300000, 0x0000000784400000|  0%| F|  |TAMS 0x0000000784300000, 0x0000000784300000| Untracked 
|  68|0x0000000784400000, 0x0000000784400000, 0x0000000784500000|  0%| F|  |TAMS 0x0000000784400000, 0x0000000784400000| Untracked 
|  69|0x0000000784500000, 0x0000000784500000, 0x0000000784600000|  0%| F|  |TAMS 0x0000000784500000, 0x0000000784500000| Untracked 
|  70|0x0000000784600000, 0x0000000784600000, 0x0000000784700000|  0%| F|  |TAMS 0x0000000784600000, 0x0000000784600000| Untracked 
|  71|0x0000000784700000, 0x0000000784700000, 0x0000000784800000|  0%| F|  |TAMS 0x0000000784700000, 0x0000000784700000| Untracked 
|  72|0x0000000784800000, 0x0000000784800000, 0x0000000784900000|  0%| F|  |TAMS 0x0000000784800000, 0x0000000784800000| Untracked 
|  73|0x0000000784900000, 0x0000000784900000, 0x0000000784a00000|  0%| F|  |TAMS 0x0000000784900000, 0x0000000784900000| Untracked 
|  74|0x0000000784a00000, 0x0000000784a00000, 0x0000000784b00000|  0%| F|  |TAMS 0x0000000784a00000, 0x0000000784a00000| Untracked 
|  75|0x0000000784b00000, 0x0000000784b00000, 0x0000000784c00000|  0%| F|  |TAMS 0x0000000784b00000, 0x0000000784b00000| Untracked 
|  76|0x0000000784c00000, 0x0000000784c00000, 0x0000000784d00000|  0%| F|  |TAMS 0x0000000784c00000, 0x0000000784c00000| Untracked 
|  77|0x0000000784d00000, 0x0000000784d00000, 0x0000000784e00000|  0%| F|  |TAMS 0x0000000784d00000, 0x0000000784d00000| Untracked 
|  78|0x0000000784e00000, 0x0000000784e00000, 0x0000000784f00000|  0%| F|  |TAMS 0x0000000784e00000, 0x0000000784e00000| Untracked 
|  79|0x0000000784f00000, 0x0000000784f00000, 0x0000000785000000|  0%| F|  |TAMS 0x0000000784f00000, 0x0000000784f00000| Untracked 
|  80|0x0000000785000000, 0x0000000785000000, 0x0000000785100000|  0%| F|  |TAMS 0x0000000785000000, 0x0000000785000000| Untracked 
|  81|0x0000000785100000, 0x0000000785100000, 0x0000000785200000|  0%| F|  |TAMS 0x0000000785100000, 0x0000000785100000| Untracked 
|  82|0x0000000785200000, 0x0000000785200000, 0x0000000785300000|  0%| F|  |TAMS 0x0000000785200000, 0x0000000785200000| Untracked 
|  83|0x0000000785300000, 0x0000000785300000, 0x0000000785400000|  0%| F|  |TAMS 0x0000000785300000, 0x0000000785300000| Untracked 
|  84|0x0000000785400000, 0x0000000785400000, 0x0000000785500000|  0%| F|  |TAMS 0x0000000785400000, 0x0000000785400000| Untracked 
|  85|0x0000000785500000, 0x0000000785500000, 0x0000000785600000|  0%| F|  |TAMS 0x0000000785500000, 0x0000000785500000| Untracked 
|  86|0x0000000785600000, 0x0000000785600000, 0x0000000785700000|  0%| F|  |TAMS 0x0000000785600000, 0x0000000785600000| Untracked 
|  87|0x0000000785700000, 0x0000000785700000, 0x0000000785800000|  0%| F|  |TAMS 0x0000000785700000, 0x0000000785700000| Untracked 
|  88|0x0000000785800000, 0x0000000785800000, 0x0000000785900000|  0%| F|  |TAMS 0x0000000785800000, 0x0000000785800000| Untracked 
|  89|0x0000000785900000, 0x0000000785900000, 0x0000000785a00000|  0%| F|  |TAMS 0x0000000785900000, 0x0000000785900000| Untracked 
|  90|0x0000000785a00000, 0x0000000785a00000, 0x0000000785b00000|  0%| F|  |TAMS 0x0000000785a00000, 0x0000000785a00000| Untracked 
|  91|0x0000000785b00000, 0x0000000785b00000, 0x0000000785c00000|  0%| F|  |TAMS 0x0000000785b00000, 0x0000000785b00000| Untracked 
|  92|0x0000000785c00000, 0x0000000785c00000, 0x0000000785d00000|  0%| F|  |TAMS 0x0000000785c00000, 0x0000000785c00000| Untracked 
|  93|0x0000000785d00000, 0x0000000785d00000, 0x0000000785e00000|  0%| F|  |TAMS 0x0000000785d00000, 0x0000000785d00000| Untracked 
|  94|0x0000000785e00000, 0x0000000785e00000, 0x0000000785f00000|  0%| F|  |TAMS 0x0000000785e00000, 0x0000000785e00000| Untracked 
|  95|0x0000000785f00000, 0x0000000785f00000, 0x0000000786000000|  0%| F|  |TAMS 0x0000000785f00000, 0x0000000785f00000| Untracked 
|  96|0x0000000786000000, 0x0000000786000000, 0x0000000786100000|  0%| F|  |TAMS 0x0000000786000000, 0x0000000786000000| Untracked 
|  97|0x0000000786100000, 0x0000000786100000, 0x0000000786200000|  0%| F|  |TAMS 0x0000000786100000, 0x0000000786100000| Untracked 
|  98|0x0000000786200000, 0x0000000786200000, 0x0000000786300000|  0%| F|  |TAMS 0x0000000786200000, 0x0000000786200000| Untracked 
|  99|0x0000000786300000, 0x0000000786300000, 0x0000000786400000|  0%| F|  |TAMS 0x0000000786300000, 0x0000000786300000| Untracked 
| 100|0x0000000786400000, 0x0000000786400000, 0x0000000786500000|  0%| F|  |TAMS 0x0000000786400000, 0x0000000786400000| Untracked 
| 101|0x0000000786500000, 0x0000000786500000, 0x0000000786600000|  0%| F|  |TAMS 0x0000000786500000, 0x0000000786500000| Untracked 
| 102|0x0000000786600000, 0x0000000786600000, 0x0000000786700000|  0%| F|  |TAMS 0x0000000786600000, 0x0000000786600000| Untracked 
| 103|0x0000000786700000, 0x0000000786800000, 0x0000000786800000|100%| E|  |TAMS 0x0000000786700000, 0x0000000786700000| Complete 
| 104|0x0000000786800000, 0x0000000786900000, 0x0000000786900000|100%| E|CS|TAMS 0x0000000786800000, 0x0000000786800000| Complete 
| 105|0x0000000786900000, 0x0000000786a00000, 0x0000000786a00000|100%| E|CS|TAMS 0x0000000786900000, 0x0000000786900000| Complete 
| 106|0x0000000786a00000, 0x0000000786b00000, 0x0000000786b00000|100%| E|CS|TAMS 0x0000000786a00000, 0x0000000786a00000| Complete 
| 107|0x0000000786b00000, 0x0000000786c00000, 0x0000000786c00000|100%| E|CS|TAMS 0x0000000786b00000, 0x0000000786b00000| Complete 
| 108|0x0000000786c00000, 0x0000000786d00000, 0x0000000786d00000|100%| E|CS|TAMS 0x0000000786c00000, 0x0000000786c00000| Complete 
| 109|0x0000000786d00000, 0x0000000786e00000, 0x0000000786e00000|100%| E|CS|TAMS 0x0000000786d00000, 0x0000000786d00000| Complete 
| 110|0x0000000786e00000, 0x0000000786f00000, 0x0000000786f00000|100%| E|CS|TAMS 0x0000000786e00000, 0x0000000786e00000| Complete 
| 111|0x0000000786f00000, 0x0000000787000000, 0x0000000787000000|100%| E|CS|TAMS 0x0000000786f00000, 0x0000000786f00000| Complete 
| 112|0x0000000787000000, 0x0000000787100000, 0x0000000787100000|100%| E|CS|TAMS 0x0000000787000000, 0x0000000787000000| Complete 
| 113|0x0000000787100000, 0x00000007871d9a10, 0x0000000787200000| 85%| S|CS|TAMS 0x0000000787100000, 0x0000000787100000| Complete 
| 114|0x0000000787200000, 0x0000000787300000, 0x0000000787300000|100%| S|CS|TAMS 0x0000000787200000, 0x0000000787200000| Complete 
| 115|0x0000000787300000, 0x0000000787400000, 0x0000000787400000|100%| S|CS|TAMS 0x0000000787300000, 0x0000000787300000| Complete 
| 116|0x0000000787400000, 0x0000000787500000, 0x0000000787500000|100%| S|CS|TAMS 0x0000000787400000, 0x0000000787400000| Complete 
| 117|0x0000000787500000, 0x0000000787600000, 0x0000000787600000|100%| S|CS|TAMS 0x0000000787500000, 0x0000000787500000| Complete 
| 118|0x0000000787600000, 0x0000000787700000, 0x0000000787700000|100%| E|CS|TAMS 0x0000000787600000, 0x0000000787600000| Complete 
| 119|0x0000000787700000, 0x0000000787800000, 0x0000000787800000|100%| E|CS|TAMS 0x0000000787700000, 0x0000000787700000| Complete 
| 120|0x0000000787800000, 0x0000000787900000, 0x0000000787900000|100%| E|CS|TAMS 0x0000000787800000, 0x0000000787800000| Complete 
| 121|0x0000000787900000, 0x0000000787a00000, 0x0000000787a00000|100%| E|CS|TAMS 0x0000000787900000, 0x0000000787900000| Complete 
| 122|0x0000000787a00000, 0x0000000787b00000, 0x0000000787b00000|100%| E|CS|TAMS 0x0000000787a00000, 0x0000000787a00000| Complete 
| 123|0x0000000787b00000, 0x0000000787c00000, 0x0000000787c00000|100%| E|CS|TAMS 0x0000000787b00000, 0x0000000787b00000| Complete 
| 124|0x0000000787c00000, 0x0000000787d00000, 0x0000000787d00000|100%| E|CS|TAMS 0x0000000787c00000, 0x0000000787c00000| Complete 
| 125|0x0000000787d00000, 0x0000000787e00000, 0x0000000787e00000|100%| E|CS|TAMS 0x0000000787d00000, 0x0000000787d00000| Complete 
| 126|0x0000000787e00000, 0x0000000787f00000, 0x0000000787f00000|100%| E|CS|TAMS 0x0000000787e00000, 0x0000000787e00000| Complete 
| 127|0x0000000787f00000, 0x0000000788000000, 0x0000000788000000|100%| E|CS|TAMS 0x0000000787f00000, 0x0000000787f00000| Complete 
|2046|0x00000007ffe00000, 0x00000007ffe78000, 0x00000007fff00000| 46%|OA|  |TAMS 0x00000007ffe00000, 0x00000007ffe78000| Untracked 
|2047|0x00000007fff00000, 0x00000007fff80000, 0x0000000800000000| 50%|CA|  |TAMS 0x00000007fff00000, 0x00000007fff80000| Untracked 

Card table byte_map: [0x0000000105894000,0x0000000105c94000] _byte_map_base: 0x0000000101c94000

Marking Bits (Prev, Next): (CMBitMap*) 0x000000013c039410, (CMBitMap*) 0x000000013c039450
 Prev Bits: [0x000000011d7a4000, 0x000000011f7a4000)
 Next Bits: [0x000000011f7a4000, 0x00000001217a4000)

Polling page: 0x00000001050f8000

Metaspace:

Usage:
  Non-class:     12.26 MB used.
      Class:      2.12 MB used.
       Both:     14.38 MB used.

Virtual space:
  Non-class space:       16.00 MB reserved,      12.38 MB ( 77%) committed,  2 nodes.
      Class space:        1.00 GB reserved,       2.25 MB ( <1%) committed,  1 nodes.
             Both:        1.02 GB reserved,      14.62 MB (  1%) committed. 

Chunk freelists:
   Non-Class:  3.64 MB
       Class:  1.73 MB
        Both:  5.38 MB

MaxMetaspaceSize: unlimited
CompressedClassSpaceSize: 1.00 GB
Initial GC threshold: 21.00 MB
Current GC threshold: 21.00 MB
CDS: on
MetaspaceReclaimPolicy: balanced
 - commit_granule_bytes: 65536.
 - commit_granule_words: 8192.
 - virtual_space_node_default_size: 1048576.
 - enlarge_chunks_in_place: 1.
 - new_chunks_are_fully_committed: 0.
 - uncommit_free_chunks: 1.
 - use_allocation_guard: 0.
 - handle_deallocations: 1.


Internal statistics:

num_allocs_failed_limit: 0.
num_arena_births: 194.
num_arena_deaths: 0.
num_vsnodes_births: 3.
num_vsnodes_deaths: 0.
num_space_committed: 234.
num_space_uncommitted: 0.
num_chunks_returned_to_freelist: 0.
num_chunks_taken_from_freelist: 664.
num_chunk_merges: 0.
num_chunk_splits: 452.
num_chunks_enlarged: 350.
num_purges: 0.
num_inconsistent_stats: 0.

CodeHeap 'non-profiled nmethods': size=120032Kb used=727Kb max_used=727Kb free=119304Kb
 bounds [0x000000011626c000, 0x00000001164dc000, 0x000000011d7a4000]
CodeHeap 'profiled nmethods': size=120016Kb used=3721Kb max_used=3721Kb free=116294Kb
 bounds [0x000000010ed38000, 0x000000010f0e8000, 0x000000011626c000]
CodeHeap 'non-nmethods': size=5712Kb used=1371Kb max_used=1428Kb free=4340Kb
 bounds [0x000000010e7a4000, 0x000000010ea14000, 0x000000010ed38000]
 total_blobs=2752 nmethods=1987 adapters=681
 compilation: enabled
              stopped_count=0, restarted_count=0
 full_count=0

Compilation events (20 events):
Event: 2.019 Thread 0x000000013c811000 2046       3       java.util.concurrent.locks.AbstractQueuedSynchronizer$Node::getAndUnsetStatus (14 bytes)
Event: 2.019 Thread 0x000000013c811000 nmethod 2046 0x000000010f0d4190 code [0x000000010f0d4340, 0x000000010f0d4618]
Event: 2.019 Thread 0x000000013c811000 2047       1       com.sun.javafx.tk.quantum.GlassScene::getDepthBuffer (5 bytes)
Event: 2.019 Thread 0x000000013c811000 nmethod 2047 0x0000000116320810 code [0x0000000116320980, 0x0000000116320a68]
Event: 2.019 Thread 0x000000013c811000 2048       1       com.sun.javafx.tk.quantum.SceneState::getCamera (5 bytes)
Event: 2.019 Thread 0x000000013c811000 nmethod 2048 0x0000000116320b10 code [0x0000000116320c80, 0x0000000116320d68]
Event: 2.020 Thread 0x000000013c811000 2049       3       java.util.concurrent.locks.LockSupport::setCurrentBlocker (14 bytes)
Event: 2.020 Thread 0x000000013c811000 nmethod 2049 0x000000010f0d4790 code [0x000000010f0d4940, 0x000000010f0d4b98]
Event: 2.020 Thread 0x000000013c811000 2050       3       java.util.concurrent.locks.AbstractQueuedSynchronizer$ConditionObject::canReacquire (28 bytes)
Event: 2.021 Thread 0x000000013c811000 nmethod 2050 0x000000010f0d4c90 code [0x000000010f0d4e40, 0x000000010f0d51e8]
Event: 2.036 Thread 0x000000013c811000 2051       3       com.sun.javafx.sg.prism.NGNode::getOpaqueRegion (173 bytes)
Event: 2.037 Thread 0x000000013c811000 nmethod 2051 0x000000010f0d5390 code [0x000000010f0d5680, 0x000000010f0d64d8]
Event: 2.037 Thread 0x000000013c811000 2052       3       com.sun.javafx.geom.transform.Affine3D::setTransform (75 bytes)
Event: 2.037 Thread 0x000000013c811000 nmethod 2052 0x000000010f0d6890 code [0x000000010f0d6a40, 0x000000010f0d6c18]
Event: 2.052 Thread 0x000000013c811000 2053       1       com.sun.javafx.sg.prism.NGGroup::getChildren (5 bytes)
Event: 2.053 Thread 0x000000013c811000 nmethod 2053 0x0000000116320e10 code [0x0000000116320f80, 0x0000000116321068]
Event: 2.053 Thread 0x000000013c811000 2054       3       com.sun.prism.es2.ES2Shader::getUniform (61 bytes)
Event: 2.054 Thread 0x000000013c811000 nmethod 2054 0x000000010f0d6d90 code [0x000000010f0d6fc0, 0x000000010f0d7738]
Event: 2.069 Thread 0x000000013c811000 2056       3       java.util.WeakHashMap::<init> (133 bytes)
Event: 2.069 Thread 0x000000013c810a00 2057       4       java.util.WeakHashMap::hash (28 bytes)

GC Heap History (4 events):
Event: 0.359 GC heap before
{Heap before GC invocations=0 (full 0):
 garbage-first heap   total 133120K, used 23520K [0x0000000780000000, 0x0000000800000000)
  region size 1024K, 23 young (23552K), 0 survivors (0K)
 Metaspace       used 7835K, committed 8000K, reserved 1056768K
  class space    used 987K, committed 1088K, reserved 1048576K
}
Event: 0.361 GC heap after
{Heap after GC invocations=1 (full 0):
 garbage-first heap   total 133120K, used 4117K [0x0000000780000000, 0x0000000800000000)
  region size 1024K, 3 young (3072K), 3 survivors (3072K)
 Metaspace       used 7835K, committed 8000K, reserved 1056768K
  class space    used 987K, committed 1088K, reserved 1048576K
}
Event: 0.603 GC heap before
{Heap before GC invocations=1 (full 0):
 garbage-first heap   total 133120K, used 67605K [0x0000000780000000, 0x0000000800000000)
  region size 1024K, 13 young (13312K), 3 survivors (3072K)
 Metaspace       used 9564K, committed 9792K, reserved 1064960K
  class space    used 1293K, committed 1408K, reserved 1048576K
}
Event: 0.608 GC heap after
{Heap after GC invocations=2 (full 0):
 garbage-first heap   total 133120K, used 50044K [0x0000000780000000, 0x0000000800000000)
  region size 1024K, 5 young (5120K), 5 survivors (5120K)
 Metaspace       used 9564K, committed 9792K, reserved 1064960K
  class space    used 1293K, committed 1408K, reserved 1048576K
}

Deoptimization events (20 events):
Event: 0.663 Thread 0x000000013c88b400 DEOPT PACKING pc=0x000000011627f098 sp=0x000000016ae85d20
Event: 0.663 Thread 0x000000013c88b400 DEOPT UNPACKING pc=0x000000010e7e2d1c sp=0x000000016ae85cc0 mode 2
Event: 0.664 Thread 0x000000013c88b400 DEOPT PACKING pc=0x000000010ef68a64 sp=0x000000016ae85550
Event: 0.664 Thread 0x000000013c88b400 DEOPT UNPACKING pc=0x000000010e7e2b7c sp=0x000000016ae851f0 mode 0
Event: 0.683 Thread 0x000000013c88b400 DEOPT PACKING pc=0x000000010ef68a64 sp=0x000000016ae81f60
Event: 0.683 Thread 0x000000013c88b400 DEOPT UNPACKING pc=0x000000010e7e2b7c sp=0x000000016ae81c00 mode 0
Event: 0.735 Thread 0x000000013c88b400 Uncommon trap: trap_request=0xffffff45 fr.pc=0x000000011627e858 relative=0x0000000000000198
Event: 0.735 Thread 0x000000013c88b400 Uncommon trap: reason=unstable_if action=reinterpret pc=0x000000011627e858 method=java.lang.String.isLatin1()Z @ 10 c2
Event: 0.735 Thread 0x000000013c88b400 DEOPT PACKING pc=0x000000011627e858 sp=0x000000016ae85ba0
Event: 0.735 Thread 0x000000013c88b400 DEOPT UNPACKING pc=0x000000010e7e2d1c sp=0x000000016ae85ad0 mode 2
Event: 0.752 Thread 0x000000013c88b400 DEOPT PACKING pc=0x000000010ef68a64 sp=0x000000016ae82090
Event: 0.752 Thread 0x000000013c88b400 DEOPT UNPACKING pc=0x000000010e7e2b7c sp=0x000000016ae81d30 mode 0
Event: 1.147 Thread 0x000000015c40b200 Uncommon trap: trap_request=0xffffff45 fr.pc=0x00000001162db440 relative=0x0000000000000f00
Event: 1.147 Thread 0x000000015c40b200 Uncommon trap: reason=unstable_if action=reinterpret pc=0x00000001162db440 method=java.util.concurrent.ConcurrentHashMap.putVal(Ljava/lang/Object;Ljava/lang/Object;Z)Ljava/lang/Object; @ 148 c2
Event: 1.147 Thread 0x000000015c40b200 DEOPT PACKING pc=0x00000001162db440 sp=0x000000016f1c98b0
Event: 1.147 Thread 0x000000015c40b200 DEOPT UNPACKING pc=0x000000010e7e2d1c sp=0x000000016f1c97d0 mode 2
Event: 1.148 Thread 0x000000015c40b200 Uncommon trap: trap_request=0xffffff45 fr.pc=0x000000011627dfb8 relative=0x00000000000000f8
Event: 1.148 Thread 0x000000015c40b200 Uncommon trap: reason=unstable_if action=reinterpret pc=0x000000011627dfb8 method=java.lang.StringLatin1.lastIndexOf([BI[BII)I @ 86 c2
Event: 1.148 Thread 0x000000015c40b200 DEOPT PACKING pc=0x000000011627dfb8 sp=0x000000016f1c98b0
Event: 1.148 Thread 0x000000015c40b200 DEOPT UNPACKING pc=0x000000010e7e2d1c sp=0x000000016f1c9810 mode 2

Classes unloaded (0 events):
No events

Classes redefined (0 events):
No events

Internal exceptions (20 events):
Event: 0.530 Thread 0x000000013c88b400 Exception <a 'java/io/FileNotFoundException'{0x000000078761f418}> (0x000000078761f418) 
thrown [open/src/hotspot/share/prims/jni.cpp, line 516]
Event: 0.538 Thread 0x000000013c88b400 Exception <a 'java/io/FileNotFoundException'{0x0000000787624338}> (0x0000000787624338) 
thrown [open/src/hotspot/share/prims/jni.cpp, line 516]
Event: 0.546 Thread 0x000000013c88b400 Exception <a 'java/io/FileNotFoundException'{0x0000000787629258}> (0x0000000787629258) 
thrown [open/src/hotspot/share/prims/jni.cpp, line 516]
Event: 0.595 Thread 0x000000013c88b400 Exception <a 'java/io/FileNotFoundException'{0x0000000787630dc0}> (0x0000000787630dc0) 
thrown [open/src/hotspot/share/prims/jni.cpp, line 516]
Event: 0.619 Thread 0x000000013c88b400 Exception <a 'sun/nio/fs/UnixException'{0x0000000787d02860}> (0x0000000787d02860) 
thrown [open/src/hotspot/share/prims/jni.cpp, line 516]
Event: 0.621 Thread 0x000000013c88b400 Implicit null exception at 0x00000001162aa3f8 to 0x00000001162aa488
Event: 0.623 Thread 0x000000013c88b400 Implicit null exception at 0x00000001162b68d4 to 0x00000001162b6c2c
Event: 0.626 Thread 0x000000013c88b400 Implicit null exception at 0x00000001162b5ed4 to 0x00000001162b6220
Event: 0.673 Thread 0x000000013c88b400 Exception <a 'java/lang/ClassNotFoundException'{0x00000007879edee0}: com/sun/javafx/scene/control/skin/resources/controls> (0x00000007879edee0) 
thrown [open/src/hotspot/share/prims/jni.cpp, line 535]
Event: 0.673 Thread 0x000000013c88b400 Exception <a 'java/lang/ClassNotFoundException'{0x00000007879fbe80}: com/sun/javafx/scene/control/skin/resources/controls_en> (0x00000007879fbe80) 
thrown [open/src/hotspot/share/prims/jni.cpp, line 535]
Event: 0.673 Thread 0x000000013c88b400 Exception <a 'java/lang/ClassNotFoundException'{0x00000007879fce18}: com/sun/javafx/scene/control/skin/resources/controls_en_GB> (0x00000007879fce18) 
thrown [open/src/hotspot/share/prims/jni.cpp, line 535]
Event: 0.685 Thread 0x000000013c88b400 Exception <a 'java/lang/NoSuchMethodError'{0x00000007877b8a30}: 'void java.lang.invoke.DirectMethodHandle$Holder.invokeSpecial(java.lang.Object, java.lang.Object, java.lang.Object, java.lang.Object, java.lang.Object, java.lang.Object)'> (0x00000007877b8a30) 
thrown [open/src/hotspot/share/interpreter/linkResolver.cpp, line 766]
Event: 0.759 Thread 0x000000013c88b400 Exception <a 'java/lang/NoSuchMethodError'{0x0000000786e5dc60}: 'java.lang.Object java.lang.invoke.DirectMethodHandle$Holder.invokeInterface(java.lang.Object, java.lang.Object, java.lang.Object)'> (0x0000000786e5dc60) 
thrown [open/src/hotspot/share/interpreter/linkResolver.cpp, line 766]
Event: 0.759 Thread 0x000000013c88b400 Exception <a 'java/lang/IncompatibleClassChangeError'{0x0000000786e615e8}: Found class java.lang.Object, but interface was expected> (0x0000000786e615e8) 
thrown [open/src/hotspot/share/interpreter/linkResolver.cpp, line 833]
Event: 0.784 Thread 0x000000013c88b400 Exception <a 'java/lang/NoSuchMethodError'{0x0000000786db39d8}: 'java.lang.Object java.lang.invoke.DirectMethodHandle$Holder.newInvokeSpecial(java.lang.Object, java.lang.Object, int)'> (0x0000000786db39d8) 
thrown [open/src/hotspot/share/interpreter/linkResolver.cpp, line 766]
Event: 0.821 Thread 0x000000013c88b400 Exception <a 'java/lang/NoSuchMethodError'{0x0000000786dd0518}: 'long java.lang.invoke.DirectMethodHandle$Holder.invokeStatic(java.lang.Object, java.lang.Object, java.lang.Object)'> (0x0000000786dd0518) 
thrown [open/src/hotspot/share/interpreter/linkResolver.cpp, line 766]
Event: 0.822 Thread 0x000000013c88b400 Exception <a 'java/lang/NoSuchMethodError'{0x0000000786dd3cc0}: 'long java.lang.invoke.DirectMethodHandle$Holder.invokeStaticInit(java.lang.Object, java.lang.Object, java.lang.Object)'> (0x0000000786dd3cc0) 
thrown [open/src/hotspot/share/interpreter/linkResolver.cpp, line 766]
Event: 0.822 Thread 0x000000013c88b400 Exception <a 'java/lang/NoSuchMethodError'{0x0000000786deb8c8}: 'java.lang.Object java.lang.invoke.DirectMethodHandle$Holder.newInvokeSpecial(java.lang.Object, java.lang.Object, long)'> (0x0000000786deb8c8) 
thrown [open/src/hotspot/share/interpreter/linkResolver.cpp, line 766]
Event: 0.822 Thread 0x000000013c88b400 Exception <a 'java/lang/NoSuchMethodError'{0x0000000786def190}: 'java.lang.Object java.lang.invoke.Invokers$Holder.linkToTargetMethod(java.lang.Object, long, java.lang.Object)'> (0x0000000786def190) 
thrown [open/src/hotspot/share/interpreter/linkResolver.cpp, line 766]
Event: 0.831 Thread 0x000000013c813e00 Exception <a 'java/lang/NoSuchMethodError'{0x0000000786ce78a0}: 'int java.lang.invoke.DirectMethodHandle$Holder.invokeStaticInit(java.lang.Object, java.lang.Object)'> (0x0000000786ce78a0) 
thrown [open/src/hotspot/share/interpreter/linkResolver.cpp, line 766]

VM Operations (20 events):
Event: 0.065 Executing VM operation: HandshakeAllThreads
Event: 0.065 Executing VM operation: HandshakeAllThreads done
Event: 0.180 Executing VM operation: ICBufferFull
Event: 0.180 Executing VM operation: ICBufferFull done
Event: 0.341 Executing VM operation: HandshakeAllThreads
Event: 0.341 Executing VM operation: HandshakeAllThreads done
Event: 0.359 Executing VM operation: G1CollectForAllocation
Event: 0.361 Executing VM operation: G1CollectForAllocation done
Event: 0.373 Executing VM operation: HandshakeAllThreads
Event: 0.373 Executing VM operation: HandshakeAllThreads done
Event: 0.388 Executing VM operation: ICBufferFull
Event: 0.388 Executing VM operation: ICBufferFull done
Event: 0.429 Executing VM operation: HandshakeAllThreads
Event: 0.429 Executing VM operation: HandshakeAllThreads done
Event: 0.603 Executing VM operation: G1TryInitiateConcMark
Event: 0.608 Executing VM operation: G1TryInitiateConcMark done
Event: 0.824 Executing VM operation: ICBufferFull
Event: 0.824 Executing VM operation: ICBufferFull done
Event: 1.518 Executing VM operation: ICBufferFull
Event: 1.518 Executing VM operation: ICBufferFull done

Events (20 events):
Event: 1.144 loading class sun/util/cldr/CLDRTimeZoneNameProviderImpl
Event: 1.144 loading class sun/util/locale/provider/TimeZoneNameProviderImpl
Event: 1.145 loading class sun/util/locale/provider/TimeZoneNameProviderImpl done
Event: 1.145 loading class sun/util/cldr/CLDRTimeZoneNameProviderImpl done
Event: 1.146 loading class sun/util/locale/provider/BaseLocaleDataMetaInfo
Event: 1.147 loading class sun/util/locale/provider/BaseLocaleDataMetaInfo done
Event: 1.147 loading class sun/util/resources/cldr/TimeZoneNames
Event: 1.147 loading class sun/util/resources/TimeZoneNamesBundle
Event: 1.147 loading class sun/util/resources/OpenListResourceBundle
Event: 1.147 loading class sun/util/resources/OpenListResourceBundle done
Event: 1.147 loading class sun/util/resources/TimeZoneNamesBundle done
Event: 1.147 loading class sun/util/resources/cldr/TimeZoneNames done
Event: 1.147 loading class sun/util/resources/cldr/TimeZoneNames_en
Event: 1.148 loading class sun/util/resources/cldr/TimeZoneNames_en done
Event: 1.148 loading class sun/util/resources/cldr/TimeZoneNames_en_US
Event: 1.148 loading class sun/util/resources/cldr/TimeZoneNames_en_US done
Event: 1.149 loading class sun/util/resources/TimeZoneNames
Event: 1.149 loading class sun/util/resources/TimeZoneNames done
Event: 1.149 loading class sun/util/resources/TimeZoneNames_en
Event: 1.149 loading class sun/util/resources/TimeZoneNames_en done


Dynamic libraries:
0x00000001050a8000 	/Users/bartoszklimek/Library/Java/JavaVirtualMachines/openjdk-17.0.1/Contents/Home/lib/libjli.dylib
0x00000001c438b000 	/usr/lib/libz.1.dylib
0x00000001c443b000 	/usr/lib/libSystem.B.dylib
0x00000001c4435000 	/usr/lib/system/libcache.dylib
0x00000001c43f3000 	/usr/lib/system/libcommonCrypto.dylib
0x00000001c441c000 	/usr/lib/system/libcompiler_rt.dylib
0x00000001c4413000 	/usr/lib/system/libcopyfile.dylib
0x00000001b977e000 	/usr/lib/system/libcorecrypto.dylib
0x00000001b9823000 	/usr/lib/system/libdispatch.dylib
0x00000001b99eb000 	/usr/lib/system/libdyld.dylib
0x00000001c442b000 	/usr/lib/system/libkeymgr.dylib
0x00000001c43d5000 	/usr/lib/system/libmacho.dylib
0x00000001c3ad9000 	/usr/lib/system/libquarantine.dylib
0x00000001c4428000 	/usr/lib/system/libremovefile.dylib
0x00000001beb7a000 	/usr/lib/system/libsystem_asl.dylib
0x00000001b9728000 	/usr/lib/system/libsystem_blocks.dylib
0x00000001b98a9000 	/usr/lib/system/libsystem_c.dylib
0x00000001c4420000 	/usr/lib/system/libsystem_collections.dylib
0x00000001c2f98000 	/usr/lib/system/libsystem_configuration.dylib
0x00000001c221c000 	/usr/lib/system/libsystem_containermanager.dylib
0x00000001c413c000 	/usr/lib/system/libsystem_coreservices.dylib
0x00000001bc10f000 	/usr/lib/system/libsystem_darwin.dylib
0x00000001c442c000 	/usr/lib/system/libsystem_dnssd.dylib
0x00000001b98a6000 	/usr/lib/system/libsystem_featureflags.dylib
0x00000001b9a00000 	/usr/lib/system/libsystem_info.dylib
0x00000001c439d000 	/usr/lib/system/libsystem_m.dylib
0x00000001b97f8000 	/usr/lib/system/libsystem_malloc.dylib
0x00000001beb0b000 	/usr/lib/system/libsystem_networkextension.dylib
0x00000001bc563000 	/usr/lib/system/libsystem_notify.dylib
0x00000001ca641000 	/usr/lib/system/libsystem_product_info_filter.dylib
0x00000001c2f9d000 	/usr/lib/system/libsystem_sandbox.dylib
0x00000001c4425000 	/usr/lib/system/libsystem_secinit.dylib
0x00000001b99a8000 	/usr/lib/system/libsystem_kernel.dylib
0x00000001b99f8000 	/usr/lib/system/libsystem_platform.dylib
0x00000001b99de000 	/usr/lib/system/libsystem_pthread.dylib
0x00000001c02b4000 	/usr/lib/system/libsystem_symptoms.dylib
0x00000001b9764000 	/usr/lib/system/libsystem_trace.dylib
0x00000001c4400000 	/usr/lib/system/libunwind.dylib
0x00000001b972a000 	/usr/lib/system/libxpc.dylib
0x00000001b998e000 	/usr/lib/libc++abi.dylib
0x00000001b986a000 	/usr/lib/libobjc.A.dylib
0x00000001c440b000 	/usr/lib/liboah.dylib
0x00000001b992a000 	/usr/lib/libc++.1.dylib
0x00000001d003c000 	/System/Library/Frameworks/Cocoa.framework/Versions/A/Cocoa
0x00000001bc5c3000 	/System/Library/Frameworks/AppKit.framework/Versions/C/AppKit
0x00000001bfaf3000 	/System/Library/Frameworks/CoreData.framework/Versions/A/CoreData
0x00000001ba920000 	/System/Library/Frameworks/Foundation.framework/Versions/C/Foundation
0x00000001bd477000 	/System/Library/PrivateFrameworks/UIFoundation.framework/Versions/A/UIFoundation
0x00000001ca33b000 	/System/Library/PrivateFrameworks/RemoteViewServices.framework/Versions/A/RemoteViewServices
0x00000001c2956000 	/System/Library/PrivateFrameworks/XCTTargetBootstrap.framework/Versions/A/XCTTargetBootstrap
0x00000001c613c000 	/System/Library/PrivateFrameworks/InternationalSupport.framework/Versions/A/InternationalSupport
0x00000001c61c5000 	/System/Library/PrivateFrameworks/UserActivity.framework/Versions/A/UserActivity
0x00000001c566a000 	/usr/lib/libspindump.dylib
0x00000001bd6e7000 	/System/Library/Frameworks/UniformTypeIdentifiers.framework/Versions/A/UniformTypeIdentifiers
0x00000001c0ee3000 	/usr/lib/libapp_launch_measurement.dylib
0x00000001c045b000 	/System/Library/PrivateFrameworks/CoreAnalytics.framework/Versions/A/CoreAnalytics
0x00000001c0ee6000 	/System/Library/PrivateFrameworks/CoreAutoLayout.framework/Versions/A/CoreAutoLayout
0x00000001c2259000 	/System/Library/Frameworks/Metal.framework/Versions/A/Metal
0x00000001c2fa8000 	/usr/lib/liblangid.dylib
0x00000001c295a000 	/System/Library/PrivateFrameworks/CoreSVG.framework/Versions/A/CoreSVG
0x00000001bebae000 	/System/Library/PrivateFrameworks/SkyLight.framework/Versions/A/SkyLight
0x00000001bef78000 	/System/Library/Frameworks/CoreGraphics.framework/Versions/A/CoreGraphics
0x00000001ca9b8000 	/System/Library/Frameworks/Accelerate.framework/Versions/A/Accelerate
0x00000001c50de000 	/System/Library/PrivateFrameworks/IconServices.framework/Versions/A/IconServices
0x00000001c223b000 	/System/Library/Frameworks/IOSurface.framework/Versions/A/IOSurface
0x00000001c048b000 	/usr/lib/libDiagnosticMessagesClient.dylib
0x00000001cddff000 	/System/Library/Frameworks/ApplicationServices.framework/Versions/A/ApplicationServices
0x00000001c293e000 	/System/Library/PrivateFrameworks/DFRFoundation.framework/Versions/A/DFRFoundation
0x00000001bbe64000 	/usr/lib/libicucore.A.dylib
0x00000001c6f3d000 	/System/Library/Frameworks/AudioToolbox.framework/Versions/A/AudioToolbox
0x00000001c6148000 	/System/Library/PrivateFrameworks/DataDetectorsCore.framework/Versions/A/DataDetectorsCore
0x00000001dc27a000 	/System/Library/PrivateFrameworks/TextInput.framework/Versions/A/TextInput
0x00000001beb25000 	/usr/lib/libMobileGestalt.dylib
0x00000001c260e000 	/System/Library/Frameworks/Carbon.framework/Versions/A/Frameworks/HIToolbox.framework/Versions/A/HIToolbox
0x00000001c08ec000 	/System/Library/Frameworks/QuartzCore.framework/Versions/A/QuartzCore
0x00000001bbae1000 	/System/Library/Frameworks/Security.framework/Versions/A/Security
0x00000001ca37b000 	/System/Library/Frameworks/Carbon.framework/Versions/A/Frameworks/SpeechRecognition.framework/Versions/A/SpeechRecognition
0x00000001c0c3a000 	/System/Library/PrivateFrameworks/CoreUI.framework/Versions/A/CoreUI
0x00000001bb3b2000 	/System/Library/Frameworks/CoreAudio.framework/Versions/A/CoreAudio
0x00000001c057f000 	/System/Library/Frameworks/DiskArbitration.framework/Versions/A/DiskArbitration
0x00000001c5a4f000 	/System/Library/PrivateFrameworks/MultitouchSupport.framework/Versions/A/MultitouchSupport
0x00000001beb23000 	/usr/lib/libenergytrace.dylib
0x00000001bc48d000 	/System/Library/Frameworks/IOKit.framework/Versions/A/IOKit
0x00000001ca764000 	/System/Library/Frameworks/CoreServices.framework/Versions/A/CoreServices
0x00000001c0e73000 	/System/Library/PrivateFrameworks/PerformanceAnalysis.framework/Versions/A/PerformanceAnalysis
0x000000021aded000 	/System/Library/Frameworks/OpenGL.framework/Versions/A/OpenGL
0x00000001c39f9000 	/System/Library/PrivateFrameworks/MobileKeyBag.framework/Versions/A/MobileKeyBag
0x00000001bf588000 	/System/Library/Frameworks/ColorSync.framework/Versions/A/ColorSync
0x00000001b9a2c000 	/System/Library/Frameworks/CoreFoundation.framework/Versions/A/CoreFoundation
0x00000001c2bdb000 	/System/Library/Frameworks/CoreImage.framework/Versions/A/CoreImage
0x00000001bb1d5000 	/System/Library/Frameworks/CoreText.framework/Versions/A/CoreText
0x00000001c298a000 	/System/Library/Frameworks/ImageIO.framework/Versions/A/ImageIO
0x00000001c4441000 	/System/Library/PrivateFrameworks/SoftLinking.framework/Versions/A/SoftLinking
0x00000001c0f30000 	/usr/lib/libxml2.2.dylib
0x00000001c46da000 	/usr/lib/libcompression.dylib
0x00000001c6095000 	/System/Library/PrivateFrameworks/TextureIO.framework/Versions/A/TextureIO
0x00000001c4df8000 	/usr/lib/libate.dylib
0x00000001c4cc0000 	/usr/lib/liblzma.5.dylib
0x00000001ba614000 	/System/Library/Frameworks/SystemConfiguration.framework/Versions/A/SystemConfiguration
0x00000001c443d000 	/usr/lib/libfakelink.dylib
0x00000001be652000 	/System/Library/Frameworks/CFNetwork.framework/Versions/A/CFNetwork
0x00000001c4584000 	/usr/lib/libarchive.2.dylib
0x00000001c2fa4000 	/System/Library/PrivateFrameworks/AppleSystemInfo.framework/Versions/A/AppleSystemInfo
0x00000001c3b04000 	/usr/lib/libbsm.0.dylib
0x00000001bdb8a000 	/usr/lib/libnetwork.dylib
0x00000001c43db000 	/usr/lib/system/libkxld.dylib
0x00000001c371b000 	/System/Library/PrivateFrameworks/IOMobileFramebuffer.framework/Versions/A/IOMobileFramebuffer
0x0000000236b52000 	/usr/lib/libCoreEntitlements.dylib
0x00000001c411e000 	/System/Library/PrivateFrameworks/AppleFSCompression.framework/Versions/A/AppleFSCompression
0x00000001c3aec000 	/usr/lib/libcoretls.dylib
0x00000001c4cd9000 	/usr/lib/libcoretls_cfhelpers.dylib
0x00000001c46d5000 	/usr/lib/libpam.2.dylib
0x00000001bfedc000 	/usr/lib/libsqlite3.dylib
0x00000001c4d41000 	/usr/lib/libxar.1.dylib
0x00000001c412f000 	/usr/lib/libbz2.1.0.dylib
0x00000001c4442000 	/usr/lib/libpcap.A.dylib
0x00000001c02ab000 	/usr/lib/libdns_services.dylib
0x00000001c46a8000 	/usr/lib/libapple_nghttp2.dylib
0x00000001c447f000 	/usr/lib/libiconv.2.dylib
0x00000001c43d4000 	/usr/lib/libcharset.1.dylib
0x00000001c0eaf000 	/System/Library/Frameworks/CoreServices.framework/Versions/A/Frameworks/FSEvents.framework/Versions/A/FSEvents
0x00000001bc11a000 	/System/Library/Frameworks/CoreServices.framework/Versions/A/Frameworks/CarbonCore.framework/Versions/A/CarbonCore
0x00000001c04e2000 	/System/Library/Frameworks/CoreServices.framework/Versions/A/Frameworks/Metadata.framework/Versions/A/Metadata
0x00000001c4142000 	/System/Library/Frameworks/CoreServices.framework/Versions/A/Frameworks/OSServices.framework/Versions/A/OSServices
0x00000001c460a000 	/System/Library/Frameworks/CoreServices.framework/Versions/A/Frameworks/SearchKit.framework/Versions/A/SearchKit
0x00000001c0239000 	/System/Library/Frameworks/CoreServices.framework/Versions/A/Frameworks/AE.framework/Versions/A/AE
0x00000001b9f70000 	/System/Library/Frameworks/CoreServices.framework/Versions/A/Frameworks/LaunchServices.framework/Versions/A/LaunchServices
0x00000001c4c69000 	/System/Library/Frameworks/CoreServices.framework/Versions/A/Frameworks/DictionaryServices.framework/Versions/A/DictionaryServices
0x00000001c0ebc000 	/System/Library/Frameworks/CoreServices.framework/Versions/A/Frameworks/SharedFileList.framework/Versions/A/SharedFileList
0x00000001c3adc000 	/usr/lib/libCheckFix.dylib
0x00000001beb92000 	/System/Library/PrivateFrameworks/TCC.framework/Versions/A/TCC
0x00000001c2faa000 	/System/Library/PrivateFrameworks/CoreNLP.framework/Versions/A/CoreNLP
0x00000001c048e000 	/System/Library/PrivateFrameworks/MetadataUtilities.framework/Versions/A/MetadataUtilities
0x00000001ba6cd000 	/usr/lib/libmecabra.dylib
0x00000001c3b15000 	/usr/lib/libmecab.dylib
0x00000001ba699000 	/usr/lib/libCRFSuite.dylib
0x00000001c3b73000 	/usr/lib/libgermantok.dylib
0x00000001c4681000 	/usr/lib/libThaiTokenizer.dylib
0x00000001c0587000 	/System/Library/Frameworks/Accelerate.framework/Versions/A/Frameworks/vImage.framework/Versions/A/vImage
0x00000001ca73b000 	/System/Library/Frameworks/Accelerate.framework/Versions/A/Frameworks/vecLib.framework/Versions/A/vecLib
0x00000001c4d85000 	/System/Library/Frameworks/Accelerate.framework/Versions/A/Frameworks/vecLib.framework/Versions/A/libvMisc.dylib
0x00000001c3625000 	/System/Library/Frameworks/Accelerate.framework/Versions/A/Frameworks/vecLib.framework/Versions/A/libvDSP.dylib
0x00000001ba2f3000 	/System/Library/Frameworks/Accelerate.framework/Versions/A/Frameworks/vecLib.framework/Versions/A/libBLAS.dylib
0x00000001c47a9000 	/System/Library/Frameworks/Accelerate.framework/Versions/A/Frameworks/vecLib.framework/Versions/A/libLAPACK.dylib
0x00000001c3b76000 	/System/Library/Frameworks/Accelerate.framework/Versions/A/Frameworks/vecLib.framework/Versions/A/libLinearAlgebra.dylib
0x00000001c46c0000 	/System/Library/Frameworks/Accelerate.framework/Versions/A/Frameworks/vecLib.framework/Versions/A/libSparseBLAS.dylib
0x00000001c47a4000 	/System/Library/Frameworks/Accelerate.framework/Versions/A/Frameworks/vecLib.framework/Versions/A/libQuadrature.dylib
0x00000001c30a1000 	/System/Library/Frameworks/Accelerate.framework/Versions/A/Frameworks/vecLib.framework/Versions/A/libBNNS.dylib
0x00000001ba5b1000 	/System/Library/Frameworks/Accelerate.framework/Versions/A/Frameworks/vecLib.framework/Versions/A/libSparse.dylib
0x00000001c3099000 	/System/Library/PrivateFrameworks/LinguisticData.framework/Versions/A/LinguisticData
0x00000001ba567000 	/System/Library/PrivateFrameworks/Lexicon.framework/Versions/A/Lexicon
0x00000001c4d7d000 	/usr/lib/libChineseTokenizer.dylib
0x00000001bad0e000 	/System/Library/PrivateFrameworks/LanguageModeling.framework/Versions/A/LanguageModeling
0x00000001c4683000 	/System/Library/PrivateFrameworks/AppleSauce.framework/Versions/A/AppleSauce
0x00000001c3708000 	/System/Library/PrivateFrameworks/CoreEmoji.framework/Versions/A/CoreEmoji
0x00000001c4572000 	/usr/lib/libcmph.dylib
0x00000001c0e8f000 	/System/Library/Frameworks/OpenDirectory.framework/Versions/A/Frameworks/CFOpenDirectory.framework/Versions/A/CFOpenDirectory
0x00000001c0e7f000 	/System/Library/Frameworks/OpenDirectory.framework/Versions/A/OpenDirectory
0x00000001c4cdb000 	/System/Library/PrivateFrameworks/APFS.framework/Versions/A/APFS
0x00000001c3a34000 	/System/Library/Frameworks/SecurityFoundation.framework/Versions/A/SecurityFoundation
0x00000001c4d4f000 	/usr/lib/libutil.dylib
0x00000001bc44f000 	/System/Library/PrivateFrameworks/CoreServicesStore.framework/Versions/A/CoreServicesStore
0x00000001c4d53000 	/usr/lib/libxslt.1.dylib
0x00000001c3ac8000 	/System/Library/PrivateFrameworks/BackgroundTaskManagement.framework/Versions/A/BackgroundTaskManagement
0x00000001c5fb6000 	/System/Library/Frameworks/ImageIO.framework/Versions/A/Resources/libRadiance.dylib
0x00000001c5fbf000 	/System/Library/Frameworks/ImageIO.framework/Versions/A/Resources/libJPEG.dylib
0x00000001c5f11000 	/System/Library/Frameworks/ImageIO.framework/Versions/A/Resources/libPng.dylib
0x00000001c5f33000 	/System/Library/Frameworks/ImageIO.framework/Versions/A/Resources/libTIFF.dylib
0x00000001c601a000 	/System/Library/Frameworks/ImageIO.framework/Versions/A/Resources/libGIF.dylib
0x00000001c595f000 	/System/Library/Frameworks/ImageIO.framework/Versions/A/Resources/libJP2.dylib
0x00000001c50a4000 	/usr/lib/libexpat.1.dylib
0x00000001c591a000 	/System/Library/PrivateFrameworks/AppleJPEG.framework/Versions/A/AppleJPEG
0x00000001c24cd000 	/System/Library/PrivateFrameworks/FontServices.framework/libFontParser.dylib
0x00000001c01de000 	/System/Library/PrivateFrameworks/RunningBoardServices.framework/Versions/A/RunningBoardServices
0x00000001d06af000 	/System/Library/PrivateFrameworks/IOSurfaceAccelerator.framework/Versions/A/IOSurfaceAccelerator
0x00000001c5a4b000 	/System/Library/PrivateFrameworks/WatchdogClient.framework/Versions/A/WatchdogClient
0x00000001bae12000 	/System/Library/Frameworks/CoreDisplay.framework/Versions/A/CoreDisplay
0x00000001c23bb000 	/System/Library/Frameworks/CoreMedia.framework/Versions/A/CoreMedia
0x00000001c224f000 	/System/Library/PrivateFrameworks/IOAccelerator.framework/Versions/A/IOAccelerator
0x00000001c101d000 	/System/Library/Frameworks/CoreVideo.framework/Versions/A/CoreVideo
0x00000001c46d3000 	/System/Library/Frameworks/MetalPerformanceShaders.framework/Versions/A/MetalPerformanceShaders
0x00000001c5a88000 	/System/Library/Frameworks/VideoToolbox.framework/Versions/A/VideoToolbox
0x00000001c0122000 	/System/Library/PrivateFrameworks/BaseBoard.framework/Versions/A/BaseBoard
0x00000001bfec1000 	/System/Library/PrivateFrameworks/ProtocolBuffer.framework/Versions/A/ProtocolBuffer
0x00000001c5fb1000 	/System/Library/PrivateFrameworks/GPUWrangler.framework/Versions/A/GPUWrangler
0x00000001c5f90000 	/System/Library/PrivateFrameworks/IOPresentment.framework/Versions/A/IOPresentment
0x00000001c5fb9000 	/System/Library/PrivateFrameworks/DSExternalDisplay.framework/Versions/A/DSExternalDisplay
0x000000021ade0000 	/System/Library/Frameworks/OpenGL.framework/Versions/A/Libraries/libCoreFSCache.dylib
0x00000002245a1000 	/System/Library/PrivateFrameworks/GPUCompiler.framework/Versions/31001/Libraries/libGPUCompilerUtils.dylib
0x00000001c601f000 	/System/Library/PrivateFrameworks/CMCaptureCore.framework/Versions/A/CMCaptureCore
0x00000001c5658000 	/System/Library/PrivateFrameworks/AppServerSupport.framework/Versions/A/AppServerSupport
0x00000001c77f8000 	/System/Library/PrivateFrameworks/perfdata.framework/Versions/A/perfdata
0x00000001baf32000 	/System/Library/PrivateFrameworks/AudioToolboxCore.framework/Versions/A/AudioToolboxCore
0x00000001c2393000 	/System/Library/PrivateFrameworks/caulk.framework/Versions/A/caulk
0x00000001c70ed000 	/usr/lib/libAudioStatistics.dylib
0x00000001d89f3000 	/System/Library/PrivateFrameworks/SystemPolicy.framework/Versions/A/SystemPolicy
0x00000001c734d000 	/usr/lib/libSMC.dylib
0x00000001cff1e000 	/System/Library/Frameworks/CoreMIDI.framework/Versions/A/CoreMIDI
0x00000001c5edf000 	/usr/lib/libAudioToolboxUtility.dylib
0x00000001d4e2c000 	/System/Library/PrivateFrameworks/OSAServicesClient.framework/Versions/A/OSAServicesClient
0x00000001c7805000 	/usr/lib/libperfcheck.dylib
0x00000001d94f6000 	/usr/lib/libmis.dylib
0x000000021ae41000 	/System/Library/Frameworks/OpenGL.framework/Versions/A/Libraries/libGLU.dylib
0x000000021ae00000 	/System/Library/Frameworks/OpenGL.framework/Versions/A/Libraries/libGFXShared.dylib
0x000000021afea000 	/System/Library/Frameworks/OpenGL.framework/Versions/A/Libraries/libGL.dylib
0x000000021ae09000 	/System/Library/Frameworks/OpenGL.framework/Versions/A/Libraries/libGLImage.dylib
0x000000021adfd000 	/System/Library/Frameworks/OpenGL.framework/Versions/A/Libraries/libCVMSPluginSupport.dylib
0x000000021ade7000 	/System/Library/Frameworks/OpenGL.framework/Versions/A/Libraries/libCoreVMClient.dylib
0x00000001c2f25000 	/System/Library/Frameworks/MetalPerformanceShaders.framework/Versions/A/Frameworks/MPSCore.framework/Versions/A/MPSCore
0x00000001c4091000 	/System/Library/Frameworks/MetalPerformanceShaders.framework/Versions/A/Frameworks/MPSImage.framework/Versions/A/MPSImage
0x00000001c3b8b000 	/System/Library/Frameworks/MetalPerformanceShaders.framework/Versions/A/Frameworks/MPSNeuralNetwork.framework/Versions/A/MPSNeuralNetwork
0x00000001c3fc8000 	/System/Library/Frameworks/MetalPerformanceShaders.framework/Versions/A/Frameworks/MPSMatrix.framework/Versions/A/MPSMatrix
0x00000001c3da3000 	/System/Library/Frameworks/MetalPerformanceShaders.framework/Versions/A/Frameworks/MPSRayIntersector.framework/Versions/A/MPSRayIntersector
0x00000001c3ff9000 	/System/Library/Frameworks/MetalPerformanceShaders.framework/Versions/A/Frameworks/MPSNDArray.framework/Versions/A/MPSNDArray
0x000000021cb17000 	/System/Library/Frameworks/MetalPerformanceShaders.framework/Versions/A/Frameworks/MPSFunctions.framework/Versions/A/MPSFunctions
0x00000001ba1d1000 	/System/Library/PrivateFrameworks/MetalTools.framework/Versions/A/MetalTools
0x00000001c2fa2000 	/System/Library/PrivateFrameworks/AggregateDictionary.framework/Versions/A/AggregateDictionary
0x00000001c4e8a000 	/usr/lib/libIOReport.dylib
0x00000001cef05000 	/System/Library/PrivateFrameworks/ASEProcessing.framework/Versions/A/ASEProcessing
0x00000001c51fd000 	/System/Library/PrivateFrameworks/FaceCore.framework/Versions/A/FaceCore
0x00000001c51ef000 	/System/Library/PrivateFrameworks/GraphVisualizer.framework/Versions/A/GraphVisualizer
0x00000002244b8000 	/System/Library/PrivateFrameworks/FontServices.framework/Versions/A/FontServices
0x00000001c5612000 	/System/Library/PrivateFrameworks/OTSVG.framework/Versions/A/OTSVG
0x00000001c0beb000 	/System/Library/Frameworks/ApplicationServices.framework/Versions/A/Frameworks/ATS.framework/Versions/A/Resources/libFontRegistry.dylib
0x00000001c5661000 	/System/Library/PrivateFrameworks/FontServices.framework/libhvf.dylib
0x00000002244b9000 	/System/Library/PrivateFrameworks/FontServices.framework/libXTFontStaticRegistryData.dylib
0x000000021b18c000 	/System/Library/Frameworks/OpenCL.framework/Versions/A/OpenCL
0x00000001c5058000 	/System/Library/PrivateFrameworks/AppleVA.framework/Versions/A/AppleVA
0x00000001c7115000 	/System/Library/Frameworks/ApplicationServices.framework/Versions/A/Frameworks/ATS.framework/Versions/A/ATS
0x00000001bf685000 	/System/Library/Frameworks/ApplicationServices.framework/Versions/A/Frameworks/HIServices.framework/Versions/A/HIServices
0x00000001c6029000 	/System/Library/Frameworks/ApplicationServices.framework/Versions/A/Frameworks/PrintCore.framework/Versions/A/PrintCore
0x00000001c74a0000 	/System/Library/Frameworks/ApplicationServices.framework/Versions/A/Frameworks/QD.framework/Versions/A/QD
0x00000001c7498000 	/System/Library/Frameworks/ApplicationServices.framework/Versions/A/Frameworks/ColorSyncLegacy.framework/Versions/A/ColorSyncLegacy
0x00000001c7101000 	/System/Library/Frameworks/ApplicationServices.framework/Versions/A/Frameworks/SpeechSynthesis.framework/Versions/A/SpeechSynthesis
0x00000001c5fea000 	/System/Library/Frameworks/ApplicationServices.framework/Versions/A/Frameworks/ATSUI.framework/Versions/A/ATSUI
0x00000001c742d000 	/usr/lib/libcups.2.dylib
0x00000001c7813000 	/System/Library/Frameworks/Kerberos.framework/Versions/A/Kerberos
0x00000001c7824000 	/System/Library/Frameworks/GSS.framework/Versions/A/GSS
0x00000001c7184000 	/usr/lib/libresolv.9.dylib
0x00000001c566f000 	/System/Library/PrivateFrameworks/Heimdal.framework/Versions/A/Heimdal
0x00000001ce175000 	/System/Library/Frameworks/Kerberos.framework/Versions/A/Libraries/libHeimdalProxy.dylib
0x00000001c02bd000 	/System/Library/Frameworks/Network.framework/Versions/A/Network
0x00000001c50bf000 	/usr/lib/libheimdal-asn1.dylib
0x00000001c786a000 	/System/Library/PrivateFrameworks/CommonAuth.framework/Versions/A/CommonAuth
0x00000001c707b000 	/System/Library/PrivateFrameworks/AudioSession.framework/Versions/A/AudioSession
0x00000001c5150000 	/System/Library/PrivateFrameworks/MediaExperience.framework/Versions/A/MediaExperience
0x00000001c6f03000 	/System/Library/PrivateFrameworks/AudioSession.framework/libSessionUtility.dylib
0x00000001c74ac000 	/System/Library/PrivateFrameworks/AudioResourceArbitration.framework/Versions/A/AudioResourceArbitration
0x00000001cb5b7000 	/System/Library/PrivateFrameworks/PowerLog.framework/Versions/A/PowerLog
0x00000001c50c8000 	/System/Library/PrivateFrameworks/IconFoundation.framework/Versions/A/IconFoundation
0x00000001ca367000 	/System/Library/PrivateFrameworks/SpeechRecognitionCore.framework/Versions/A/SpeechRecognitionCore
0x0000000106118000 	/Users/bartoszklimek/Library/Java/JavaVirtualMachines/openjdk-17.0.1/Contents/Home/lib/server/libjvm.dylib
0x000000010510c000 	/Users/bartoszklimek/Library/Java/JavaVirtualMachines/openjdk-17.0.1/Contents/Home/lib/libjimage.dylib
0x0000000105138000 	/Users/bartoszklimek/Library/Java/JavaVirtualMachines/openjdk-17.0.1/Contents/Home/lib/libinstrument.dylib
0x0000000105248000 	/Users/bartoszklimek/Library/Java/JavaVirtualMachines/openjdk-17.0.1/Contents/Home/lib/libjava.dylib
0x00000001237a4000 	/Users/bartoszklimek/Library/Java/JavaVirtualMachines/openjdk-17.0.1/Contents/Home/lib/libnio.dylib
0x00000001237c4000 	/Users/bartoszklimek/Library/Java/JavaVirtualMachines/openjdk-17.0.1/Contents/Home/lib/libnet.dylib
0x000000010522c000 	/Users/bartoszklimek/Library/Java/JavaVirtualMachines/openjdk-17.0.1/Contents/Home/lib/libzip.dylib
0x00000001060fc000 	/Users/bartoszklimek/.openjfx/cache/17.0.1/libprism_es2.dylib
0x00000001bc412000 	/System/Library/PrivateFrameworks/CoreServicesInternal.framework/Versions/A/CoreServicesInternal
0x000000021aff4000 	/System/Library/Frameworks/OpenGL.framework/Versions/A/Resources/GLEngine.bundle/GLEngine
0x000000021ae7b000 	/System/Library/Frameworks/OpenGL.framework/Versions/A/Libraries/libGLProgrammability.dylib
0x0000000125e0c000 	/System/Library/Extensions/AppleMetalOpenGLRenderer.bundle/Contents/MacOS/AppleMetalOpenGLRenderer
0x000000021b163000 	/System/Library/Frameworks/OpenGL.framework/Versions/A/Resources/GLRendererFloat.bundle/GLRendererFloat
0x000000021b204000 	/System/Library/Extensions/AGXMetal13_3.bundle/Contents/MacOS/AGXMetal13_3
0x00000001d9512000 	/System/Library/PrivateFrameworks/GPURawCounter.framework/Versions/A/GPURawCounter
0x00000001d3fb3000 	/System/Library/PrivateFrameworks/IOGPU.framework/Versions/A/IOGPU
0x0000000125f08000 	/Users/bartoszklimek/.openjfx/cache/17.0.1/libglass.dylib
0x00000001cb80b000 	/System/Library/Frameworks/FileProvider.framework/Versions/A/FileProvider
0x00000001c008a000 	/System/Library/Frameworks/Accounts.framework/Versions/A/Accounts
0x00000001cb98b000 	/System/Library/PrivateFrameworks/GenerationalStorage.framework/Versions/A/GenerationalStorage
0x00000001cc541000 	/System/Library/PrivateFrameworks/CoreSymbolication.framework/Versions/A/CoreSymbolication
0x00000001cb5ab000 	/System/Library/PrivateFrameworks/SymptomDiagnosticReporter.framework/Versions/A/SymptomDiagnosticReporter
0x00000001bd6fb000 	/System/Library/PrivateFrameworks/DesktopServicesPriv.framework/Versions/A/DesktopServicesPriv
0x00000001bc572000 	/usr/lib/libsandbox.1.dylib
0x00000001c10aa000 	/System/Library/PrivateFrameworks/UserManagement.framework/Versions/A/UserManagement
0x00000001cc502000 	/System/Library/PrivateFrameworks/DebugSymbols.framework/Versions/A/DebugSymbols
0x00000001c748b000 	/System/Library/PrivateFrameworks/NetAuth.framework/Versions/A/NetAuth
0x00000001c8390000 	/System/Library/PrivateFrameworks/Sharing.framework/Versions/A/Sharing
0x00000001c107a000 	/System/Library/PrivateFrameworks/login.framework/Versions/A/Frameworks/loginsupport.framework/Versions/A/loginsupport
0x00000001cd6b9000 	/System/Library/PrivateFrameworks/Apple80211.framework/Versions/A/Apple80211
0x00000001c4175000 	/System/Library/PrivateFrameworks/AuthKit.framework/Versions/A/AuthKit
0x00000001c3807000 	/System/Library/PrivateFrameworks/CoreUtils.framework/Versions/A/CoreUtils
0x00000001c3727000 	/System/Library/Frameworks/CoreWLAN.framework/Versions/A/CoreWLAN
0x00000001c84fa000 	/System/Library/Frameworks/IOBluetooth.framework/Versions/A/IOBluetooth
0x00000001cd719000 	/System/Library/PrivateFrameworks/CoreWiFi.framework/Versions/A/CoreWiFi
0x00000001cc0e9000 	/System/Library/PrivateFrameworks/FrontBoardServices.framework/Versions/A/FrontBoardServices
0x00000001cc181000 	/System/Library/PrivateFrameworks/BoardServices.framework/Versions/A/BoardServices
0x00000001c3a22000 	/System/Library/PrivateFrameworks/AssertionServices.framework/Versions/A/AssertionServices
0x00000001cd887000 	/System/Library/PrivateFrameworks/BackBoardServices.framework/Versions/A/BackBoardServices
0x00000001c78fd000 	/System/Library/PrivateFrameworks/CorePhoneNumbers.framework/Versions/A/CorePhoneNumbers
0x00000001cb6db000 	/System/Library/PrivateFrameworks/DiskManagement.framework/Versions/A/DiskManagement
0x00000001cb5de000 	/System/Library/PrivateFrameworks/AppleIDAuthSupport.framework/Versions/A/AppleIDAuthSupport
0x000000021ede0000 	/System/Library/PrivateFrameworks/AAAFoundation.framework/Versions/A/AAAFoundation
0x00000001c78dc000 	/System/Library/PrivateFrameworks/KeychainCircle.framework/Versions/A/KeychainCircle
0x00000001cb6a7000 	/System/Library/PrivateFrameworks/MediaKit.framework/Versions/A/MediaKit
0x00000001cb5eb000 	/System/Library/Frameworks/DiscRecording.framework/Versions/A/DiscRecording
0x00000001c4fd4000 	/usr/lib/libCoreStorage.dylib
0x00000001cdb83000 	/usr/lib/libcsfde.dylib
0x00000001c85cf000 	/System/Library/PrivateFrameworks/ProtectedCloudStorage.framework/Versions/A/ProtectedCloudStorage
0x00000001cdb7b000 	/System/Library/PrivateFrameworks/EFILogin.framework/Versions/A/EFILogin
0x00000001cb9b2000 	/System/Library/PrivateFrameworks/OctagonTrust.framework/Versions/A/OctagonTrust
0x0000000223704000 	/System/Library/PrivateFrameworks/CoreUtilsExtras.framework/Versions/A/CoreUtilsExtras
0x00000001cb521000 	/System/Library/Frameworks/CoreBluetooth.framework/Versions/A/CoreBluetooth
0x00000001ce1fa000 	/System/Library/Frameworks/AudioUnit.framework/Versions/A/AudioUnit
0x00000001c4fcc000 	/usr/lib/libMatch.1.dylib
0x00000001dd7f5000 	/System/Library/Frameworks/Accelerate.framework/Versions/A/Frameworks/vImage.framework/Versions/A/Libraries/libCGInterfaces.dylib
0x0000000127c64000 	/usr/lib/libobjc-trampolines.dylib
0x00000001c0d77000 	/System/Library/PrivateFrameworks/ViewBridge.framework/Versions/A/ViewBridge
0x000000021f47f000 	/System/Library/PrivateFrameworks/AccessibilityBundles.framework/Versions/A/AccessibilityBundles
0x00000001c571d000 	/System/Library/PrivateFrameworks/login.framework/Versions/A/login
0x00000001c4e93000 	/System/Library/PrivateFrameworks/CrashReporterSupport.framework/Versions/A/CrashReporterSupport
0x00000001e51b5000 	/System/Library/PrivateFrameworks/OSAnalytics.framework/Versions/A/OSAnalytics
0x00000001f01f9000 	/System/Library/PrivateFrameworks/Symbolication.framework/Versions/A/Symbolication
0x00000001d94d3000 	/System/Library/PrivateFrameworks/MallocStackLogging.framework/Versions/A/MallocStackLogging
0x0000000138fe0000 	/Users/bartoszklimek/.openjfx/cache/17.0.1/libjavafx_font.dylib
0x000000013a36c000 	/Users/bartoszklimek/.openjfx/cache/17.0.1/libjavafx_iio.dylib
0x0000000236ccc000 	/usr/lib/libRosetta.dylib


VM Arguments:
jvm_args: -javaagent:/Applications/IntelliJ IDEA CE.app/Contents/lib/idea_rt.jar=51484:/Applications/IntelliJ IDEA CE.app/Contents/bin -Dfile.encoding=UTF-8 --module-path=/Users/bartoszklimek/.m2/repository/org/openjfx/javafx-base/17.0.1/javafx-base-17.0.1-mac-aarch64.jar:/Users/bartoszklimek/Desktop/Portfolio/Dictionary/target/classes:/Users/bartoszklimek/.m2/repository/org/openjfx/javafx-fxml/17.0.1/javafx-fxml-17.0.1-mac-aarch64.jar:/Users/bartoszklimek/.m2/repository/org/openjfx/javafx-controls/17.0.1/javafx-controls-17.0.1-mac-aarch64.jar:/Users/bartoszklimek/.m2/repository/org/openjfx/javafx-graphics/17.0.1/javafx-graphics-17.0.1-mac-aarch64.jar -Djdk.module.main=com.example.dictionary 
java_command: com.example.dictionary/com.example.dictionary.HelloApplication
java_class_path (initial): /Users/bartoszklimek/.m2/repository/org/openjfx/javafx-controls/17.0.1/javafx-controls-17.0.1.jar:/Users/bartoszklimek/.m2/repository/org/openjfx/javafx-graphics/17.0.1/javafx-graphics-17.0.1.jar:/Users/bartoszklimek/.m2/repository/org/openjfx/javafx-base/17.0.1/javafx-base-17.0.1.jar:/Users/bartoszklimek/.m2/repository/org/openjfx/javafx-fxml/17.0.1/javafx-fxml-17.0.1.jar
Launcher Type: SUN_STANDARD

[Global flags]
     intx CICompilerCount                          = 4                                         {product} {ergonomic}
     uint ConcGCThreads                            = 2                                         {product} {ergonomic}
     uint G1ConcRefinementThreads                  = 8                                         {product} {ergonomic}
   size_t G1HeapRegionSize                         = 1048576                                   {product} {ergonomic}
    uintx GCDrainStackTargetSize                   = 64                                        {product} {ergonomic}
   size_t InitialHeapSize                          = 134217728                                 {product} {ergonomic}
   size_t MarkStackSize                            = 4194304                                   {product} {ergonomic}
   size_t MaxHeapSize                              = 2147483648                                {product} {ergonomic}
   size_t MaxNewSize                               = 1287651328                                {product} {ergonomic}
   size_t MinHeapDeltaBytes                        = 1048576                                   {product} {ergonomic}
   size_t MinHeapSize                              = 8388608                                   {product} {ergonomic}
    uintx NonNMethodCodeHeapSize                   = 5839564                                {pd product} {ergonomic}
    uintx NonProfiledCodeHeapSize                  = 122909338                              {pd product} {ergonomic}
    uintx ProfiledCodeHeapSize                     = 122909338                              {pd product} {ergonomic}
    uintx ReservedCodeCacheSize                    = 251658240                              {pd product} {ergonomic}
     bool SegmentedCodeCache                       = true                                      {product} {ergonomic}
   size_t SoftMaxHeapSize                          = 2147483648                             {manageable} {ergonomic}
     bool UseCompressedClassPointers               = true                           {product lp64_product} {ergonomic}
     bool UseCompressedOops                        = true                           {product lp64_product} {ergonomic}
     bool UseG1GC                                  = true                                      {product} {ergonomic}
     bool UseNUMA                                  = false                                     {product} {ergonomic}
     bool UseNUMAInterleaving                      = false                                     {product} {ergonomic}

Logging:
Log output configuration:
 #0: stdout all=warning uptime,level,tags
 #1: stderr all=off uptime,level,tags

Environment Variables:
PATH=/opt/homebrew/bin:/opt/homebrew/sbin:/usr/local/bin:/usr/bin:/bin:/usr/sbin:/sbin:/Library/Apple/usr/bin
SHELL=/bin/zsh
LC_CTYPE=en_GB.UTF-8

Signal Handlers:
   SIGSEGV: _ZL13crash_handleriP9__siginfoPv in libjvm.dylib, mask=11100110000111110111111111111111, flags=SA_RESTART|SA_SIGINFO
    SIGBUS: _ZL13crash_handleriP9__siginfoPv in libjvm.dylib, mask=11100110000111110111111111111111, flags=SA_RESTART|SA_SIGINFO
    SIGFPE: _ZL13crash_handleriP9__siginfoPv in libjvm.dylib, mask=11100110000111110111111111111111, flags=SA_RESTART|SA_SIGINFO
   SIGPIPE: _ZL17javaSignalHandleriP9__siginfoPv in libjvm.dylib, mask=11100110000111110111111111111111, flags=SA_RESTART|SA_SIGINFO
   SIGXFSZ: _ZL17javaSignalHandleriP9__siginfoPv in libjvm.dylib, mask=11100110000111110111111111111111, flags=SA_RESTART|SA_SIGINFO
    SIGILL: _ZL13crash_handleriP9__siginfoPv in libjvm.dylib, mask=11100110000111110111111111111111, flags=SA_RESTART|SA_SIGINFO
   SIGUSR2: _ZL10SR_handleriP9__siginfoP17__darwin_ucontext in libjvm.dylib, mask=00100000000000000000000000000000, flags=SA_RESTART|SA_SIGINFO
    SIGHUP: _ZL11UserHandleriPvS_ in libjvm.dylib, mask=11100110000111110111111111111111, flags=SA_RESTART|SA_SIGINFO
    SIGINT: _ZL11UserHandleriPvS_ in libjvm.dylib, mask=11100110000111110111111111111111, flags=SA_RESTART|SA_SIGINFO
   SIGTERM: _ZL11UserHandleriPvS_ in libjvm.dylib, mask=11100110000111110111111111111111, flags=SA_RESTART|SA_SIGINFO
   SIGQUIT: _ZL11UserHandleriPvS_ in libjvm.dylib, mask=11100110000111110111111111111111, flags=SA_RESTART|SA_SIGINFO
   SIGTRAP: _ZL13crash_handleriP9__siginfoPv in libjvm.dylib, mask=11100110000111110111111111111111, flags=SA_RESTART|SA_SIGINFO


---------------  S Y S T E M  ---------------

OS:
uname: Darwin 21.2.0 Darwin Kernel Version 21.2.0: Sun Nov 28 20:29:10 PST 2021; root:xnu-8019.61.5~1/RELEASE_ARM64_T8101 arm64
OS uptime: 0 days 14:23 hours
rlimit (soft/hard): STACK 8176k/65520k , CORE 0k/infinity , NPROC 1333/2000 , NOFILE 10240/infinity , AS infinity/infinity , CPU infinity/infinity , DATA infinity/infinity , FSIZE infinity/infinity , MEMLOCK infinity/infinity , RSS infinity/infinity
load average: 1.31 1.65 1.70

CPU: total 8 (initial active 8) 0x61:0x0:0x1b588bb3:0, fp, simd, crc, lse

Memory: 16k page, physical 8388608k(81664k free), swap 1048576k(1038336k free)

vm_info: OpenJDK 64-Bit Server VM (17.0.1+12-39) for bsd-aarch64 JRE (17.0.1+12-39), built on Sep 27 2021 17:36:05 by "mach5one" with clang Apple LLVM 12.0.0 (clang-1200.0.32.29)

END.
